#
# There is insufficient memory for the Java Runtime Environment to continue.
# Native memory allocation (mmap) failed to map 246415360 bytes for Failed to commit area from 0x00000000b6900000 to 0x00000000c5400000 of length 246415360.
# Possible reasons:
#   The system is out of physical RAM or swap space
#   The process is running with CompressedOops enabled, and the Java Heap may be blocking the growth of the native heap
# Possible solutions:
#   Reduce memory load on the system
#   Increase physical memory or swap space
#   Check if swap backing store is full
#   Decrease Java heap size (-Xmx/-Xms)
#   Decrease number of Java threads
#   Decrease Java thread stack sizes (-Xss)
#   Set larger code cache with -XX:ReservedCodeCacheSize=
#   JVM is running with Unscaled Compressed Oops mode in which the Java heap is
#     placed in the first 4GB address space. The Java Heap base address is the
#     maximum limit for the native heap growth. Please use -XX:HeapBaseMinAddress
#     to set the Java Heap base and to place the Java Heap above 4GB virtual address.
# This output file may be truncated or incomplete.
#
#  Out of Memory Error (./src/hotspot/os/windows/os_windows.cpp:3301), pid=3852, tid=2044
#
# JRE version: OpenJDK Runtime Environment (11.0.10) (build 11.0.10+0-b96-7249189)
# Java VM: OpenJDK 64-Bit Server VM (11.0.10+0-b96-7249189, mixed mode, tiered, compressed oops, g1 gc, windows-amd64)
# No core dump will be written. Minidumps are not enabled by default on client versions of Windows
#

---------------  S U M M A R Y ------------

Command Line: --add-opens=java.base/java.util=ALL-UNNAMED --add-opens=java.base/java.lang=ALL-UNNAMED --add-opens=java.base/java.lang.invoke=ALL-UNNAMED --add-opens=java.base/java.util=ALL-UNNAMED --add-opens=java.prefs/java.util.prefs=ALL-UNNAMED --add-opens=java.prefs/java.util.prefs=ALL-UNNAMED --add-opens=java.base/java.nio.charset=ALL-UNNAMED --add-opens=java.base/java.net=ALL-UNNAMED --add-opens=java.base/java.util.concurrent.atomic=ALL-UNNAMED -Xmx1536m -Dfile.encoding=windows-1252 -Duser.country=US -Duser.language=en -Duser.variant org.gradle.launcher.daemon.bootstrap.GradleDaemon 7.0.2

Host: Intel(R) Core(TM) i3-4010U CPU @ 1.70GHz, 4 cores, 3G,  Windows 8.1 , 64 bit Build 9600 (6.3.9600.20172)
Time: Mon Jan 10 17:29:50 2022 Pakistan Standard Time elapsed time: 55.651353 seconds (0d 0h 0m 55s)

---------------  T H R E A D  ---------------

Current thread (0x000000ead0156000):  VMThread "VM Thread" [stack: 0x000000ead09c0000,0x000000ead0ac0000] [id=2044]

Stack: [0x000000ead09c0000,0x000000ead0ac0000]
[error occurred during error reporting (printing stack bounds), id 0xc0000005, EXCEPTION_ACCESS_VIOLATION (0xc0000005) at pc=0x000000eabae80f2d]

Native frames: (J=compiled Java code, j=interpreted, Vv=VM code, C=native code)
V  [jvm.dll+0x5ecfaa]
V  [jvm.dll+0x722bd5]
V  [jvm.dll+0x72412d]
V  [jvm.dll+0x724745]
V  [jvm.dll+0x7246fb]
V  [jvm.dll+0x5ec348]
V  [jvm.dll+0x5ecad8]
C  [ntdll.dll+0x92f2d]
C  [ntdll.dll+0x54547]
C  [ntdll.dll+0x920ba]
C  0x000000eabae80f2d

VM_Operation (0x000000eadbd09010): G1CollectForAllocation, mode: safepoint, requested by thread 0x000000ead2e05800


---------------  P R O C E S S  ---------------

Threads class SMR info:
_java_thread_list=0x000000ead86d6c70, length=51, elements={
0x000000eab73c3800, 0x000000ead017b800, 0x000000ead017c000, 0x000000ead0194000,
0x000000ead0194800, 0x000000ead0195800, 0x000000ead0196800, 0x000000ead01a1000,
0x000000ead01b3000, 0x000000ead0f3e000, 0x000000ead336e800, 0x000000ead5117800,
0x000000ead26b6000, 0x000000ead426b800, 0x000000ead426c000, 0x000000ead28c0000,
0x000000ead1a6b800, 0x000000ead1a6c000, 0x000000ead2b44800, 0x000000ead2b43000,
0x000000ead2b44000, 0x000000ead2b42000, 0x000000ead2b46800, 0x000000ead2b45800,
0x000000ead2b48000, 0x000000ead2b49000, 0x000000ead2b47000, 0x000000ead2dfb000,
0x000000ead2dfa000, 0x000000ead2df9000, 0x000000ead2dff000, 0x000000ead2dfe000,
0x000000ead2dfc800, 0x000000ead2e03000, 0x000000ead2e00800, 0x000000ead2e01800,
0x000000ead2e04800, 0x000000ead2e04000, 0x000000ead2e07000, 0x000000ead2e05800,
0x000000ead2e08000, 0x000000ead5423800, 0x000000ead5426000, 0x000000ead5425000,
0x000000ead5427000, 0x000000ead542b000, 0x000000ead542a000, 0x000000ead5429800,
0x000000ead5428800, 0x000000ead542c000, 0x000000ead542d800
}

Java Threads: ( => current thread )
  0x000000eab73c3800 JavaThread "main" [_thread_blocked, id=280, stack(0x000000eab6a70000,0x000000eab6b70000)]
  0x000000ead017b800 JavaThread "Reference Handler" daemon [_thread_blocked, id=4084, stack(0x000000ead0ac0000,0x000000ead0bc0000)]
  0x000000ead017c000 JavaThread "Finalizer" daemon [_thread_blocked, id=4676, stack(0x000000ead0bc0000,0x000000ead0cc0000)]
  0x000000ead0194000 JavaThread "Signal Dispatcher" daemon [_thread_blocked, id=5348, stack(0x000000ead11a0000,0x000000ead12a0000)]
  0x000000ead0194800 JavaThread "Attach Listener" daemon [_thread_blocked, id=3836, stack(0x000000ead12a0000,0x000000ead13a0000)]
  0x000000ead0195800 JavaThread "Service Thread" daemon [_thread_blocked, id=3024, stack(0x000000ead13a0000,0x000000ead14a0000)]
  0x000000ead0196800 JavaThread "C2 CompilerThread0" daemon [_thread_blocked, id=2876, stack(0x000000ead14a0000,0x000000ead15a0000)]
  0x000000ead01a1000 JavaThread "C1 CompilerThread0" daemon [_thread_blocked, id=5500, stack(0x000000ead15a0000,0x000000ead16a0000)]
  0x000000ead01b3000 JavaThread "Sweeper thread" daemon [_thread_blocked, id=2284, stack(0x000000ead16a0000,0x000000ead17a0000)]
  0x000000ead0f3e000 JavaThread "Common-Cleaner" daemon [_thread_blocked, id=104, stack(0x000000ead17a0000,0x000000ead18a0000)]
  0x000000ead336e800 JavaThread "Daemon health stats" [_thread_blocked, id=3704, stack(0x000000ead48f0000,0x000000ead49f0000)]
  0x000000ead5117800 JavaThread "Incoming local TCP Connector on port 63110" [_thread_in_native, id=5796, stack(0x000000ead4740000,0x000000ead4840000)]
  0x000000ead26b6000 JavaThread "Daemon periodic checks" [_thread_blocked, id=3788, stack(0x000000ead60e0000,0x000000ead61e0000)]
  0x000000ead426b800 JavaThread "Daemon" [_thread_blocked, id=2196, stack(0x000000ead63e0000,0x000000ead64e0000)]
  0x000000ead426c000 JavaThread "Handler for socket connection from /127.0.0.1:63110 to /127.0.0.1:63111" [_thread_in_native, id=5076, stack(0x000000ead64e0000,0x000000ead65e0000)]
  0x000000ead28c0000 JavaThread "Cancel handler" [_thread_blocked, id=5392, stack(0x000000ead65e0000,0x000000ead66e0000)]
  0x000000ead1a6b800 JavaThread "Daemon worker" [_thread_blocked, id=4560, stack(0x000000ead66e0000,0x000000ead67e0000)]
  0x000000ead1a6c000 JavaThread "Asynchronous log dispatcher for DefaultDaemonConnection: socket connection from /127.0.0.1:63110 to /127.0.0.1:63111" [_thread_blocked, id=2068, stack(0x000000ead67e0000,0x000000ead68e0000)]
  0x000000ead2b44800 JavaThread "Stdin handler" [_thread_blocked, id=5700, stack(0x000000ead68e0000,0x000000ead69e0000)]
  0x000000ead2b43000 JavaThread "Daemon client event forwarder" [_thread_blocked, id=5628, stack(0x000000ead6ae0000,0x000000ead6be0000)]
  0x000000ead2b44000 JavaThread "Cache worker for file hash cache (C:\Users\Design Studio\.gradle\caches\7.0.2\fileHashes)" [_thread_blocked, id=3124, stack(0x000000ead6fe0000,0x000000ead70e0000)]
  0x000000ead2b42000 JavaThread "File lock request listener" [_thread_in_native, id=4824, stack(0x000000ead70e0000,0x000000ead71e0000)]
  0x000000ead2b46800 JavaThread "Cache worker for journal cache (C:\Users\Design Studio\.gradle\caches\journal-1)" [_thread_blocked, id=4852, stack(0x000000ead73e0000,0x000000ead74e0000)]
  0x000000ead2b45800 JavaThread "Cache worker for file hash cache (C:\Users\Design Studio\Desktop\PhotosRecoverCodester\.gradle\7.0.2\fileHashes)" [_thread_blocked, id=4052, stack(0x000000ead74e0000,0x000000ead75e0000)]
  0x000000ead2b48000 JavaThread "File watcher server" daemon [_thread_blocked, id=1364, stack(0x000000ead75e0000,0x000000ead76e0000)]
  0x000000ead2b49000 JavaThread "File watcher consumer" daemon [_thread_blocked, id=5512, stack(0x000000ead79a0000,0x000000ead7aa0000)]
  0x000000ead2b47000 JavaThread "Cache worker for checksums cache (C:\Users\Design Studio\Desktop\PhotosRecoverCodester\.gradle\checksums)" [_thread_blocked, id=1684, stack(0x000000ead7ca0000,0x000000ead7da0000)]
  0x000000ead2dfb000 JavaThread "Cache worker for cache directory md-supplier (C:\Users\Design Studio\.gradle\caches\7.0.2\md-supplier)" [_thread_blocked, id=3760, stack(0x000000ead8d70000,0x000000ead8e70000)]
  0x000000ead2dfa000 JavaThread "Cache worker for cache directory md-rule (C:\Users\Design Studio\.gradle\caches\7.0.2\md-rule)" [_thread_blocked, id=5920, stack(0x000000ead9170000,0x000000ead9270000)]
  0x000000ead2df9000 JavaThread "Cache worker for execution history cache (C:\Users\Design Studio\.gradle\caches\7.0.2\executionHistory)" [_thread_blocked, id=5736, stack(0x000000ead8e70000,0x000000ead8f70000)]
  0x000000ead2dff000 JavaThread "jar transforms" [_thread_blocked, id=3200, stack(0x000000ead9750000,0x000000ead9850000)]
  0x000000ead2dfe000 JavaThread "jar transforms Thread 2" [_thread_blocked, id=1872, stack(0x000000eadaca0000,0x000000eadada0000)]
  0x000000ead2dfc800 JavaThread "Cache worker for file content cache (C:\Users\Design Studio\.gradle\caches\7.0.2\fileContent)" [_thread_blocked, id=2644, stack(0x000000eadb010000,0x000000eadb110000)]
  0x000000ead2e03000 JavaThread "Cache worker for dependencies-accessors (C:\Users\Design Studio\Desktop\PhotosRecoverCodester\.gradle\7.0.2\dependencies-accessors)" [_thread_blocked, id=5412, stack(0x000000eadaf00000,0x000000eadb000000)]
  0x000000ead2e00800 JavaThread "jar transforms Thread 3" [_thread_blocked, id=5432, stack(0x000000eadada0000,0x000000eadaea0000)]
  0x000000ead2e01800 JavaThread "Cache worker for Build Output Cleanup Cache (C:\Users\Design Studio\Desktop\PhotosRecoverCodester\.gradle\buildOutputCleanup)" [_thread_blocked, id=3552, stack(0x000000eadb710000,0x000000eadb810000)]
  0x000000ead2e04800 JavaThread "Build operations" [_thread_blocked, id=5972, stack(0x000000ead21a0000,0x000000ead22a0000)]
  0x000000ead2e04000 JavaThread "Build operations Thread 2" [_thread_blocked, id=476, stack(0x000000eadba10000,0x000000eadbb10000)]
  0x000000ead2e07000 JavaThread "Build operations Thread 3" [_thread_blocked, id=4008, stack(0x000000eadbb10000,0x000000eadbc10000)]
  0x000000ead2e05800 JavaThread "Build operations Thread 4" [_thread_blocked, id=4368, stack(0x000000eadbc10000,0x000000eadbd10000)]
  0x000000ead2e08000 JavaThread "jar transforms Thread 4" [_thread_blocked, id=5980, stack(0x000000eadbe10000,0x000000eadbf10000)]
  0x000000ead5423800 JavaThread "Memory manager" [_thread_blocked, id=5812, stack(0x000000eadc990000,0x000000eadca90000)]
  0x000000ead5426000 JavaThread "build event listener" [_thread_blocked, id=2272, stack(0x000000eadead0000,0x000000eadebd0000)]
  0x000000ead5425000 JavaThread "Execution worker for ':'" [_thread_blocked, id=3240, stack(0x000000eadebd0000,0x000000eadecd0000)]
  0x000000ead5427000 JavaThread "Execution worker for ':' Thread 2" [_thread_blocked, id=4340, stack(0x000000eadecd0000,0x000000eadedd0000)]
  0x000000ead542b000 JavaThread "Execution worker for ':' Thread 3" [_thread_blocked, id=3944, stack(0x000000eadedd0000,0x000000eadeed0000)]
  0x000000ead542a000 JavaThread "Cache worker for execution history cache (C:\Users\Design Studio\Desktop\PhotosRecoverCodester\.gradle\7.0.2\executionHistory)" [_thread_blocked, id=2200, stack(0x000000eadeed0000,0x000000eadefd0000)]
  0x000000ead5429800 JavaThread "WorkerExecutor Queue" [_thread_blocked, id=3864, stack(0x000000eadbd10000,0x000000eadbe10000)]
  0x000000ead5428800 JavaThread "WorkerExecutor Queue Thread 2" [_thread_blocked, id=5624, stack(0x000000eadf1d0000,0x000000eadf2d0000)]
  0x000000ead542c000 JavaThread "WorkerExecutor Queue Thread 3" [_thread_blocked, id=3440, stack(0x000000eadf7d0000,0x000000eadf8d0000)]
  0x000000ead542d800 JavaThread "WorkerExecutor Queue Thread 4" [_thread_blocked, id=2756, stack(0x000000eadfb70000,0x000000eadfc70000)]

Other Threads:
=>0x000000ead0156000 VMThread "VM Thread" [stack: 0x000000ead09c0000,0x000000ead0ac0000] [id=2044]
  0x000000ead0f5c000 WatcherThread [stack: 0x000000ead18a0000,0x000000ead19a0000] [id=5504]
  0x000000eab73dc000 GCTaskThread "GC Thread#0" [stack: 0x000000eab6d80000,0x000000eab6e80000] [id=5420]
  0x000000ead1b3e800 GCTaskThread "GC Thread#1" [stack: 0x000000ead22a0000,0x000000ead23a0000] [id=5576]
  0x000000ead39b3800 GCTaskThread "GC Thread#2" [stack: 0x000000ead6be0000,0x000000ead6ce0000] [id=1748]
  0x000000ead26e1800 GCTaskThread "GC Thread#3" [stack: 0x000000ead6ce0000,0x000000ead6de0000] [id=5164]
  0x000000eab7402800 ConcurrentGCThread "G1 Main Marker" [stack: 0x000000eacd780000,0x000000eacd880000] [id=4488]
  0x000000eab7405000 ConcurrentGCThread "G1 Conc#0" [stack: 0x000000eacd880000,0x000000eacd980000] [id=5716]
  0x000000eab7464000 ConcurrentGCThread "G1 Refine#0" [stack: 0x000000eacfdc0000,0x000000eacfec0000] [id=3508]
  0x000000eab7467000 ConcurrentGCThread "G1 Young RemSet Sampling" [stack: 0x000000eacfec0000,0x000000eacffc0000] [id=5988]

Threads with active compile tasks:
C2 CompilerThread0  55676 16321       4       com.android.tools.r8.internal.Ne::G (324 bytes)

VM state:at safepoint (normal execution)

VM Mutex/Monitor currently owned by a thread:  ([mutex/lock_event])
[0x000000eab73c27f0] Threads_lock - owner thread: 0x000000ead0156000
[0x000000eab73c2250] Heap_lock - owner thread: 0x000000ead2e05800

Heap address: 0x00000000a0000000, size: 1536 MB, Compressed Oops mode: 32-bit
Narrow klass base: 0x0000000000000000, Narrow klass shift: 3
Compressed class space size: 1073741824 Address: 0x0000000100000000

Heap:
 garbage-first heap   total 610304K, used 158323K [0x00000000a0000000, 0x0000000100000000)
  region size 1024K, 10 young (10240K), 10 survivors (10240K)
 Metaspace       used 102682K, capacity 105470K, committed 105628K, reserved 1140736K
  class space    used 13000K, capacity 14067K, committed 14156K, reserved 1048576K
Heap Regions: E=young(eden), S=young(survivor), O=old, HS=humongous(starts), HC=humongous(continues), CS=collection set, F=free, A=archive, TAMS=top-at-mark-start (previous, next)
|   0|0x00000000a0000000, 0x00000000a0100000, 0x00000000a0100000|100%|HS|  |TAMS 0x00000000a0100000, 0x00000000a0000000| Complete 
|   1|0x00000000a0100000, 0x00000000a0200000, 0x00000000a0200000|100%|HC|  |TAMS 0x00000000a0200000, 0x00000000a0100000| Complete 
|   2|0x00000000a0200000, 0x00000000a0300000, 0x00000000a0300000|100%|HC|  |TAMS 0x00000000a0300000, 0x00000000a0200000| Complete 
|   3|0x00000000a0300000, 0x00000000a0400000, 0x00000000a0400000|100%| O|  |TAMS 0x00000000a0400000, 0x00000000a0300000| Untracked 
|   4|0x00000000a0400000, 0x00000000a0500000, 0x00000000a0500000|100%| O|  |TAMS 0x00000000a0500000, 0x00000000a0400000| Untracked 
|   5|0x00000000a0500000, 0x00000000a0600000, 0x00000000a0600000|100%| O|  |TAMS 0x00000000a0600000, 0x00000000a0500000| Untracked 
|   6|0x00000000a0600000, 0x00000000a0700000, 0x00000000a0700000|100%| O|  |TAMS 0x00000000a0700000, 0x00000000a0600000| Untracked 
|   7|0x00000000a0700000, 0x00000000a0800000, 0x00000000a0800000|100%| O|  |TAMS 0x00000000a0800000, 0x00000000a0700000| Untracked 
|   8|0x00000000a0800000, 0x00000000a0900000, 0x00000000a0900000|100%| O|  |TAMS 0x00000000a0900000, 0x00000000a0800000| Untracked 
|   9|0x00000000a0900000, 0x00000000a0a00000, 0x00000000a0a00000|100%| O|  |TAMS 0x00000000a0a00000, 0x00000000a0900000| Untracked 
|  10|0x00000000a0a00000, 0x00000000a0b00000, 0x00000000a0b00000|100%| O|  |TAMS 0x00000000a0b00000, 0x00000000a0a00000| Untracked 
|  11|0x00000000a0b00000, 0x00000000a0c00000, 0x00000000a0c00000|100%| O|  |TAMS 0x00000000a0c00000, 0x00000000a0b00000| Untracked 
|  12|0x00000000a0c00000, 0x00000000a0d00000, 0x00000000a0d00000|100%| O|  |TAMS 0x00000000a0d00000, 0x00000000a0c00000| Untracked 
|  13|0x00000000a0d00000, 0x00000000a0e00000, 0x00000000a0e00000|100%| O|  |TAMS 0x00000000a0e00000, 0x00000000a0d00000| Untracked 
|  14|0x00000000a0e00000, 0x00000000a0f00000, 0x00000000a0f00000|100%| O|  |TAMS 0x00000000a0f00000, 0x00000000a0e00000| Untracked 
|  15|0x00000000a0f00000, 0x00000000a1000000, 0x00000000a1000000|100%| O|  |TAMS 0x00000000a1000000, 0x00000000a0f00000| Untracked 
|  16|0x00000000a1000000, 0x00000000a1100000, 0x00000000a1100000|100%| O|  |TAMS 0x00000000a1100000, 0x00000000a1000000| Untracked 
|  17|0x00000000a1100000, 0x00000000a1200000, 0x00000000a1200000|100%| O|  |TAMS 0x00000000a1200000, 0x00000000a1100000| Untracked 
|  18|0x00000000a1200000, 0x00000000a1300000, 0x00000000a1300000|100%| O|  |TAMS 0x00000000a1300000, 0x00000000a1200000| Untracked 
|  19|0x00000000a1300000, 0x00000000a1400000, 0x00000000a1400000|100%| O|  |TAMS 0x00000000a1400000, 0x00000000a1300000| Untracked 
|  20|0x00000000a1400000, 0x00000000a1500000, 0x00000000a1500000|100%| O|  |TAMS 0x00000000a1500000, 0x00000000a1400000| Untracked 
|  21|0x00000000a1500000, 0x00000000a1600000, 0x00000000a1600000|100%| O|  |TAMS 0x00000000a1600000, 0x00000000a1500000| Untracked 
|  22|0x00000000a1600000, 0x00000000a1700000, 0x00000000a1700000|100%| O|  |TAMS 0x00000000a1700000, 0x00000000a1600000| Untracked 
|  23|0x00000000a1700000, 0x00000000a1800000, 0x00000000a1800000|100%| O|  |TAMS 0x00000000a1800000, 0x00000000a1700000| Untracked 
|  24|0x00000000a1800000, 0x00000000a1900000, 0x00000000a1900000|100%| O|  |TAMS 0x00000000a1900000, 0x00000000a1800000| Untracked 
|  25|0x00000000a1900000, 0x00000000a1a00000, 0x00000000a1a00000|100%| O|  |TAMS 0x00000000a1a00000, 0x00000000a1900000| Untracked 
|  26|0x00000000a1a00000, 0x00000000a1b00000, 0x00000000a1b00000|100%| O|  |TAMS 0x00000000a1b00000, 0x00000000a1a00000| Untracked 
|  27|0x00000000a1b00000, 0x00000000a1c00000, 0x00000000a1c00000|100%|HS|  |TAMS 0x00000000a1c00000, 0x00000000a1b00000| Complete 
|  28|0x00000000a1c00000, 0x00000000a1d00000, 0x00000000a1d00000|100%|HS|  |TAMS 0x00000000a1d00000, 0x00000000a1c00000| Complete 
|  29|0x00000000a1d00000, 0x00000000a1e00000, 0x00000000a1e00000|100%|HS|  |TAMS 0x00000000a1e00000, 0x00000000a1d00000| Complete 
|  30|0x00000000a1e00000, 0x00000000a1f00000, 0x00000000a1f00000|100%|HC|  |TAMS 0x00000000a1f00000, 0x00000000a1e00000| Complete 
|  31|0x00000000a1f00000, 0x00000000a2000000, 0x00000000a2000000|100%| O|  |TAMS 0x00000000a2000000, 0x00000000a1f00000| Untracked 
|  32|0x00000000a2000000, 0x00000000a2100000, 0x00000000a2100000|100%| O|  |TAMS 0x00000000a2100000, 0x00000000a2000000| Untracked 
|  33|0x00000000a2100000, 0x00000000a2200000, 0x00000000a2200000|100%| O|  |TAMS 0x00000000a2200000, 0x00000000a2100000| Untracked 
|  34|0x00000000a2200000, 0x00000000a2300000, 0x00000000a2300000|100%| O|  |TAMS 0x00000000a2300000, 0x00000000a2200000| Untracked 
|  35|0x00000000a2300000, 0x00000000a2400000, 0x00000000a2400000|100%| O|  |TAMS 0x00000000a2400000, 0x00000000a2300000| Untracked 
|  36|0x00000000a2400000, 0x00000000a2500000, 0x00000000a2500000|100%| O|  |TAMS 0x00000000a2500000, 0x00000000a2400000| Untracked 
|  37|0x00000000a2500000, 0x00000000a2600000, 0x00000000a2600000|100%| O|  |TAMS 0x00000000a2600000, 0x00000000a2500000| Untracked 
|  38|0x00000000a2600000, 0x00000000a2700000, 0x00000000a2700000|100%| O|  |TAMS 0x00000000a2700000, 0x00000000a2600000| Untracked 
|  39|0x00000000a2700000, 0x00000000a2800000, 0x00000000a2800000|100%| O|  |TAMS 0x00000000a2800000, 0x00000000a2700000| Untracked 
|  40|0x00000000a2800000, 0x00000000a2900000, 0x00000000a2900000|100%| O|  |TAMS 0x00000000a2900000, 0x00000000a2800000| Untracked 
|  41|0x00000000a2900000, 0x00000000a2a00000, 0x00000000a2a00000|100%| O|  |TAMS 0x00000000a2a00000, 0x00000000a2900000| Untracked 
|  42|0x00000000a2a00000, 0x00000000a2b00000, 0x00000000a2b00000|100%| O|  |TAMS 0x00000000a2b00000, 0x00000000a2a00000| Untracked 
|  43|0x00000000a2b00000, 0x00000000a2c00000, 0x00000000a2c00000|100%| O|  |TAMS 0x00000000a2c00000, 0x00000000a2b00000| Untracked 
|  44|0x00000000a2c00000, 0x00000000a2d00000, 0x00000000a2d00000|100%| O|  |TAMS 0x00000000a2d00000, 0x00000000a2c00000| Untracked 
|  45|0x00000000a2d00000, 0x00000000a2e00000, 0x00000000a2e00000|100%| O|  |TAMS 0x00000000a2e00000, 0x00000000a2d00000| Untracked 
|  46|0x00000000a2e00000, 0x00000000a2f00000, 0x00000000a2f00000|100%| O|  |TAMS 0x00000000a2f00000, 0x00000000a2e00000| Untracked 
|  47|0x00000000a2f00000, 0x00000000a3000000, 0x00000000a3000000|100%| O|  |TAMS 0x00000000a3000000, 0x00000000a2f00000| Untracked 
|  48|0x00000000a3000000, 0x00000000a3100000, 0x00000000a3100000|100%| O|  |TAMS 0x00000000a3100000, 0x00000000a3000000| Untracked 
|  49|0x00000000a3100000, 0x00000000a3200000, 0x00000000a3200000|100%| O|  |TAMS 0x00000000a3200000, 0x00000000a3100000| Untracked 
|  50|0x00000000a3200000, 0x00000000a3300000, 0x00000000a3300000|100%| O|  |TAMS 0x00000000a3300000, 0x00000000a3200000| Untracked 
|  51|0x00000000a3300000, 0x00000000a3400000, 0x00000000a3400000|100%| O|  |TAMS 0x00000000a3400000, 0x00000000a3300000| Untracked 
|  52|0x00000000a3400000, 0x00000000a3500000, 0x00000000a3500000|100%| O|  |TAMS 0x00000000a3500000, 0x00000000a3400000| Untracked 
|  53|0x00000000a3500000, 0x00000000a3600000, 0x00000000a3600000|100%| O|  |TAMS 0x00000000a3600000, 0x00000000a3500000| Untracked 
|  54|0x00000000a3600000, 0x00000000a3700000, 0x00000000a3700000|100%| O|  |TAMS 0x00000000a3700000, 0x00000000a3600000| Untracked 
|  55|0x00000000a3700000, 0x00000000a3800000, 0x00000000a3800000|100%| O|  |TAMS 0x00000000a3800000, 0x00000000a3700000| Untracked 
|  56|0x00000000a3800000, 0x00000000a3900000, 0x00000000a3900000|100%| O|  |TAMS 0x00000000a3900000, 0x00000000a3800000| Untracked 
|  57|0x00000000a3900000, 0x00000000a3a00000, 0x00000000a3a00000|100%| O|  |TAMS 0x00000000a3a00000, 0x00000000a3900000| Untracked 
|  58|0x00000000a3a00000, 0x00000000a3b00000, 0x00000000a3b00000|100%| O|  |TAMS 0x00000000a3b00000, 0x00000000a3a00000| Untracked 
|  59|0x00000000a3b00000, 0x00000000a3c00000, 0x00000000a3c00000|100%| O|  |TAMS 0x00000000a3c00000, 0x00000000a3b00000| Untracked 
|  60|0x00000000a3c00000, 0x00000000a3d00000, 0x00000000a3d00000|100%| O|  |TAMS 0x00000000a3d00000, 0x00000000a3c00000| Untracked 
|  61|0x00000000a3d00000, 0x00000000a3e00000, 0x00000000a3e00000|100%| O|  |TAMS 0x00000000a3e00000, 0x00000000a3d00000| Untracked 
|  62|0x00000000a3e00000, 0x00000000a3f00000, 0x00000000a3f00000|100%| O|  |TAMS 0x00000000a3f00000, 0x00000000a3e00000| Untracked 
|  63|0x00000000a3f00000, 0x00000000a4000000, 0x00000000a4000000|100%| O|  |TAMS 0x00000000a4000000, 0x00000000a3f00000| Untracked 
|  64|0x00000000a4000000, 0x00000000a4100000, 0x00000000a4100000|100%| O|  |TAMS 0x00000000a4100000, 0x00000000a4000000| Untracked 
|  65|0x00000000a4100000, 0x00000000a4200000, 0x00000000a4200000|100%| O|  |TAMS 0x00000000a4200000, 0x00000000a4100000| Untracked 
|  66|0x00000000a4200000, 0x00000000a4300000, 0x00000000a4300000|100%| O|  |TAMS 0x00000000a4300000, 0x00000000a4200000| Untracked 
|  67|0x00000000a4300000, 0x00000000a4400000, 0x00000000a4400000|100%| O|  |TAMS 0x00000000a4400000, 0x00000000a4300000| Untracked 
|  68|0x00000000a4400000, 0x00000000a4500000, 0x00000000a4500000|100%| O|  |TAMS 0x00000000a4500000, 0x00000000a4400000| Untracked 
|  69|0x00000000a4500000, 0x00000000a4600000, 0x00000000a4600000|100%| O|  |TAMS 0x00000000a4600000, 0x00000000a4500000| Untracked 
|  70|0x00000000a4600000, 0x00000000a4700000, 0x00000000a4700000|100%| O|  |TAMS 0x00000000a4700000, 0x00000000a4600000| Untracked 
|  71|0x00000000a4700000, 0x00000000a4800000, 0x00000000a4800000|100%| O|  |TAMS 0x00000000a4800000, 0x00000000a4700000| Untracked 
|  72|0x00000000a4800000, 0x00000000a4900000, 0x00000000a4900000|100%| O|  |TAMS 0x00000000a4900000, 0x00000000a4800000| Untracked 
|  73|0x00000000a4900000, 0x00000000a4a00000, 0x00000000a4a00000|100%| O|  |TAMS 0x00000000a4a00000, 0x00000000a4900000| Untracked 
|  74|0x00000000a4a00000, 0x00000000a4b00000, 0x00000000a4b00000|100%| O|  |TAMS 0x00000000a4b00000, 0x00000000a4a00000| Untracked 
|  75|0x00000000a4b00000, 0x00000000a4c00000, 0x00000000a4c00000|100%|HS|  |TAMS 0x00000000a4c00000, 0x00000000a4b00000| Complete 
|  76|0x00000000a4c00000, 0x00000000a4d00000, 0x00000000a4d00000|100%|HC|  |TAMS 0x00000000a4d00000, 0x00000000a4c00000| Complete 
|  77|0x00000000a4d00000, 0x00000000a4e00000, 0x00000000a4e00000|100%| O|  |TAMS 0x00000000a4e00000, 0x00000000a4d00000| Untracked 
|  78|0x00000000a4e00000, 0x00000000a4f00000, 0x00000000a4f00000|100%| O|  |TAMS 0x00000000a4f00000, 0x00000000a4e00000| Untracked 
|  79|0x00000000a4f00000, 0x00000000a5000000, 0x00000000a5000000|100%| O|  |TAMS 0x00000000a5000000, 0x00000000a4f00000| Untracked 
|  80|0x00000000a5000000, 0x00000000a5100000, 0x00000000a5100000|100%| O|  |TAMS 0x00000000a5100000, 0x00000000a5000000| Untracked 
|  81|0x00000000a5100000, 0x00000000a5200000, 0x00000000a5200000|100%| O|  |TAMS 0x00000000a5200000, 0x00000000a5100000| Untracked 
|  82|0x00000000a5200000, 0x00000000a5300000, 0x00000000a5300000|100%| O|  |TAMS 0x00000000a5300000, 0x00000000a5200000| Untracked 
|  83|0x00000000a5300000, 0x00000000a5400000, 0x00000000a5400000|100%| O|  |TAMS 0x00000000a5400000, 0x00000000a5300000| Untracked 
|  84|0x00000000a5400000, 0x00000000a5500000, 0x00000000a5500000|100%| O|  |TAMS 0x00000000a5500000, 0x00000000a5400000| Untracked 
|  85|0x00000000a5500000, 0x00000000a5600000, 0x00000000a5600000|100%| O|  |TAMS 0x00000000a5600000, 0x00000000a5500000| Untracked 
|  86|0x00000000a5600000, 0x00000000a5700000, 0x00000000a5700000|100%| O|  |TAMS 0x00000000a5700000, 0x00000000a5600000| Untracked 
|  87|0x00000000a5700000, 0x00000000a5800000, 0x00000000a5800000|100%| O|  |TAMS 0x00000000a5800000, 0x00000000a5700000| Untracked 
|  88|0x00000000a5800000, 0x00000000a5900000, 0x00000000a5900000|100%| O|  |TAMS 0x00000000a5900000, 0x00000000a5800000| Untracked 
|  89|0x00000000a5900000, 0x00000000a5a00000, 0x00000000a5a00000|100%| O|  |TAMS 0x00000000a5a00000, 0x00000000a5900000| Untracked 
|  90|0x00000000a5a00000, 0x00000000a5b00000, 0x00000000a5b00000|100%| O|  |TAMS 0x00000000a5b00000, 0x00000000a5a00000| Untracked 
|  91|0x00000000a5b00000, 0x00000000a5c00000, 0x00000000a5c00000|100%| O|  |TAMS 0x00000000a5c00000, 0x00000000a5b00000| Untracked 
|  92|0x00000000a5c00000, 0x00000000a5d00000, 0x00000000a5d00000|100%| O|  |TAMS 0x00000000a5d00000, 0x00000000a5c00000| Untracked 
|  93|0x00000000a5d00000, 0x00000000a5e00000, 0x00000000a5e00000|100%| O|  |TAMS 0x00000000a5e00000, 0x00000000a5d00000| Untracked 
|  94|0x00000000a5e00000, 0x00000000a5f00000, 0x00000000a5f00000|100%| O|  |TAMS 0x00000000a5f00000, 0x00000000a5e00000| Untracked 
|  95|0x00000000a5f00000, 0x00000000a6000000, 0x00000000a6000000|100%| O|  |TAMS 0x00000000a6000000, 0x00000000a5f00000| Untracked 
|  96|0x00000000a6000000, 0x00000000a6100000, 0x00000000a6100000|100%| O|  |TAMS 0x00000000a6100000, 0x00000000a6000000| Untracked 
|  97|0x00000000a6100000, 0x00000000a6200000, 0x00000000a6200000|100%| O|  |TAMS 0x00000000a6200000, 0x00000000a6100000| Untracked 
|  98|0x00000000a6200000, 0x00000000a6300000, 0x00000000a6300000|100%| O|  |TAMS 0x00000000a6300000, 0x00000000a6200000| Untracked 
|  99|0x00000000a6300000, 0x00000000a6400000, 0x00000000a6400000|100%| O|  |TAMS 0x00000000a6400000, 0x00000000a6300000| Untracked 
| 100|0x00000000a6400000, 0x00000000a6500000, 0x00000000a6500000|100%| O|  |TAMS 0x00000000a6500000, 0x00000000a6400000| Untracked 
| 101|0x00000000a6500000, 0x00000000a6600000, 0x00000000a6600000|100%| O|  |TAMS 0x00000000a6600000, 0x00000000a6500000| Untracked 
| 102|0x00000000a6600000, 0x00000000a6700000, 0x00000000a6700000|100%| O|  |TAMS 0x00000000a6700000, 0x00000000a6600000| Untracked 
| 103|0x00000000a6700000, 0x00000000a6800000, 0x00000000a6800000|100%| O|  |TAMS 0x00000000a6800000, 0x00000000a6700000| Untracked 
| 104|0x00000000a6800000, 0x00000000a6900000, 0x00000000a6900000|100%| O|  |TAMS 0x00000000a6900000, 0x00000000a6800000| Untracked 
| 105|0x00000000a6900000, 0x00000000a6a00000, 0x00000000a6a00000|100%| O|  |TAMS 0x00000000a6a00000, 0x00000000a6900000| Untracked 
| 106|0x00000000a6a00000, 0x00000000a6b00000, 0x00000000a6b00000|100%| O|  |TAMS 0x00000000a6b00000, 0x00000000a6a00000| Untracked 
| 107|0x00000000a6b00000, 0x00000000a6c00000, 0x00000000a6c00000|100%| O|  |TAMS 0x00000000a6c00000, 0x00000000a6b00000| Untracked 
| 108|0x00000000a6c00000, 0x00000000a6d00000, 0x00000000a6d00000|100%| O|  |TAMS 0x00000000a6d00000, 0x00000000a6c00000| Untracked 
| 109|0x00000000a6d00000, 0x00000000a6e00000, 0x00000000a6e00000|100%| O|  |TAMS 0x00000000a6e00000, 0x00000000a6d00000| Untracked 
| 110|0x00000000a6e00000, 0x00000000a6f00000, 0x00000000a6f00000|100%| O|  |TAMS 0x00000000a6f00000, 0x00000000a6e00000| Untracked 
| 111|0x00000000a6f00000, 0x00000000a7000000, 0x00000000a7000000|100%| O|  |TAMS 0x00000000a7000000, 0x00000000a6f00000| Untracked 
| 112|0x00000000a7000000, 0x00000000a7100000, 0x00000000a7100000|100%| O|  |TAMS 0x00000000a7100000, 0x00000000a7000000| Untracked 
| 113|0x00000000a7100000, 0x00000000a7200000, 0x00000000a7200000|100%| O|  |TAMS 0x00000000a7200000, 0x00000000a7100000| Untracked 
| 114|0x00000000a7200000, 0x00000000a7300000, 0x00000000a7300000|100%| O|  |TAMS 0x00000000a72f6a00, 0x00000000a7200000| Untracked 
| 115|0x00000000a7300000, 0x00000000a7400000, 0x00000000a7400000|100%| O|  |TAMS 0x00000000a7300000, 0x00000000a7300000| Untracked 
| 116|0x00000000a7400000, 0x00000000a7500000, 0x00000000a7500000|100%| O|  |TAMS 0x00000000a7400000, 0x00000000a7400000| Untracked 
| 117|0x00000000a7500000, 0x00000000a7600000, 0x00000000a7600000|100%| O|  |TAMS 0x00000000a7500000, 0x00000000a7500000| Untracked 
| 118|0x00000000a7600000, 0x00000000a7700000, 0x00000000a7700000|100%| O|  |TAMS 0x00000000a7600000, 0x00000000a7600000| Untracked 
| 119|0x00000000a7700000, 0x00000000a7800000, 0x00000000a7800000|100%| O|  |TAMS 0x00000000a7700000, 0x00000000a7700000| Untracked 
| 120|0x00000000a7800000, 0x00000000a7900000, 0x00000000a7900000|100%| O|  |TAMS 0x00000000a7800000, 0x00000000a7800000| Untracked 
| 121|0x00000000a7900000, 0x00000000a7a00000, 0x00000000a7a00000|100%| O|  |TAMS 0x00000000a7900000, 0x00000000a7900000| Untracked 
| 122|0x00000000a7a00000, 0x00000000a7b00000, 0x00000000a7b00000|100%| O|  |TAMS 0x00000000a7a00000, 0x00000000a7a00000| Untracked 
| 123|0x00000000a7b00000, 0x00000000a7c00000, 0x00000000a7c00000|100%| O|  |TAMS 0x00000000a7b00000, 0x00000000a7b00000| Untracked 
| 124|0x00000000a7c00000, 0x00000000a7d00000, 0x00000000a7d00000|100%| O|  |TAMS 0x00000000a7c00000, 0x00000000a7c00000| Untracked 
| 125|0x00000000a7d00000, 0x00000000a7e00000, 0x00000000a7e00000|100%| O|  |TAMS 0x00000000a7d00000, 0x00000000a7d00000| Untracked 
| 126|0x00000000a7e00000, 0x00000000a7f00000, 0x00000000a7f00000|100%| O|  |TAMS 0x00000000a7e00000, 0x00000000a7e00000| Untracked 
| 127|0x00000000a7f00000, 0x00000000a8000000, 0x00000000a8000000|100%| O|  |TAMS 0x00000000a7f00000, 0x00000000a7f00000| Untracked 
| 128|0x00000000a8000000, 0x00000000a8100000, 0x00000000a8100000|100%| O|  |TAMS 0x00000000a8000000, 0x00000000a8000000| Untracked 
| 129|0x00000000a8100000, 0x00000000a8200000, 0x00000000a8200000|100%| O|  |TAMS 0x00000000a8100000, 0x00000000a8100000| Untracked 
| 130|0x00000000a8200000, 0x00000000a8300000, 0x00000000a8300000|100%| O|  |TAMS 0x00000000a8200000, 0x00000000a8200000| Untracked 
| 131|0x00000000a8300000, 0x00000000a8400000, 0x00000000a8400000|100%| O|  |TAMS 0x00000000a8300000, 0x00000000a8300000| Untracked 
| 132|0x00000000a8400000, 0x00000000a8500000, 0x00000000a8500000|100%| O|  |TAMS 0x00000000a8400000, 0x00000000a8400000| Untracked 
| 133|0x00000000a8500000, 0x00000000a8600000, 0x00000000a8600000|100%| O|  |TAMS 0x00000000a8500000, 0x00000000a8500000| Untracked 
| 134|0x00000000a8600000, 0x00000000a8700000, 0x00000000a8700000|100%| O|  |TAMS 0x00000000a8600000, 0x00000000a8600000| Untracked 
| 135|0x00000000a8700000, 0x00000000a8800000, 0x00000000a8800000|100%| O|  |TAMS 0x00000000a8700000, 0x00000000a8700000| Untracked 
| 136|0x00000000a8800000, 0x00000000a8900000, 0x00000000a8900000|100%| O|  |TAMS 0x00000000a8800000, 0x00000000a8800000| Untracked 
| 137|0x00000000a8900000, 0x00000000a8a00000, 0x00000000a8a00000|100%| O|  |TAMS 0x00000000a8900000, 0x00000000a8900000| Untracked 
| 138|0x00000000a8a00000, 0x00000000a8b00000, 0x00000000a8b00000|100%| O|  |TAMS 0x00000000a8a00000, 0x00000000a8a00000| Untracked 
| 139|0x00000000a8b00000, 0x00000000a8c00000, 0x00000000a8c00000|100%| O|  |TAMS 0x00000000a8b00000, 0x00000000a8b00000| Untracked 
| 140|0x00000000a8c00000, 0x00000000a8d00000, 0x00000000a8d00000|100%| O|  |TAMS 0x00000000a8c00000, 0x00000000a8c00000| Untracked 
| 141|0x00000000a8d00000, 0x00000000a8e00000, 0x00000000a8e00000|100%| O|  |TAMS 0x00000000a8d00000, 0x00000000a8d00000| Untracked 
| 142|0x00000000a8e00000, 0x00000000a8f00000, 0x00000000a8f00000|100%| O|  |TAMS 0x00000000a8e00000, 0x00000000a8e00000| Untracked 
| 143|0x00000000a8f00000, 0x00000000a9000000, 0x00000000a9000000|100%| O|  |TAMS 0x00000000a8f00000, 0x00000000a8f00000| Untracked 
| 144|0x00000000a9000000, 0x00000000a90ad200, 0x00000000a9100000| 67%| O|  |TAMS 0x00000000a9000000, 0x00000000a9000000| Untracked 
| 145|0x00000000a9100000, 0x00000000a9100000, 0x00000000a9200000|  0%| F|  |TAMS 0x00000000a9100000, 0x00000000a9100000| Untracked 
| 146|0x00000000a9200000, 0x00000000a9200000, 0x00000000a9300000|  0%| F|  |TAMS 0x00000000a9200000, 0x00000000a9200000| Untracked 
| 147|0x00000000a9300000, 0x00000000a9300000, 0x00000000a9400000|  0%| F|  |TAMS 0x00000000a9300000, 0x00000000a9300000| Untracked 
| 148|0x00000000a9400000, 0x00000000a9400000, 0x00000000a9500000|  0%| F|  |TAMS 0x00000000a9400000, 0x00000000a9400000| Untracked 
| 149|0x00000000a9500000, 0x00000000a9500000, 0x00000000a9600000|  0%| F|  |TAMS 0x00000000a9500000, 0x00000000a9500000| Untracked 
| 150|0x00000000a9600000, 0x00000000a9600000, 0x00000000a9700000|  0%| F|  |TAMS 0x00000000a9600000, 0x00000000a9600000| Untracked 
| 151|0x00000000a9700000, 0x00000000a9700000, 0x00000000a9800000|  0%| F|  |TAMS 0x00000000a9700000, 0x00000000a9700000| Untracked 
| 152|0x00000000a9800000, 0x00000000a9800000, 0x00000000a9900000|  0%| F|  |TAMS 0x00000000a9800000, 0x00000000a9800000| Untracked 
| 153|0x00000000a9900000, 0x00000000a9900000, 0x00000000a9a00000|  0%| F|  |TAMS 0x00000000a9900000, 0x00000000a9900000| Untracked 
| 154|0x00000000a9a00000, 0x00000000a9a00000, 0x00000000a9b00000|  0%| F|  |TAMS 0x00000000a9a00000, 0x00000000a9a00000| Untracked 
| 155|0x00000000a9b00000, 0x00000000a9b00000, 0x00000000a9c00000|  0%| F|  |TAMS 0x00000000a9b00000, 0x00000000a9b00000| Untracked 
| 156|0x00000000a9c00000, 0x00000000a9c00000, 0x00000000a9d00000|  0%| F|  |TAMS 0x00000000a9c00000, 0x00000000a9c00000| Untracked 
| 157|0x00000000a9d00000, 0x00000000a9d00000, 0x00000000a9e00000|  0%| F|  |TAMS 0x00000000a9d00000, 0x00000000a9d00000| Untracked 
| 158|0x00000000a9e00000, 0x00000000a9e00000, 0x00000000a9f00000|  0%| F|  |TAMS 0x00000000a9e00000, 0x00000000a9e00000| Untracked 
| 159|0x00000000a9f00000, 0x00000000a9f00000, 0x00000000aa000000|  0%| F|  |TAMS 0x00000000a9f00000, 0x00000000a9f00000| Untracked 
| 160|0x00000000aa000000, 0x00000000aa000000, 0x00000000aa100000|  0%| F|  |TAMS 0x00000000aa000000, 0x00000000aa000000| Untracked 
| 161|0x00000000aa100000, 0x00000000aa100000, 0x00000000aa200000|  0%| F|  |TAMS 0x00000000aa100000, 0x00000000aa100000| Untracked 
| 162|0x00000000aa200000, 0x00000000aa200000, 0x00000000aa300000|  0%| F|  |TAMS 0x00000000aa200000, 0x00000000aa200000| Untracked 
| 163|0x00000000aa300000, 0x00000000aa300000, 0x00000000aa400000|  0%| F|  |TAMS 0x00000000aa300000, 0x00000000aa300000| Untracked 
| 164|0x00000000aa400000, 0x00000000aa400000, 0x00000000aa500000|  0%| F|  |TAMS 0x00000000aa400000, 0x00000000aa400000| Untracked 
| 165|0x00000000aa500000, 0x00000000aa500000, 0x00000000aa600000|  0%| F|  |TAMS 0x00000000aa500000, 0x00000000aa500000| Untracked 
| 166|0x00000000aa600000, 0x00000000aa600000, 0x00000000aa700000|  0%| F|  |TAMS 0x00000000aa600000, 0x00000000aa600000| Untracked 
| 167|0x00000000aa700000, 0x00000000aa700000, 0x00000000aa800000|  0%| F|  |TAMS 0x00000000aa700000, 0x00000000aa700000| Untracked 
| 168|0x00000000aa800000, 0x00000000aa800000, 0x00000000aa900000|  0%| F|  |TAMS 0x00000000aa800000, 0x00000000aa800000| Untracked 
| 169|0x00000000aa900000, 0x00000000aa900000, 0x00000000aaa00000|  0%| F|  |TAMS 0x00000000aa900000, 0x00000000aa900000| Untracked 
| 170|0x00000000aaa00000, 0x00000000aaa00000, 0x00000000aab00000|  0%| F|  |TAMS 0x00000000aaa00000, 0x00000000aaa00000| Untracked 
| 171|0x00000000aab00000, 0x00000000aab00000, 0x00000000aac00000|  0%| F|  |TAMS 0x00000000aab00000, 0x00000000aab00000| Untracked 
| 172|0x00000000aac00000, 0x00000000aac00000, 0x00000000aad00000|  0%| F|  |TAMS 0x00000000aac00000, 0x00000000aac00000| Untracked 
| 173|0x00000000aad00000, 0x00000000aad00000, 0x00000000aae00000|  0%| F|  |TAMS 0x00000000aad00000, 0x00000000aad00000| Untracked 
| 174|0x00000000aae00000, 0x00000000aae00000, 0x00000000aaf00000|  0%| F|  |TAMS 0x00000000aae00000, 0x00000000aae00000| Untracked 
| 175|0x00000000aaf00000, 0x00000000aaf00000, 0x00000000ab000000|  0%| F|  |TAMS 0x00000000aaf00000, 0x00000000aaf00000| Untracked 
| 176|0x00000000ab000000, 0x00000000ab000000, 0x00000000ab100000|  0%| F|  |TAMS 0x00000000ab000000, 0x00000000ab000000| Untracked 
| 177|0x00000000ab100000, 0x00000000ab100000, 0x00000000ab200000|  0%| F|  |TAMS 0x00000000ab100000, 0x00000000ab100000| Untracked 
| 178|0x00000000ab200000, 0x00000000ab200000, 0x00000000ab300000|  0%| F|  |TAMS 0x00000000ab200000, 0x00000000ab200000| Untracked 
| 179|0x00000000ab300000, 0x00000000ab300000, 0x00000000ab400000|  0%| F|  |TAMS 0x00000000ab300000, 0x00000000ab300000| Untracked 
| 180|0x00000000ab400000, 0x00000000ab400000, 0x00000000ab500000|  0%| F|  |TAMS 0x00000000ab400000, 0x00000000ab400000| Untracked 
| 181|0x00000000ab500000, 0x00000000ab500000, 0x00000000ab600000|  0%| F|  |TAMS 0x00000000ab500000, 0x00000000ab500000| Untracked 
| 182|0x00000000ab600000, 0x00000000ab600000, 0x00000000ab700000|  0%| F|  |TAMS 0x00000000ab600000, 0x00000000ab600000| Untracked 
| 183|0x00000000ab700000, 0x00000000ab700000, 0x00000000ab800000|  0%| F|  |TAMS 0x00000000ab700000, 0x00000000ab700000| Untracked 
| 184|0x00000000ab800000, 0x00000000ab800000, 0x00000000ab900000|  0%| F|  |TAMS 0x00000000ab800000, 0x00000000ab800000| Untracked 
| 185|0x00000000ab900000, 0x00000000ab900000, 0x00000000aba00000|  0%| F|  |TAMS 0x00000000ab900000, 0x00000000ab900000| Untracked 
| 186|0x00000000aba00000, 0x00000000aba00000, 0x00000000abb00000|  0%| F|  |TAMS 0x00000000aba00000, 0x00000000aba00000| Untracked 
| 187|0x00000000abb00000, 0x00000000abb00000, 0x00000000abc00000|  0%| F|  |TAMS 0x00000000abb00000, 0x00000000abb00000| Untracked 
| 188|0x00000000abc00000, 0x00000000abc00000, 0x00000000abd00000|  0%| F|  |TAMS 0x00000000abc00000, 0x00000000abc00000| Untracked 
| 189|0x00000000abd00000, 0x00000000abd00000, 0x00000000abe00000|  0%| F|  |TAMS 0x00000000abd00000, 0x00000000abd00000| Untracked 
| 190|0x00000000abe00000, 0x00000000abe00000, 0x00000000abf00000|  0%| F|  |TAMS 0x00000000abe00000, 0x00000000abe00000| Untracked 
| 191|0x00000000abf00000, 0x00000000abf00000, 0x00000000ac000000|  0%| F|  |TAMS 0x00000000abf00000, 0x00000000abf00000| Untracked 
| 192|0x00000000ac000000, 0x00000000ac000000, 0x00000000ac100000|  0%| F|  |TAMS 0x00000000ac000000, 0x00000000ac000000| Untracked 
| 193|0x00000000ac100000, 0x00000000ac100000, 0x00000000ac200000|  0%| F|  |TAMS 0x00000000ac100000, 0x00000000ac100000| Untracked 
| 194|0x00000000ac200000, 0x00000000ac200000, 0x00000000ac300000|  0%| F|  |TAMS 0x00000000ac200000, 0x00000000ac200000| Untracked 
| 195|0x00000000ac300000, 0x00000000ac300000, 0x00000000ac400000|  0%| F|  |TAMS 0x00000000ac300000, 0x00000000ac300000| Untracked 
| 196|0x00000000ac400000, 0x00000000ac400000, 0x00000000ac500000|  0%| F|  |TAMS 0x00000000ac400000, 0x00000000ac400000| Untracked 
| 197|0x00000000ac500000, 0x00000000ac500000, 0x00000000ac600000|  0%| F|  |TAMS 0x00000000ac500000, 0x00000000ac500000| Untracked 
| 198|0x00000000ac600000, 0x00000000ac600000, 0x00000000ac700000|  0%| F|  |TAMS 0x00000000ac600000, 0x00000000ac600000| Untracked 
| 199|0x00000000ac700000, 0x00000000ac700000, 0x00000000ac800000|  0%| F|  |TAMS 0x00000000ac700000, 0x00000000ac700000| Untracked 
| 200|0x00000000ac800000, 0x00000000ac800000, 0x00000000ac900000|  0%| F|  |TAMS 0x00000000ac800000, 0x00000000ac800000| Untracked 
| 201|0x00000000ac900000, 0x00000000ac900000, 0x00000000aca00000|  0%| F|  |TAMS 0x00000000ac900000, 0x00000000ac900000| Untracked 
| 202|0x00000000aca00000, 0x00000000aca00000, 0x00000000acb00000|  0%| F|  |TAMS 0x00000000aca00000, 0x00000000aca00000| Untracked 
| 203|0x00000000acb00000, 0x00000000acb00000, 0x00000000acc00000|  0%| F|  |TAMS 0x00000000acb00000, 0x00000000acb00000| Untracked 
| 204|0x00000000acc00000, 0x00000000acc00000, 0x00000000acd00000|  0%| F|  |TAMS 0x00000000acc00000, 0x00000000acc00000| Untracked 
| 205|0x00000000acd00000, 0x00000000acd00000, 0x00000000ace00000|  0%| F|  |TAMS 0x00000000acd00000, 0x00000000acd00000| Untracked 
| 206|0x00000000ace00000, 0x00000000ace00000, 0x00000000acf00000|  0%| F|  |TAMS 0x00000000ace00000, 0x00000000ace00000| Untracked 
| 207|0x00000000acf00000, 0x00000000acf00000, 0x00000000ad000000|  0%| F|  |TAMS 0x00000000acf00000, 0x00000000acf00000| Untracked 
| 208|0x00000000ad000000, 0x00000000ad000000, 0x00000000ad100000|  0%| F|  |TAMS 0x00000000ad000000, 0x00000000ad000000| Untracked 
| 209|0x00000000ad100000, 0x00000000ad100000, 0x00000000ad200000|  0%| F|  |TAMS 0x00000000ad100000, 0x00000000ad100000| Untracked 
| 210|0x00000000ad200000, 0x00000000ad200000, 0x00000000ad300000|  0%| F|  |TAMS 0x00000000ad200000, 0x00000000ad200000| Untracked 
| 211|0x00000000ad300000, 0x00000000ad300000, 0x00000000ad400000|  0%| F|  |TAMS 0x00000000ad300000, 0x00000000ad300000| Untracked 
| 212|0x00000000ad400000, 0x00000000ad400000, 0x00000000ad500000|  0%| F|  |TAMS 0x00000000ad400000, 0x00000000ad400000| Untracked 
| 213|0x00000000ad500000, 0x00000000ad500000, 0x00000000ad600000|  0%| F|  |TAMS 0x00000000ad500000, 0x00000000ad500000| Untracked 
| 214|0x00000000ad600000, 0x00000000ad600000, 0x00000000ad700000|  0%| F|  |TAMS 0x00000000ad600000, 0x00000000ad600000| Untracked 
| 215|0x00000000ad700000, 0x00000000ad700000, 0x00000000ad800000|  0%| F|  |TAMS 0x00000000ad700000, 0x00000000ad700000| Untracked 
| 216|0x00000000ad800000, 0x00000000ad800000, 0x00000000ad900000|  0%| F|  |TAMS 0x00000000ad800000, 0x00000000ad800000| Untracked 
| 217|0x00000000ad900000, 0x00000000ad9efa20, 0x00000000ada00000| 93%| S|CS|TAMS 0x00000000ad900000, 0x00000000ad900000| Complete 
| 218|0x00000000ada00000, 0x00000000adb00000, 0x00000000adb00000|100%| S|CS|TAMS 0x00000000ada00000, 0x00000000ada00000| Complete 
| 219|0x00000000adb00000, 0x00000000adc00000, 0x00000000adc00000|100%| S|CS|TAMS 0x00000000adb00000, 0x00000000adb00000| Complete 
| 220|0x00000000adc00000, 0x00000000adc00000, 0x00000000add00000|  0%| F|  |TAMS 0x00000000adc00000, 0x00000000adc00000| Untracked 
| 221|0x00000000add00000, 0x00000000add00000, 0x00000000ade00000|  0%| F|  |TAMS 0x00000000add00000, 0x00000000add00000| Untracked 
| 222|0x00000000ade00000, 0x00000000ade00000, 0x00000000adf00000|  0%| F|  |TAMS 0x00000000ade00000, 0x00000000ade00000| Untracked 
| 223|0x00000000adf00000, 0x00000000adf00000, 0x00000000ae000000|  0%| F|  |TAMS 0x00000000adf00000, 0x00000000adf00000| Untracked 
| 224|0x00000000ae000000, 0x00000000ae000000, 0x00000000ae100000|  0%| F|  |TAMS 0x00000000ae000000, 0x00000000ae000000| Untracked 
| 225|0x00000000ae100000, 0x00000000ae100000, 0x00000000ae200000|  0%| F|  |TAMS 0x00000000ae100000, 0x00000000ae100000| Untracked 
| 226|0x00000000ae200000, 0x00000000ae200000, 0x00000000ae300000|  0%| F|  |TAMS 0x00000000ae200000, 0x00000000ae200000| Untracked 
| 227|0x00000000ae300000, 0x00000000ae300000, 0x00000000ae400000|  0%| F|  |TAMS 0x00000000ae300000, 0x00000000ae300000| Untracked 
| 228|0x00000000ae400000, 0x00000000ae400000, 0x00000000ae500000|  0%| F|  |TAMS 0x00000000ae400000, 0x00000000ae400000| Untracked 
| 229|0x00000000ae500000, 0x00000000ae500000, 0x00000000ae600000|  0%| F|  |TAMS 0x00000000ae500000, 0x00000000ae500000| Untracked 
| 230|0x00000000ae600000, 0x00000000ae600000, 0x00000000ae700000|  0%| F|  |TAMS 0x00000000ae600000, 0x00000000ae600000| Untracked 
| 231|0x00000000ae700000, 0x00000000ae700000, 0x00000000ae800000|  0%| F|  |TAMS 0x00000000ae700000, 0x00000000ae700000| Untracked 
| 232|0x00000000ae800000, 0x00000000ae900000, 0x00000000ae900000|100%| S|CS|TAMS 0x00000000ae800000, 0x00000000ae800000| Complete 
| 233|0x00000000ae900000, 0x00000000aea00000, 0x00000000aea00000|100%| S|CS|TAMS 0x00000000ae900000, 0x00000000ae900000| Complete 
| 234|0x00000000aea00000, 0x00000000aeb00000, 0x00000000aeb00000|100%| S|CS|TAMS 0x00000000aea00000, 0x00000000aea00000| Complete 
| 235|0x00000000aeb00000, 0x00000000aec00000, 0x00000000aec00000|100%| S|CS|TAMS 0x00000000aeb00000, 0x00000000aeb00000| Complete 
| 236|0x00000000aec00000, 0x00000000aed00000, 0x00000000aed00000|100%| S|CS|TAMS 0x00000000aec00000, 0x00000000aec00000| Complete 
| 237|0x00000000aed00000, 0x00000000aee00000, 0x00000000aee00000|100%| S|CS|TAMS 0x00000000aed00000, 0x00000000aed00000| Complete 
| 238|0x00000000aee00000, 0x00000000aef00000, 0x00000000aef00000|100%| S|CS|TAMS 0x00000000aee00000, 0x00000000aee00000| Complete 
| 239|0x00000000aef00000, 0x00000000aef00000, 0x00000000af000000|  0%| F|  |TAMS 0x00000000aef00000, 0x00000000aef00000| Untracked 
| 240|0x00000000af000000, 0x00000000af000000, 0x00000000af100000|  0%| F|  |TAMS 0x00000000af000000, 0x00000000af000000| Untracked 
| 241|0x00000000af100000, 0x00000000af100000, 0x00000000af200000|  0%| F|  |TAMS 0x00000000af100000, 0x00000000af100000| Untracked 
| 242|0x00000000af200000, 0x00000000af200000, 0x00000000af300000|  0%| F|  |TAMS 0x00000000af200000, 0x00000000af200000| Untracked 
| 243|0x00000000af300000, 0x00000000af300000, 0x00000000af400000|  0%| F|  |TAMS 0x00000000af300000, 0x00000000af300000| Untracked 
| 244|0x00000000af400000, 0x00000000af400000, 0x00000000af500000|  0%| F|  |TAMS 0x00000000af400000, 0x00000000af400000| Untracked 
| 245|0x00000000af500000, 0x00000000af500000, 0x00000000af600000|  0%| F|  |TAMS 0x00000000af500000, 0x00000000af500000| Untracked 
| 246|0x00000000af600000, 0x00000000af600000, 0x00000000af700000|  0%| F|  |TAMS 0x00000000af600000, 0x00000000af600000| Untracked 
| 247|0x00000000af700000, 0x00000000af700000, 0x00000000af800000|  0%| F|  |TAMS 0x00000000af700000, 0x00000000af700000| Untracked 
| 248|0x00000000af800000, 0x00000000af800000, 0x00000000af900000|  0%| F|  |TAMS 0x00000000af800000, 0x00000000af800000| Untracked 
| 249|0x00000000af900000, 0x00000000af900000, 0x00000000afa00000|  0%| F|  |TAMS 0x00000000af900000, 0x00000000af900000| Untracked 
| 250|0x00000000afa00000, 0x00000000afa00000, 0x00000000afb00000|  0%| F|  |TAMS 0x00000000afa00000, 0x00000000afa00000| Untracked 
| 251|0x00000000afb00000, 0x00000000afb00000, 0x00000000afc00000|  0%| F|  |TAMS 0x00000000afb00000, 0x00000000afb00000| Untracked 
| 252|0x00000000afc00000, 0x00000000afc00000, 0x00000000afd00000|  0%| F|  |TAMS 0x00000000afc00000, 0x00000000afc00000| Untracked 
| 253|0x00000000afd00000, 0x00000000afd00000, 0x00000000afe00000|  0%| F|  |TAMS 0x00000000afd00000, 0x00000000afd00000| Untracked 
| 254|0x00000000afe00000, 0x00000000afe00000, 0x00000000aff00000|  0%| F|  |TAMS 0x00000000afe00000, 0x00000000afe00000| Untracked 
| 255|0x00000000aff00000, 0x00000000aff00000, 0x00000000b0000000|  0%| F|  |TAMS 0x00000000aff00000, 0x00000000aff00000| Untracked 
| 256|0x00000000b0000000, 0x00000000b0000000, 0x00000000b0100000|  0%| F|  |TAMS 0x00000000b0000000, 0x00000000b0000000| Untracked 
| 257|0x00000000b0100000, 0x00000000b0100000, 0x00000000b0200000|  0%| F|  |TAMS 0x00000000b0100000, 0x00000000b0100000| Untracked 
| 258|0x00000000b0200000, 0x00000000b0200000, 0x00000000b0300000|  0%| F|  |TAMS 0x00000000b0200000, 0x00000000b0200000| Untracked 
| 259|0x00000000b0300000, 0x00000000b0300000, 0x00000000b0400000|  0%| F|  |TAMS 0x00000000b0300000, 0x00000000b0300000| Untracked 
| 260|0x00000000b0400000, 0x00000000b0400000, 0x00000000b0500000|  0%| F|  |TAMS 0x00000000b0400000, 0x00000000b0400000| Untracked 
| 261|0x00000000b0500000, 0x00000000b0500000, 0x00000000b0600000|  0%| F|  |TAMS 0x00000000b0500000, 0x00000000b0500000| Untracked 
| 262|0x00000000b0600000, 0x00000000b0600000, 0x00000000b0700000|  0%| F|  |TAMS 0x00000000b0600000, 0x00000000b0600000| Untracked 
| 263|0x00000000b0700000, 0x00000000b0700000, 0x00000000b0800000|  0%| F|  |TAMS 0x00000000b0700000, 0x00000000b0700000| Untracked 
| 264|0x00000000b0800000, 0x00000000b0800000, 0x00000000b0900000|  0%| F|  |TAMS 0x00000000b0800000, 0x00000000b0800000| Untracked 
| 265|0x00000000b0900000, 0x00000000b0900000, 0x00000000b0a00000|  0%| F|  |TAMS 0x00000000b0900000, 0x00000000b0900000| Untracked 
| 266|0x00000000b0a00000, 0x00000000b0a00000, 0x00000000b0b00000|  0%| F|  |TAMS 0x00000000b0a00000, 0x00000000b0a00000| Untracked 
| 267|0x00000000b0b00000, 0x00000000b0b00000, 0x00000000b0c00000|  0%| F|  |TAMS 0x00000000b0b00000, 0x00000000b0b00000| Untracked 
| 268|0x00000000b0c00000, 0x00000000b0c00000, 0x00000000b0d00000|  0%| F|  |TAMS 0x00000000b0c00000, 0x00000000b0c00000| Untracked 
| 269|0x00000000b0d00000, 0x00000000b0d00000, 0x00000000b0e00000|  0%| F|  |TAMS 0x00000000b0d00000, 0x00000000b0d00000| Untracked 
| 270|0x00000000b0e00000, 0x00000000b0e00000, 0x00000000b0f00000|  0%| F|  |TAMS 0x00000000b0e00000, 0x00000000b0e00000| Untracked 
| 271|0x00000000b0f00000, 0x00000000b0f00000, 0x00000000b1000000|  0%| F|  |TAMS 0x00000000b0f00000, 0x00000000b0f00000| Untracked 
| 272|0x00000000b1000000, 0x00000000b1000000, 0x00000000b1100000|  0%| F|  |TAMS 0x00000000b1000000, 0x00000000b1000000| Untracked 
| 273|0x00000000b1100000, 0x00000000b1100000, 0x00000000b1200000|  0%| F|  |TAMS 0x00000000b1100000, 0x00000000b1100000| Untracked 
| 274|0x00000000b1200000, 0x00000000b1200000, 0x00000000b1300000|  0%| F|  |TAMS 0x00000000b1200000, 0x00000000b1200000| Untracked 
| 275|0x00000000b1300000, 0x00000000b1300000, 0x00000000b1400000|  0%| F|  |TAMS 0x00000000b1300000, 0x00000000b1300000| Untracked 
| 276|0x00000000b1400000, 0x00000000b1400000, 0x00000000b1500000|  0%| F|  |TAMS 0x00000000b1400000, 0x00000000b1400000| Untracked 
| 277|0x00000000b1500000, 0x00000000b1500000, 0x00000000b1600000|  0%| F|  |TAMS 0x00000000b1500000, 0x00000000b1500000| Untracked 
| 278|0x00000000b1600000, 0x00000000b1600000, 0x00000000b1700000|  0%| F|  |TAMS 0x00000000b1600000, 0x00000000b1600000| Untracked 
| 279|0x00000000b1700000, 0x00000000b1700000, 0x00000000b1800000|  0%| F|  |TAMS 0x00000000b1700000, 0x00000000b1700000| Untracked 
| 280|0x00000000b1800000, 0x00000000b1800000, 0x00000000b1900000|  0%| F|  |TAMS 0x00000000b1800000, 0x00000000b1800000| Untracked 
| 281|0x00000000b1900000, 0x00000000b1900000, 0x00000000b1a00000|  0%| F|  |TAMS 0x00000000b1900000, 0x00000000b1900000| Untracked 
| 282|0x00000000b1a00000, 0x00000000b1a00000, 0x00000000b1b00000|  0%| F|  |TAMS 0x00000000b1a00000, 0x00000000b1a00000| Untracked 
| 283|0x00000000b1b00000, 0x00000000b1b00000, 0x00000000b1c00000|  0%| F|  |TAMS 0x00000000b1b00000, 0x00000000b1b00000| Untracked 
| 284|0x00000000b1c00000, 0x00000000b1c00000, 0x00000000b1d00000|  0%| F|  |TAMS 0x00000000b1c00000, 0x00000000b1c00000| Untracked 
| 285|0x00000000b1d00000, 0x00000000b1d00000, 0x00000000b1e00000|  0%| F|  |TAMS 0x00000000b1d00000, 0x00000000b1d00000| Untracked 
| 286|0x00000000b1e00000, 0x00000000b1e00000, 0x00000000b1f00000|  0%| F|  |TAMS 0x00000000b1e00000, 0x00000000b1e00000| Untracked 
| 287|0x00000000b1f00000, 0x00000000b1f00000, 0x00000000b2000000|  0%| F|  |TAMS 0x00000000b1f00000, 0x00000000b1f00000| Untracked 
| 288|0x00000000b2000000, 0x00000000b2000000, 0x00000000b2100000|  0%| F|  |TAMS 0x00000000b2000000, 0x00000000b2000000| Untracked 
| 289|0x00000000b2100000, 0x00000000b2100000, 0x00000000b2200000|  0%| F|  |TAMS 0x00000000b2100000, 0x00000000b2100000| Untracked 
| 290|0x00000000b2200000, 0x00000000b2200000, 0x00000000b2300000|  0%| F|  |TAMS 0x00000000b2200000, 0x00000000b2200000| Untracked 
| 291|0x00000000b2300000, 0x00000000b2300000, 0x00000000b2400000|  0%| F|  |TAMS 0x00000000b2300000, 0x00000000b2300000| Untracked 
| 292|0x00000000b2400000, 0x00000000b2400000, 0x00000000b2500000|  0%| F|  |TAMS 0x00000000b2400000, 0x00000000b2400000| Untracked 
| 293|0x00000000b2500000, 0x00000000b2500000, 0x00000000b2600000|  0%| F|  |TAMS 0x00000000b2500000, 0x00000000b2500000| Untracked 
| 294|0x00000000b2600000, 0x00000000b2600000, 0x00000000b2700000|  0%| F|  |TAMS 0x00000000b2600000, 0x00000000b2600000| Untracked 
| 295|0x00000000b2700000, 0x00000000b2700000, 0x00000000b2800000|  0%| F|  |TAMS 0x00000000b2700000, 0x00000000b2700000| Untracked 
| 296|0x00000000b2800000, 0x00000000b2800000, 0x00000000b2900000|  0%| F|  |TAMS 0x00000000b2800000, 0x00000000b2800000| Untracked 
| 297|0x00000000b2900000, 0x00000000b2900000, 0x00000000b2a00000|  0%| F|  |TAMS 0x00000000b2900000, 0x00000000b2900000| Untracked 
| 298|0x00000000b2a00000, 0x00000000b2a00000, 0x00000000b2b00000|  0%| F|  |TAMS 0x00000000b2a00000, 0x00000000b2a00000| Untracked 
| 299|0x00000000b2b00000, 0x00000000b2b00000, 0x00000000b2c00000|  0%| F|  |TAMS 0x00000000b2b00000, 0x00000000b2b00000| Untracked 
| 300|0x00000000b2c00000, 0x00000000b2c00000, 0x00000000b2d00000|  0%| F|  |TAMS 0x00000000b2c00000, 0x00000000b2c00000| Untracked 
| 301|0x00000000b2d00000, 0x00000000b2d00000, 0x00000000b2e00000|  0%| F|  |TAMS 0x00000000b2d00000, 0x00000000b2d00000| Untracked 
| 302|0x00000000b2e00000, 0x00000000b2e00000, 0x00000000b2f00000|  0%| F|  |TAMS 0x00000000b2e00000, 0x00000000b2e00000| Untracked 
| 303|0x00000000b2f00000, 0x00000000b2f00000, 0x00000000b3000000|  0%| F|  |TAMS 0x00000000b2f00000, 0x00000000b2f00000| Untracked 
| 304|0x00000000b3000000, 0x00000000b3000000, 0x00000000b3100000|  0%| F|  |TAMS 0x00000000b3000000, 0x00000000b3000000| Untracked 
| 305|0x00000000b3100000, 0x00000000b3100000, 0x00000000b3200000|  0%| F|  |TAMS 0x00000000b3100000, 0x00000000b3100000| Untracked 
| 306|0x00000000b3200000, 0x00000000b3200000, 0x00000000b3300000|  0%| F|  |TAMS 0x00000000b3200000, 0x00000000b3200000| Untracked 
| 307|0x00000000b3300000, 0x00000000b3300000, 0x00000000b3400000|  0%| F|  |TAMS 0x00000000b3300000, 0x00000000b3300000| Untracked 
| 308|0x00000000b3400000, 0x00000000b3400000, 0x00000000b3500000|  0%| F|  |TAMS 0x00000000b3400000, 0x00000000b3400000| Untracked 
| 309|0x00000000b3500000, 0x00000000b3500000, 0x00000000b3600000|  0%| F|  |TAMS 0x00000000b3500000, 0x00000000b3500000| Untracked 
| 310|0x00000000b3600000, 0x00000000b3600000, 0x00000000b3700000|  0%| F|  |TAMS 0x00000000b3600000, 0x00000000b3600000| Untracked 
| 311|0x00000000b3700000, 0x00000000b3700000, 0x00000000b3800000|  0%| F|  |TAMS 0x00000000b3700000, 0x00000000b3700000| Untracked 
| 312|0x00000000b3800000, 0x00000000b3800000, 0x00000000b3900000|  0%| F|  |TAMS 0x00000000b3800000, 0x00000000b3800000| Untracked 
| 313|0x00000000b3900000, 0x00000000b3900000, 0x00000000b3a00000|  0%| F|  |TAMS 0x00000000b3900000, 0x00000000b3900000| Untracked 
| 314|0x00000000b3a00000, 0x00000000b3a00000, 0x00000000b3b00000|  0%| F|  |TAMS 0x00000000b3a00000, 0x00000000b3a00000| Untracked 
| 315|0x00000000b3b00000, 0x00000000b3b00000, 0x00000000b3c00000|  0%| F|  |TAMS 0x00000000b3b00000, 0x00000000b3b00000| Untracked 
| 316|0x00000000b3c00000, 0x00000000b3c00000, 0x00000000b3d00000|  0%| F|  |TAMS 0x00000000b3c00000, 0x00000000b3c00000| Untracked 
| 317|0x00000000b3d00000, 0x00000000b3d00000, 0x00000000b3e00000|  0%| F|  |TAMS 0x00000000b3d00000, 0x00000000b3d00000| Untracked 
| 318|0x00000000b3e00000, 0x00000000b3e00000, 0x00000000b3f00000|  0%| F|  |TAMS 0x00000000b3e00000, 0x00000000b3e00000| Untracked 
| 319|0x00000000b3f00000, 0x00000000b3f00000, 0x00000000b4000000|  0%| F|  |TAMS 0x00000000b3f00000, 0x00000000b3f00000| Untracked 
| 320|0x00000000b4000000, 0x00000000b4000000, 0x00000000b4100000|  0%| F|  |TAMS 0x00000000b4000000, 0x00000000b4000000| Untracked 
| 321|0x00000000b4100000, 0x00000000b4100000, 0x00000000b4200000|  0%| F|  |TAMS 0x00000000b4100000, 0x00000000b4100000| Untracked 
| 322|0x00000000b4200000, 0x00000000b4200000, 0x00000000b4300000|  0%| F|  |TAMS 0x00000000b4200000, 0x00000000b4200000| Untracked 
| 323|0x00000000b4300000, 0x00000000b4300000, 0x00000000b4400000|  0%| F|  |TAMS 0x00000000b4300000, 0x00000000b4300000| Untracked 
| 324|0x00000000b4400000, 0x00000000b4400000, 0x00000000b4500000|  0%| F|  |TAMS 0x00000000b4400000, 0x00000000b4400000| Untracked 
| 325|0x00000000b4500000, 0x00000000b4500000, 0x00000000b4600000|  0%| F|  |TAMS 0x00000000b4500000, 0x00000000b4500000| Untracked 
| 326|0x00000000b4600000, 0x00000000b4600000, 0x00000000b4700000|  0%| F|  |TAMS 0x00000000b4600000, 0x00000000b4600000| Untracked 
| 327|0x00000000b4700000, 0x00000000b4700000, 0x00000000b4800000|  0%| F|  |TAMS 0x00000000b4700000, 0x00000000b4700000| Untracked 
| 328|0x00000000b4800000, 0x00000000b4800000, 0x00000000b4900000|  0%| F|  |TAMS 0x00000000b4800000, 0x00000000b4800000| Untracked 
| 329|0x00000000b4900000, 0x00000000b4900000, 0x00000000b4a00000|  0%| F|  |TAMS 0x00000000b4900000, 0x00000000b4900000| Untracked 
| 330|0x00000000b4a00000, 0x00000000b4a00000, 0x00000000b4b00000|  0%| F|  |TAMS 0x00000000b4a00000, 0x00000000b4a00000| Untracked 
| 331|0x00000000b4b00000, 0x00000000b4b00000, 0x00000000b4c00000|  0%| F|  |TAMS 0x00000000b4b00000, 0x00000000b4b00000| Untracked 
| 332|0x00000000b4c00000, 0x00000000b4c00000, 0x00000000b4d00000|  0%| F|  |TAMS 0x00000000b4c00000, 0x00000000b4c00000| Untracked 
| 333|0x00000000b4d00000, 0x00000000b4d00000, 0x00000000b4e00000|  0%| F|  |TAMS 0x00000000b4d00000, 0x00000000b4d00000| Untracked 
| 334|0x00000000b4e00000, 0x00000000b4e00000, 0x00000000b4f00000|  0%| F|  |TAMS 0x00000000b4e00000, 0x00000000b4e00000| Untracked 
| 335|0x00000000b4f00000, 0x00000000b4f00000, 0x00000000b5000000|  0%| F|  |TAMS 0x00000000b4f00000, 0x00000000b4f00000| Untracked 
| 336|0x00000000b5000000, 0x00000000b5000000, 0x00000000b5100000|  0%| F|  |TAMS 0x00000000b5000000, 0x00000000b5000000| Untracked 
| 337|0x00000000b5100000, 0x00000000b5100000, 0x00000000b5200000|  0%| F|  |TAMS 0x00000000b5100000, 0x00000000b5100000| Untracked 
| 338|0x00000000b5200000, 0x00000000b5200000, 0x00000000b5300000|  0%| F|  |TAMS 0x00000000b5200000, 0x00000000b5200000| Untracked 
| 339|0x00000000b5300000, 0x00000000b5300000, 0x00000000b5400000|  0%| F|  |TAMS 0x00000000b5300000, 0x00000000b5300000| Untracked 
| 340|0x00000000b5400000, 0x00000000b5400000, 0x00000000b5500000|  0%| F|  |TAMS 0x00000000b5400000, 0x00000000b5400000| Untracked 
| 341|0x00000000b5500000, 0x00000000b5500000, 0x00000000b5600000|  0%| F|  |TAMS 0x00000000b5500000, 0x00000000b5500000| Untracked 
| 342|0x00000000b5600000, 0x00000000b5600000, 0x00000000b5700000|  0%| F|  |TAMS 0x00000000b5600000, 0x00000000b5600000| Untracked 
| 343|0x00000000b5700000, 0x00000000b5700000, 0x00000000b5800000|  0%| F|  |TAMS 0x00000000b5700000, 0x00000000b5700000| Untracked 
| 344|0x00000000b5800000, 0x00000000b5800000, 0x00000000b5900000|  0%| F|  |TAMS 0x00000000b5800000, 0x00000000b5800000| Untracked 
| 345|0x00000000b5900000, 0x00000000b5900000, 0x00000000b5a00000|  0%| F|  |TAMS 0x00000000b5900000, 0x00000000b5900000| Untracked 
| 346|0x00000000b5a00000, 0x00000000b5a00000, 0x00000000b5b00000|  0%| F|  |TAMS 0x00000000b5a00000, 0x00000000b5a00000| Untracked 
| 347|0x00000000b5b00000, 0x00000000b5b00000, 0x00000000b5c00000|  0%| F|  |TAMS 0x00000000b5b00000, 0x00000000b5b00000| Untracked 
| 348|0x00000000b5c00000, 0x00000000b5c00000, 0x00000000b5d00000|  0%| F|  |TAMS 0x00000000b5c00000, 0x00000000b5c00000| Untracked 
| 349|0x00000000b5d00000, 0x00000000b5d00000, 0x00000000b5e00000|  0%| F|  |TAMS 0x00000000b5d00000, 0x00000000b5d00000| Untracked 
| 350|0x00000000b5e00000, 0x00000000b5e00000, 0x00000000b5f00000|  0%| F|  |TAMS 0x00000000b5e00000, 0x00000000b5e00000| Untracked 
| 351|0x00000000b5f00000, 0x00000000b5f00000, 0x00000000b6000000|  0%| F|  |TAMS 0x00000000b5f00000, 0x00000000b5f00000| Untracked 
| 352|0x00000000b6000000, 0x00000000b6000000, 0x00000000b6100000|  0%| F|  |TAMS 0x00000000b6000000, 0x00000000b6000000| Untracked 
| 353|0x00000000b6100000, 0x00000000b6100000, 0x00000000b6200000|  0%| F|  |TAMS 0x00000000b6100000, 0x00000000b6100000| Untracked 
| 354|0x00000000b6200000, 0x00000000b6200000, 0x00000000b6300000|  0%| F|  |TAMS 0x00000000b6200000, 0x00000000b6200000| Untracked 
| 355|0x00000000b6300000, 0x00000000b6300000, 0x00000000b6400000|  0%| F|  |TAMS 0x00000000b6300000, 0x00000000b6300000| Untracked 
| 356|0x00000000b6400000, 0x00000000b6400000, 0x00000000b6500000|  0%| F|  |TAMS 0x00000000b6400000, 0x00000000b6400000| Untracked 
| 357|0x00000000b6500000, 0x00000000b6500000, 0x00000000b6600000|  0%| F|  |TAMS 0x00000000b6500000, 0x00000000b6500000| Untracked 
| 358|0x00000000b6600000, 0x00000000b6600000, 0x00000000b6700000|  0%| F|  |TAMS 0x00000000b6600000, 0x00000000b6600000| Untracked 
| 359|0x00000000b6700000, 0x00000000b6700000, 0x00000000b6800000|  0%| F|  |TAMS 0x00000000b6700000, 0x00000000b6700000| Untracked 
| 360|0x00000000b6800000, 0x00000000b6800000, 0x00000000b6900000|  0%| F|  |TAMS 0x00000000b6800000, 0x00000000b6800000| Untracked 

Card table byte_map: [0x000000eaca180000,0x000000eaca480000] _byte_map_base: 0x000000eac9c80000

Marking Bits (Prev, Next): (CMBitMap*) 0x000000eab73fb958, (CMBitMap*) 0x000000eab73fb990
 Prev Bits: [0x000000eaca780000, 0x000000eacbf80000)
 Next Bits: [0x000000eacbf80000, 0x000000eacd780000)

Polling page: 0x000000eab6b70000

Metaspace:

Usage:
  Non-class:     89.26 MB capacity,    87.58 MB ( 98%) used,     1.36 MB (  2%) free+waste,   328.31 KB ( <1%) overhead. 
      Class:     13.74 MB capacity,    12.70 MB ( 92%) used,   917.58 KB (  7%) free+waste,   149.19 KB (  1%) overhead. 
       Both:    103.00 MB capacity,   100.28 MB ( 97%) used,     2.26 MB (  2%) free+waste,   477.50 KB ( <1%) overhead. 

Virtual space:
  Non-class space:       90.00 MB reserved,      89.33 MB (>99%) committed 
      Class space:        1.00 GB reserved,      13.82 MB (  1%) committed 
             Both:        1.09 GB reserved,     103.15 MB (  9%) committed 

Chunk freelists:
   Non-Class:  5.00 KB
       Class:  13.00 KB
        Both:  18.00 KB

MaxMetaspaceSize: 17179869184.00 GB
CompressedClassSpaceSize: 1.00 GB

CodeHeap 'non-profiled nmethods': size=120064Kb used=8294Kb max_used=8294Kb free=111769Kb
 bounds [0x000000eac2940000, 0x000000eac3160000, 0x000000eac9e80000]
CodeHeap 'profiled nmethods': size=120000Kb used=38409Kb max_used=38409Kb free=81590Kb
 bounds [0x000000eabb410000, 0x000000eabd9a0000, 0x000000eac2940000]
CodeHeap 'non-nmethods': size=5696Kb used=2310Kb max_used=2370Kb free=3385Kb
 bounds [0x000000eabae80000, 0x000000eabb0f0000, 0x000000eabb410000]
 total_blobs=16824 nmethods=15905 adapters=829
 compilation: enabled
              stopped_count=0, restarted_count=0
 full_count=0

Compilation events (20 events):
Event: 55.563 Thread 0x000000ead01a1000 16327       1       com.android.tools.r8.internal.IG::N0 (2 bytes)
Event: 55.564 Thread 0x000000ead01a1000 nmethod 16327 0x000000eac3158c90 code [0x000000eac3158e40, 0x000000eac3158ef8]
Event: 55.564 Thread 0x000000ead01a1000 16328       2       com.android.tools.r8.internal.Dt::a (8 bytes)
Event: 55.564 Thread 0x000000ead01a1000 nmethod 16328 0x000000eabd990610 code [0x000000eabd9907c0, 0x000000eabd9908c8]
Event: 55.571 Thread 0x000000ead01a1000 16329       1       com.android.tools.r8.internal.IG::Z1 (3 bytes)
Event: 55.571 Thread 0x000000ead01a1000 nmethod 16329 0x000000eac3158f90 code [0x000000eac3159140, 0x000000eac31591f8]
Event: 55.571 Thread 0x000000ead01a1000 16330       1       com.android.tools.r8.internal.IG::Y1 (3 bytes)
Event: 55.571 Thread 0x000000ead01a1000 nmethod 16330 0x000000eac3159290 code [0x000000eac3159440, 0x000000eac31594f8]
Event: 55.575 Thread 0x000000ead01a1000 16331       2       java.util.TreeSet::addAll (105 bytes)
Event: 55.576 Thread 0x000000ead01a1000 nmethod 16331 0x000000eabd990990 code [0x000000eabd990bc0, 0x000000eabd9910e8]
Event: 55.576 Thread 0x000000ead01a1000 16332       1       com.android.tools.r8.ir.regalloc.b::s (5 bytes)
Event: 55.576 Thread 0x000000ead01a1000 nmethod 16332 0x000000eac3159590 code [0x000000eac3159740, 0x000000eac31597f8]
Event: 55.577 Thread 0x000000ead01a1000 16333       2       com.android.tools.r8.ir.regalloc.e$$Lambda$1474/0x0000000100d67c40::apply (8 bytes)
Event: 55.577 Thread 0x000000ead01a1000 nmethod 16333 0x000000eabd991390 code [0x000000eabd991580, 0x000000eabd991808]
Event: 55.577 Thread 0x000000ead01a1000 16334       2       com.android.tools.r8.ir.regalloc.e::a (8 bytes)
Event: 55.577 Thread 0x000000ead01a1000 nmethod 16334 0x000000eabd991990 code [0x000000eabd991b80, 0x000000eabd991dc8]
Event: 55.582 Thread 0x000000ead01a1000 16335       2       com.android.tools.r8.code.O0::<init> (72 bytes)
Event: 55.582 Thread 0x000000ead01a1000 nmethod 16335 0x000000eabd991f10 code [0x000000eabd9920c0, 0x000000eabd9921d8]
Event: 55.582 Thread 0x000000ead01a1000 16336       2       com.android.tools.r8.code.O0::hashCode (21 bytes)
Event: 55.583 Thread 0x000000ead01a1000 nmethod 16336 0x000000eabd992290 code [0x000000eabd992440, 0x000000eabd992588]

GC Heap History (20 events):
Event: 49.716 GC heap after
{Heap after GC invocations=60 (full 0):
 garbage-first heap   total 165888K, used 111910K [0x00000000a0000000, 0x0000000100000000)
  region size 1024K, 4 young (4096K), 4 survivors (4096K)
 Metaspace       used 93903K, capacity 96382K, committed 96540K, reserved 1132544K
  class space    used 11825K, capacity 12696K, committed 12748K, reserved 1048576K
}
Event: 49.896 GC heap before
{Heap before GC invocations=60 (full 0):
 garbage-first heap   total 165888K, used 134438K [0x00000000a0000000, 0x0000000100000000)
  region size 1024K, 26 young (26624K), 4 survivors (4096K)
 Metaspace       used 94659K, capacity 97131K, committed 97436K, reserved 1134592K
  class space    used 11926K, capacity 12796K, committed 12876K, reserved 1048576K
}
Event: 49.925 GC heap after
{Heap after GC invocations=61 (full 0):
 garbage-first heap   total 165888K, used 116952K [0x00000000a0000000, 0x0000000100000000)
  region size 1024K, 4 young (4096K), 4 survivors (4096K)
 Metaspace       used 94659K, capacity 97131K, committed 97436K, reserved 1134592K
  class space    used 11926K, capacity 12796K, committed 12876K, reserved 1048576K
}
Event: 50.011 GC heap before
{Heap before GC invocations=61 (full 0):
 garbage-first heap   total 165888K, used 135384K [0x00000000a0000000, 0x0000000100000000)
  region size 1024K, 23 young (23552K), 4 survivors (4096K)
 Metaspace       used 94915K, capacity 97355K, committed 97436K, reserved 1134592K
  class space    used 11955K, capacity 12828K, committed 12876K, reserved 1048576K
}
Event: 50.037 GC heap after
{Heap after GC invocations=62 (full 0):
 garbage-first heap   total 199680K, used 120794K [0x00000000a0000000, 0x0000000100000000)
  region size 1024K, 3 young (3072K), 3 survivors (3072K)
 Metaspace       used 94915K, capacity 97355K, committed 97436K, reserved 1134592K
  class space    used 11955K, capacity 12828K, committed 12876K, reserved 1048576K
}
Event: 50.484 GC heap before
{Heap before GC invocations=62 (full 0):
 garbage-first heap   total 199680K, used 150490K [0x00000000a0000000, 0x0000000100000000)
  region size 1024K, 32 young (32768K), 3 survivors (3072K)
 Metaspace       used 96212K, capacity 98787K, committed 98972K, reserved 1134592K
  class space    used 12166K, capacity 13108K, committed 13132K, reserved 1048576K
}
Event: 50.520 GC heap after
{Heap after GC invocations=63 (full 0):
 garbage-first heap   total 199680K, used 125810K [0x00000000a0000000, 0x0000000100000000)
  region size 1024K, 4 young (4096K), 4 survivors (4096K)
 Metaspace       used 96212K, capacity 98787K, committed 98972K, reserved 1134592K
  class space    used 12166K, capacity 13108K, committed 13132K, reserved 1048576K
}
Event: 50.757 GC heap before
{Heap before GC invocations=63 (full 0):
 garbage-first heap   total 199680K, used 155506K [0x00000000a0000000, 0x0000000100000000)
  region size 1024K, 33 young (33792K), 4 survivors (4096K)
 Metaspace       used 96685K, capacity 99194K, committed 99612K, reserved 1136640K
  class space    used 12232K, capacity 13146K, committed 13260K, reserved 1048576K
}
Event: 50.787 GC heap after
{Heap after GC invocations=64 (full 0):
 garbage-first heap   total 199680K, used 131265K [0x00000000a0000000, 0x0000000100000000)
  region size 1024K, 5 young (5120K), 5 survivors (5120K)
 Metaspace       used 96685K, capacity 99194K, committed 99612K, reserved 1136640K
  class space    used 12232K, capacity 13146K, committed 13260K, reserved 1048576K
}
Event: 50.974 GC heap before
{Heap before GC invocations=64 (full 0):
 garbage-first heap   total 199680K, used 157889K [0x00000000a0000000, 0x0000000100000000)
  region size 1024K, 32 young (32768K), 5 survivors (5120K)
 Metaspace       used 97252K, capacity 99766K, committed 100252K, reserved 1136640K
  class space    used 12336K, capacity 13252K, committed 13388K, reserved 1048576K
}
Event: 51.012 GC heap after
{Heap after GC invocations=65 (full 0):
 garbage-first heap   total 199680K, used 136155K [0x00000000a0000000, 0x0000000100000000)
  region size 1024K, 4 young (4096K), 4 survivors (4096K)
 Metaspace       used 97252K, capacity 99766K, committed 100252K, reserved 1136640K
  class space    used 12336K, capacity 13252K, committed 13388K, reserved 1048576K
}
Event: 51.201 GC heap before
{Heap before GC invocations=66 (full 0):
 garbage-first heap   total 199680K, used 161755K [0x00000000a0000000, 0x0000000100000000)
  region size 1024K, 30 young (30720K), 4 survivors (4096K)
 Metaspace       used 98264K, capacity 100866K, committed 100892K, reserved 1136640K
  class space    used 12516K, capacity 13496K, committed 13516K, reserved 1048576K
}
Event: 51.243 GC heap after
{Heap after GC invocations=67 (full 0):
 garbage-first heap   total 369664K, used 140783K [0x00000000a0000000, 0x0000000100000000)
  region size 1024K, 4 young (4096K), 4 survivors (4096K)
 Metaspace       used 98264K, capacity 100866K, committed 100892K, reserved 1136640K
  class space    used 12516K, capacity 13496K, committed 13516K, reserved 1048576K
}
Event: 51.636 GC heap before
{Heap before GC invocations=67 (full 0):
 garbage-first heap   total 369664K, used 155119K [0x00000000a0000000, 0x0000000100000000)
  region size 1024K, 18 young (18432K), 4 survivors (4096K)
 Metaspace       used 99140K, capacity 101718K, committed 101788K, reserved 1138688K
  class space    used 12647K, capacity 13625K, committed 13644K, reserved 1048576K
}
Event: 51.672 GC heap after
{Heap after GC invocations=68 (full 0):
 garbage-first heap   total 369664K, used 143407K [0x00000000a0000000, 0x0000000100000000)
  region size 1024K, 3 young (3072K), 3 survivors (3072K)
 Metaspace       used 99140K, capacity 101718K, committed 101788K, reserved 1138688K
  class space    used 12647K, capacity 13625K, committed 13644K, reserved 1048576K
}
Event: 52.591 GC heap before
{Heap before GC invocations=68 (full 0):
 garbage-first heap   total 369664K, used 219183K [0x00000000a0000000, 0x0000000100000000)
  region size 1024K, 77 young (78848K), 3 survivors (3072K)
 Metaspace       used 100272K, capacity 102930K, committed 103196K, reserved 1138688K
  class space    used 12755K, capacity 13742K, committed 13772K, reserved 1048576K
}
Event: 52.626 GC heap after
{Heap after GC invocations=69 (full 0):
 garbage-first heap   total 369664K, used 148298K [0x00000000a0000000, 0x0000000100000000)
  region size 1024K, 7 young (7168K), 7 survivors (7168K)
 Metaspace       used 100272K, capacity 102930K, committed 103196K, reserved 1138688K
  class space    used 12755K, capacity 13742K, committed 13772K, reserved 1048576K
}
Event: 53.912 GC heap before
{Heap before GC invocations=69 (full 0):
 garbage-first heap   total 369664K, used 272202K [0x00000000a0000000, 0x0000000100000000)
  region size 1024K, 129 young (132096K), 7 survivors (7168K)
 Metaspace       used 102157K, capacity 104992K, committed 105116K, reserved 1140736K
  class space    used 13000K, capacity 14067K, committed 14156K, reserved 1048576K
}
Event: 53.960 GC heap after
{Heap after GC invocations=70 (full 0):
 garbage-first heap   total 369664K, used 152699K [0x00000000a0000000, 0x0000000100000000)
  region size 1024K, 12 young (12288K), 12 survivors (12288K)
 Metaspace       used 102157K, capacity 104992K, committed 105116K, reserved 1140736K
  class space    used 13000K, capacity 14067K, committed 14156K, reserved 1048576K
}
Event: 55.585 GC heap before
{Heap before GC invocations=70 (full 0):
 garbage-first heap   total 369664K, used 277627K [0x00000000a0000000, 0x0000000100000000)
  region size 1024K, 134 young (137216K), 12 survivors (12288K)
 Metaspace       used 102682K, capacity 105470K, committed 105628K, reserved 1140736K
  class space    used 13000K, capacity 14067K, committed 14156K, reserved 1048576K
}

Deoptimization events (20 events):
Event: 55.390 Thread 0x000000ead2e07000 DEOPT PACKING pc=0x000000eac314ea84 sp=0x000000eadbc090d0
Event: 55.390 Thread 0x000000ead2e07000 DEOPT UNPACKING pc=0x000000eabaea78af sp=0x000000eadbc090a0 mode 2
Event: 55.390 Thread 0x000000ead2e07000 Uncommon trap: trap_request=0xffffffc6 fr.pc=0x000000eac314ea84 relative=0x0000000000000404
Event: 55.390 Thread 0x000000ead2e07000 Uncommon trap: reason=bimorphic_or_optimized_type_check action=maybe_recompile pc=0x000000eac314ea84 method=com.android.tools.r8.internal.EE.a(Lcom/android/tools/r8/internal/EE;)I @ 1 c2
Event: 55.390 Thread 0x000000ead2e07000 DEOPT PACKING pc=0x000000eac314ea84 sp=0x000000eadbc09140
Event: 55.390 Thread 0x000000ead2e07000 DEOPT UNPACKING pc=0x000000eabaea78af sp=0x000000eadbc09110 mode 2
Event: 55.390 Thread 0x000000ead2e07000 Uncommon trap: trap_request=0xffffffc6 fr.pc=0x000000eac314ea84 relative=0x0000000000000404
Event: 55.390 Thread 0x000000ead2e07000 Uncommon trap: reason=bimorphic_or_optimized_type_check action=maybe_recompile pc=0x000000eac314ea84 method=com.android.tools.r8.internal.EE.a(Lcom/android/tools/r8/internal/EE;)I @ 1 c2
Event: 55.390 Thread 0x000000ead2e07000 DEOPT PACKING pc=0x000000eac314ea84 sp=0x000000eadbc090d0
Event: 55.390 Thread 0x000000ead2e07000 DEOPT UNPACKING pc=0x000000eabaea78af sp=0x000000eadbc090a0 mode 2
Event: 55.390 Thread 0x000000ead2e07000 Uncommon trap: trap_request=0xffffffc6 fr.pc=0x000000eac314ea84 relative=0x0000000000000404
Event: 55.390 Thread 0x000000ead2e07000 Uncommon trap: reason=bimorphic_or_optimized_type_check action=maybe_recompile pc=0x000000eac314ea84 method=com.android.tools.r8.internal.EE.a(Lcom/android/tools/r8/internal/EE;)I @ 1 c2
Event: 55.390 Thread 0x000000ead2e07000 DEOPT PACKING pc=0x000000eac314ea84 sp=0x000000eadbc09100
Event: 55.390 Thread 0x000000ead2e07000 DEOPT UNPACKING pc=0x000000eabaea78af sp=0x000000eadbc090d0 mode 2
Event: 55.475 Thread 0x000000ead2e04800 Uncommon trap: trap_request=0xffffff76 fr.pc=0x000000eac3127ad4 relative=0x0000000000000234
Event: 55.475 Thread 0x000000ead2e04800 Uncommon trap: reason=loop_limit_check action=maybe_recompile pc=0x000000eac3127ad4 method=com.android.tools.r8.graph.c0.a([C)I @ 8 c2
Event: 55.475 Thread 0x000000ead2e04800 DEOPT PACKING pc=0x000000eac3127ad4 sp=0x000000ead22991b0
Event: 55.475 Thread 0x000000ead2e04800 DEOPT UNPACKING pc=0x000000eabaea78af sp=0x000000ead2299148 mode 2
Event: 55.507 Thread 0x000000ead2e05800 DEOPT PACKING pc=0x000000eabd027fcb sp=0x000000eadbd092a0
Event: 55.507 Thread 0x000000ead2e05800 DEOPT UNPACKING pc=0x000000eabaea76ce sp=0x000000eadbd087d0 mode 0

Classes redefined (0 events):
No events

Internal exceptions (20 events):
Event: 49.681 Thread 0x000000ead2e04000 Exception <a 'java/lang/NoSuchMethodError'{0x00000000a87ac188}: 'int java.lang.invoke.DirectMethodHandle$Holder.invokeVirtual(java.lang.Object, java.lang.Object, java.lang.Object)'> (0x00000000a87ac188) thrown at [./src/hotspot/share/interpreter/linkResolver.cpp, line 773]
Event: 49.681 Thread 0x000000ead2e05800 Exception <a 'java/lang/NoSuchMethodError'{0x00000000a8651c90}: 'int java.lang.invoke.DirectMethodHandle$Holder.invokeVirtual(java.lang.Object, java.lang.Object, java.lang.Object)'> (0x00000000a8651c90) thrown at [./src/hotspot/share/interpreter/linkResolver.cpp, line 773]
Event: 50.254 Thread 0x000000ead2e05800 Exception <a 'java/lang/NoSuchMethodError'{0x00000000ab28e258}: 'java.lang.Object java.lang.invoke.DirectMethodHandle$Holder.invokeStatic(java.lang.Object, int, java.lang.Object, java.lang.Object)'> (0x00000000ab28e258) thrown at [./src/hotspot/share/interpreter/linkResolver.cpp, line 773]
Event: 50.282 Thread 0x000000ead2e05800 Exception <a 'java/lang/NoSuchMethodError'{0x00000000ab05f8b8}: 'java.lang.Object java.lang.invoke.Invokers$Holder.linkToTargetMethod(java.lang.Object, java.lang.Object, java.lang.Object, java.lang.Object, java.lang.Object, java.lang.Object, java.lang.Object, java.lang.Object)'> (0x00000000ab05f8b8) thrown at [./src/hotspot/share/interpreter/linkResolver.cpp, line 773]
Event: 50.394 Thread 0x000000ead2e05800 Exception <a 'java/lang/NoSuchMethodError'{0x00000000aa9442c0}: 'java.lang.Object java.lang.invoke.Invokers$Holder.linkToTargetMethod(java.lang.Object, java.lang.Object, java.lang.Object, java.lang.Object, java.lang.Object, java.lang.Object, java.lang.Object)'> (0x00000000aa9442c0) thrown at [./src/hotspot/share/interpreter/linkResolver.cpp, line 773]
Event: 50.464 Thread 0x000000ead2e05800 Exception <a 'java/lang/NoSuchMethodError'{0x00000000aa7f3e30}: 'int java.lang.invoke.DirectMethodHandle$Holder.invokeSpecial(java.lang.Object, java.lang.Object, java.lang.Object, java.lang.Object, java.lang.Object)'> (0x00000000aa7f3e30) thrown at [./src/hotspot/share/interpreter/linkResolver.cpp, line 773]
Event: 50.730 Thread 0x000000ead2e05800 Exception <a 'java/lang/NoSuchMethodError'{0x00000000aa93fcb0}: 'java.lang.Object java.lang.invoke.DirectMethodHandle$Holder.invokeVirtual(java.lang.Object, java.lang.Object, int, java.lang.Object)'> (0x00000000aa93fcb0) thrown at [./src/hotspot/share/interpreter/linkResolver.cpp, line 773]
Event: 50.900 Thread 0x000000ead2e05800 Exception <a 'java/lang/NoSuchMethodError'{0x00000000ab19b648}: 'void java.lang.invoke.DirectMethodHandle$Holder.invokeVirtual(java.lang.Object, java.lang.Object, int, java.lang.Object)'> (0x00000000ab19b648) thrown at [./src/hotspot/share/interpreter/linkResolver.cpp, line 773]
Event: 51.570 Thread 0x000000ead2e07000 Exception <a 'java/lang/NoSuchMethodError'{0x00000000b5dbecd0}: 'java.lang.Object java.lang.invoke.DirectMethodHandle$Holder.invokeInterface(java.lang.Object, java.lang.Object, int)'> (0x00000000b5dbecd0) thrown at [./src/hotspot/share/interpreter/linkResolver.cpp, line 773]
Event: 52.754 Thread 0x000000ead2e05800 Exception <a 'java/lang/IncompatibleClassChangeError'{0x00000000b5b41e28}: Found class java.lang.Object, but interface was expected> (0x00000000b5b41e28) thrown at [./src/hotspot/share/interpreter/linkResolver.cpp, line 839]
Event: 52.838 Thread 0x000000ead2e05800 Exception <a 'java/lang/NoSuchMethodError'{0x00000000b548efd8}: 'void java.lang.invoke.DirectMethodHandle$Holder.invokeSpecial(java.lang.Object, java.lang.Object, int, java.lang.Object, java.lang.Object, java.lang.Object, java.lang.Object)'> (0x00000000b548efd8) thrown at [./src/hotspot/share/interpreter/linkResolver.cpp, line 773]
Event: 52.840 Thread 0x000000ead2e05800 Exception <a 'java/lang/NoSuchMethodError'{0x00000000b549abd8}: 'java.lang.Object java.lang.invoke.Invokers$Holder.linkToTargetMethod(java.lang.Object, int, java.lang.Object, java.lang.Object, java.lang.Object, java.lang.Object)'> (0x00000000b549abd8) thrown at [./src/hotspot/share/interpreter/linkResolver.cpp, line 773]
Event: 52.841 Thread 0x000000ead2e05800 Exception <a 'java/lang/NoSuchMethodError'{0x00000000b549f088}: 'void java.lang.invoke.DirectMethodHandle$Holder.invokeSpecial(java.lang.Object, java.lang.Object, java.lang.Object, java.lang.Object, java.lang.Object, java.lang.Object, java.lang.Object, java.lang.Object, java.lang.Object)'> (0x00000000b549f088) thrown at [./src/hotspot/share/interpreter/linkResolver.cpp, line 773]
Event: 52.845 Thread 0x000000ead2e05800 Exception <a 'java/lang/NoSuchMethodError'{0x00000000b54ba0c8}: 'void java.lang.invoke.DirectMethodHandle$Holder.invokeStatic(java.lang.Object, java.lang.Object, java.lang.Object, java.lang.Object, java.lang.Object, java.lang.Object, java.lang.Object, java.lang.Object)'> (0x00000000b54ba0c8) thrown at [./src/hotspot/share/interpreter/linkResolver.cpp, line 773]
Event: 52.869 Thread 0x000000ead2e07000 Exception <a 'java/lang/NoSuchMethodError'{0x00000000b50093f8}: 'int java.lang.invoke.DirectMethodHandle$Holder.invokeInterface(java.lang.Object, java.lang.Object, int)'> (0x00000000b50093f8) thrown at [./src/hotspot/share/interpreter/linkResolver.cpp, line 773]
Event: 53.035 Thread 0x000000ead2e05800 Exception <a 'java/lang/IncompatibleClassChangeError'{0x00000000b48df2a8}: Found class java.lang.Object, but interface was expected> (0x00000000b48df2a8) thrown at [./src/hotspot/share/interpreter/linkResolver.cpp, line 839]
Event: 53.236 Thread 0x000000ead2e05800 Exception <a 'java/lang/NoSuchMethodError'{0x00000000b321a1b8}: 'void java.lang.invoke.DirectMethodHandle$Holder.invokeVirtual(java.lang.Object, java.lang.Object, int)'> (0x00000000b321a1b8) thrown at [./src/hotspot/share/interpreter/linkResolver.cpp, line 773]
Event: 53.323 Thread 0x000000ead2e05800 Exception <a 'sun/nio/fs/WindowsException'{0x00000000b2b833d8}> (0x00000000b2b833d8) thrown at [./src/hotspot/share/prims/jni.cpp, line 615]
Event: 53.587 Thread 0x000000ead2e05800 Implicit null exception at 0x000000eac30725d2 to 0x000000eac30729d8
Event: 53.989 Thread 0x000000ead2e05800 Exception <a 'sun/nio/fs/WindowsException'{0x00000000b638e8e8}> (0x00000000b638e8e8) thrown at [./src/hotspot/share/prims/jni.cpp, line 615]

Events (20 events):
Event: 53.645 loading class com/android/tools/r8/code/b3 done
Event: 53.646 loading class com/android/tools/r8/code/a3
Event: 53.646 loading class com/android/tools/r8/code/a3 done
Event: 53.777 Executing VM operation: ICBufferFull
Event: 53.778 Executing VM operation: ICBufferFull done
Event: 53.911 Executing VM operation: G1CollectForAllocation
Event: 53.960 Executing VM operation: G1CollectForAllocation done
Event: 54.290 Executing VM operation: ICBufferFull
Event: 54.292 Executing VM operation: ICBufferFull done
Event: 54.799 Executing VM operation: ICBufferFull
Event: 54.799 Executing VM operation: ICBufferFull done
Event: 55.038 Executing VM operation: ICBufferFull
Event: 55.040 Executing VM operation: ICBufferFull done
Event: 55.202 Executing VM operation: ICBufferFull
Event: 55.202 Executing VM operation: ICBufferFull done
Event: 55.385 Executing VM operation: ICBufferFull
Event: 55.386 Executing VM operation: ICBufferFull done
Event: 55.449 Executing VM operation: ICBufferFull
Event: 55.450 Executing VM operation: ICBufferFull done
Event: 55.584 Executing VM operation: G1CollectForAllocation


Dynamic libraries:
0x00007ff610450000 - 0x00007ff61045a000 	D:\Android studio installation\jre\bin\java.exe
0x00007ffab52d0000 - 0x00007ffab547d000 	C:\Windows\SYSTEM32\ntdll.dll
0x00007ffab3020000 - 0x00007ffab315f000 	C:\Windows\system32\KERNEL32.DLL
0x00007ffab27d0000 - 0x00007ffab28e5000 	C:\Windows\system32\KERNELBASE.dll
0x00007ffaadae0000 - 0x00007ffaadaf9000 	D:\Android studio installation\jre\bin\jli.dll
0x00007ffaa6d70000 - 0x00007ffaa6d87000 	D:\Android studio installation\jre\bin\VCRUNTIME140.dll
0x00007ffaaefc0000 - 0x00007ffaaefc4000 	C:\Windows\SYSTEM32\api-ms-win-crt-stdio-l1-1-0.dll
0x00007ffaae1e0000 - 0x00007ffaae1e4000 	C:\Windows\SYSTEM32\api-ms-win-crt-runtime-l1-1-0.dll
0x00007ffaad790000 - 0x00007ffaad793000 	C:\Windows\SYSTEM32\api-ms-win-crt-environment-l1-1-0.dll
0x00007ffaad550000 - 0x00007ffaad555000 	C:\Windows\SYSTEM32\api-ms-win-crt-math-l1-1-0.dll
0x00007ffaad330000 - 0x00007ffaad333000 	C:\Windows\SYSTEM32\api-ms-win-crt-locale-l1-1-0.dll
0x00007ffaad520000 - 0x00007ffaad523000 	C:\Windows\SYSTEM32\api-ms-win-crt-heap-l1-1-0.dll
0x00007ffaafd90000 - 0x00007ffab000b000 	C:\Windows\WinSxS\amd64_microsoft.windows.common-controls_6595b64144ccf1df_6.0.9600.19394_none_62486577ecb635cf\COMCTL32.dll
0x00007ffab2a10000 - 0x00007ffab2b87000 	C:\Windows\system32\USER32.dll
0x00007ffaad540000 - 0x00007ffaad543000 	C:\Windows\SYSTEM32\api-ms-win-crt-filesystem-l1-1-0.dll
0x00007ffaae1f0000 - 0x00007ffaae1f4000 	C:\Windows\SYSTEM32\api-ms-win-crt-string-l1-1-0.dll
0x00007ffaae1b0000 - 0x00007ffaae1b4000 	C:\Windows\SYSTEM32\api-ms-win-crt-convert-l1-1-0.dll
0x00007ffab4e80000 - 0x00007ffab4f2a000 	C:\Windows\system32\msvcrt.dll
0x00007ffab3160000 - 0x00007ffab32ae000 	C:\Windows\system32\GDI32.dll
0x00007ffaa3ca0000 - 0x00007ffaa3d94000 	C:\Windows\SYSTEM32\ucrtbase.DLL
0x00007ffab5000000 - 0x00007ffab5036000 	C:\Windows\system32\IMM32.DLL
0x00007ffab4d10000 - 0x00007ffab4e61000 	C:\Windows\system32\MSCTF.dll
0x00007ffaa0b00000 - 0x00007ffaa0b9d000 	D:\Android studio installation\jre\bin\msvcp140.dll
0x00007ffaad2e0000 - 0x00007ffaad2e5000 	C:\Windows\SYSTEM32\api-ms-win-crt-multibyte-l1-1-0.dll
0x00007ffaad530000 - 0x00007ffaad533000 	C:\Windows\SYSTEM32\api-ms-win-crt-time-l1-1-0.dll
0x00007ffaad560000 - 0x00007ffaad563000 	C:\Windows\SYSTEM32\api-ms-win-crt-utility-l1-1-0.dll
0x00007ffa990a0000 - 0x00007ffa99b6f000 	D:\Android studio installation\jre\bin\server\jvm.dll
0x00007ffab4c40000 - 0x00007ffab4cea000 	C:\Windows\system32\ADVAPI32.dll
0x00007ffab01b0000 - 0x00007ffab01b9000 	C:\Windows\SYSTEM32\WSOCK32.dll
0x00007ffaab840000 - 0x00007ffaab862000 	C:\Windows\SYSTEM32\WINMM.dll
0x00007ffaaa930000 - 0x00007ffaaa93a000 	C:\Windows\SYSTEM32\VERSION.dll
0x00007ffab4e70000 - 0x00007ffab4e77000 	C:\Windows\system32\PSAPI.DLL
0x00007ffab4aa0000 - 0x00007ffab4af8000 	C:\Windows\SYSTEM32\sechost.dll
0x00007ffab4b00000 - 0x00007ffab4c3a000 	C:\Windows\system32\RPCRT4.dll
0x00007ffab4f90000 - 0x00007ffab4fea000 	C:\Windows\system32\WS2_32.dll
0x00007ffaab770000 - 0x00007ffaab79a000 	C:\Windows\SYSTEM32\WINMMBASE.dll
0x00007ffab2440000 - 0x00007ffab246e000 	C:\Windows\system32\SspiCli.dll
0x00007ffab2db0000 - 0x00007ffab2db9000 	C:\Windows\system32\NSI.dll
0x00007ffab2470000 - 0x00007ffab24bf000 	C:\Windows\SYSTEM32\cfgmgr32.dll
0x00007ffab1190000 - 0x00007ffab11b8000 	C:\Windows\SYSTEM32\DEVOBJ.dll
0x00007ffaad500000 - 0x00007ffaad511000 	D:\Android studio installation\jre\bin\verify.dll
0x00007ffaa4dd0000 - 0x00007ffaa4f59000 	C:\Windows\SYSTEM32\DBGHELP.DLL
0x00007ffaad4d0000 - 0x00007ffaad4f9000 	D:\Android studio installation\jre\bin\java.dll
0x00007ffaad4c0000 - 0x00007ffaad4cb000 	D:\Android studio installation\jre\bin\jimage.dll
0x00007ffaad4a0000 - 0x00007ffaad4b8000 	D:\Android studio installation\jre\bin\zip.dll
0x00007ffab3560000 - 0x00007ffab4a8e000 	C:\Windows\system32\SHELL32.dll
0x00007ffab2b90000 - 0x00007ffab2da2000 	C:\Windows\SYSTEM32\combase.dll
0x00007ffab50b0000 - 0x00007ffab5104000 	C:\Windows\system32\SHLWAPI.dll
0x00007ffab06f0000 - 0x00007ffab07a2000 	C:\Windows\SYSTEM32\SHCORE.dll
0x00007ffab2370000 - 0x00007ffab2385000 	C:\Windows\SYSTEM32\profapi.dll
0x00007ffaad480000 - 0x00007ffaad49a000 	D:\Android studio installation\jre\bin\net.dll
0x00007ffaaa300000 - 0x00007ffaaa3c9000 	C:\Windows\SYSTEM32\WINHTTP.dll
0x00007ffab1c80000 - 0x00007ffab1cd9000 	C:\Windows\system32\mswsock.dll
0x00007ffaad3f0000 - 0x00007ffaad404000 	D:\Android studio installation\jre\bin\nio.dll
0x00007ffaa6d90000 - 0x00007ffaa6db7000 	C:\Users\Design Studio\.gradle\native\8bec1ad78214c89d9ad589b4d07fe93259594b29d510b10fafb7a158f7737e5d\windows-amd64\native-platform.dll
0x00007ffa9b9a0000 - 0x00007ffa9badd000 	C:\Users\Design Studio\.gradle\native\53dbd7edfb1c66fb8903c78663c9afc45aea4f116125fa6feffd364cf09443e8\windows-amd64\native-platform-file-events.dll
0x00007ffaad470000 - 0x00007ffaad47a000 	D:\Android studio installation\jre\bin\management.dll
0x00007ffaad3e0000 - 0x00007ffaad3ec000 	D:\Android studio installation\jre\bin\management_ext.dll
0x00007ffab1ce0000 - 0x00007ffab1d00000 	C:\Windows\SYSTEM32\CRYPTSP.dll
0x00007ffab18b0000 - 0x00007ffab18e6000 	C:\Windows\system32\rsaenh.dll
0x00007ffab1f20000 - 0x00007ffab1f46000 	C:\Windows\SYSTEM32\bcrypt.dll
0x00007ffab19c0000 - 0x00007ffab19e1000 	C:\Windows\SYSTEM32\USERENV.dll
0x00007ffab2240000 - 0x00007ffab22a3000 	C:\Windows\system32\bcryptprimitives.dll
0x00007ffab22b0000 - 0x00007ffab22bb000 	C:\Windows\SYSTEM32\CRYPTBASE.dll
0x00007ffaad060000 - 0x00007ffaad08a000 	C:\Windows\SYSTEM32\IPHLPAPI.DLL
0x00007ffaad040000 - 0x00007ffaad04a000 	C:\Windows\SYSTEM32\WINNSI.DLL
0x00007ffaacad0000 - 0x00007ffaacae6000 	C:\Windows\SYSTEM32\dhcpcsvc6.DLL
0x00007ffaacd10000 - 0x00007ffaacd2a000 	C:\Windows\SYSTEM32\dhcpcsvc.DLL

dbghelp: loaded successfully - version: 4.0.5 - missing functions: none
symbol engine: initialized successfully - sym options: 0x614 - pdb path: .;D:\Android studio installation\jre\bin;C:\Windows\SYSTEM32;C:\Windows\WinSxS\amd64_microsoft.windows.common-controls_6595b64144ccf1df_6.0.9600.19394_none_62486577ecb635cf;D:\Android studio installation\jre\bin\server;C:\Users\Design Studio\.gradle\native\8bec1ad78214c89d9ad589b4d07fe93259594b29d510b10fafb7a158f7737e5d\windows-amd64;C:\Users\Design Studio\.gradle\native\53dbd7edfb1c66fb8903c78663c9afc45aea4f116125fa6feffd364cf09443e8\windows-amd64

VM Arguments:
jvm_args: --add-opens=java.base/java.util=ALL-UNNAMED --add-opens=java.base/java.lang=ALL-UNNAMED --add-opens=java.base/java.lang.invoke=ALL-UNNAMED --add-opens=java.base/java.util=ALL-UNNAMED --add-opens=java.prefs/java.util.prefs=ALL-UNNAMED --add-opens=java.prefs/java.util.prefs=ALL-UNNAMED --add-opens=java.base/java.nio.charset=ALL-UNNAMED --add-opens=java.base/java.net=ALL-UNNAMED --add-opens=java.base/java.util.concurrent.atomic=ALL-UNNAMED -Xmx1536m -Dfile.encoding=windows-1252 -Duser.country=US -Duser.language=en -Duser.variant 
java_command: org.gradle.launcher.daemon.bootstrap.GradleDaemon 7.0.2
java_class_path (initial): C:\Users\Design Studio\.gradle\wrapper\dists\gradle-7.0.2-all\7era6s5ay7zsbhuvl0oc9g94s\gradle-7.0.2\lib\gradle-launcher-7.0.2.jar
Launcher Type: SUN_STANDARD

[Global flags]
     intx CICompilerCount                          = 3                                         {product} {ergonomic}
     uint ConcGCThreads                            = 1                                         {product} {ergonomic}
     uint G1ConcRefinementThreads                  = 4                                         {product} {ergonomic}
   size_t G1HeapRegionSize                         = 1048576                                   {product} {ergonomic}
    uintx GCDrainStackTargetSize                   = 64                                        {product} {ergonomic}
   size_t InitialHeapSize                          = 67108864                                  {product} {ergonomic}
   size_t MarkStackSize                            = 4194304                                   {product} {ergonomic}
   size_t MaxHeapSize                              = 1610612736                                {product} {command line}
   size_t MaxNewSize                               = 965738496                                 {product} {ergonomic}
   size_t MinHeapDeltaBytes                        = 1048576                                   {product} {ergonomic}
    uintx NonNMethodCodeHeapSize                   = 5830732                                {pd product} {ergonomic}
    uintx NonProfiledCodeHeapSize                  = 122913754                              {pd product} {ergonomic}
    uintx ProfiledCodeHeapSize                     = 122913754                              {pd product} {ergonomic}
    uintx ReservedCodeCacheSize                    = 251658240                              {pd product} {ergonomic}
     bool SegmentedCodeCache                       = true                                      {product} {ergonomic}
     bool UseCompressedClassPointers               = true                                 {lp64_product} {ergonomic}
     bool UseCompressedOops                        = true                                 {lp64_product} {ergonomic}
     bool UseG1GC                                  = true                                      {product} {ergonomic}
     bool UseLargePagesIndividualAllocation        = false                                  {pd product} {ergonomic}

Logging:
Log output configuration:
 #0: stdout all=warning uptime,level,tags
 #1: stderr all=off uptime,level,tags

Environment Variables:
PATH=C:\Windows\system32;C:\Windows;C:\Windows\System32\Wbem;C:\Windows\System32\WindowsPowerShell\v1.0\;C:\Program Files\Git\cmd
USERNAME=Design Studio
OS=Windows_NT
PROCESSOR_IDENTIFIER=Intel64 Family 6 Model 69 Stepping 1, GenuineIntel



---------------  S Y S T E M  ---------------

OS: Windows 8.1 , 64 bit Build 9600 (6.3.9600.20172)
OS uptime: 0 days 15:52 hours

CPU:total 4 (initial active 4) (2 cores per cpu, 2 threads per core) family 6 model 69 stepping 1 microcode 0x18, cmov, cx8, fxsr, mmx, sse, sse2, sse3, ssse3, sse4.1, sse4.2, popcnt, avx, avx2, aes, clmul, erms, lzcnt, ht, tsc, tscinvbit, bmi1, bmi2, fma

Memory: 4k page, system-wide physical 4022M (302M free)
TotalPageFile size 7094M (AvailPageFile size 183M)
current process WorkingSet (physical memory assigned to process): 653M, peak: 653M
current process commit charge ("private bytes"): 719M, peak: 954M

vm_info: OpenJDK 64-Bit Server VM (11.0.10+0-b96-7249189) for windows-amd64 JRE (11.0.10+0-b96-7249189), built on Mar 31 2021 21:44:00 by "builder" with MS VC++ 14.0 (VS2015)

END.
