#
# There is insufficient memory for the Java Runtime Environment to continue.
# Native memory allocation (mmap) failed to map 230686720 bytes for Failed to commit area from 0x00000000adc00000 to 0x00000000bb800000 of length 230686720.
# Possible reasons:
#   The system is out of physical RAM or swap space
#   The process is running with CompressedOops enabled, and the Java Heap may be blocking the growth of the native heap
# Possible solutions:
#   Reduce memory load on the system
#   Increase physical memory or swap space
#   Check if swap backing store is full
#   Decrease Java heap size (-Xmx/-Xms)
#   Decrease number of Java threads
#   Decrease Java thread stack sizes (-Xss)
#   Set larger code cache with -XX:ReservedCodeCacheSize=
#   JVM is running with Unscaled Compressed Oops mode in which the Java heap is
#     placed in the first 4GB address space. The Java Heap base address is the
#     maximum limit for the native heap growth. Please use -XX:HeapBaseMinAddress
#     to set the Java Heap base and to place the Java Heap above 4GB virtual address.
# This output file may be truncated or incomplete.
#
#  Out of Memory Error (./src/hotspot/os/windows/os_windows.cpp:3301), pid=5264, tid=6112
#
# JRE version: OpenJDK Runtime Environment (11.0.10) (build 11.0.10+0-b96-7249189)
# Java VM: OpenJDK 64-Bit Server VM (11.0.10+0-b96-7249189, mixed mode, tiered, compressed oops, g1 gc, windows-amd64)
# No core dump will be written. Minidumps are not enabled by default on client versions of Windows
#

---------------  S U M M A R Y ------------

Command Line: --add-opens=java.base/java.util=ALL-UNNAMED --add-opens=java.base/java.lang=ALL-UNNAMED --add-opens=java.base/java.lang.invoke=ALL-UNNAMED --add-opens=java.base/java.util=ALL-UNNAMED --add-opens=java.prefs/java.util.prefs=ALL-UNNAMED --add-opens=java.prefs/java.util.prefs=ALL-UNNAMED --add-opens=java.base/java.nio.charset=ALL-UNNAMED --add-opens=java.base/java.net=ALL-UNNAMED --add-opens=java.base/java.util.concurrent.atomic=ALL-UNNAMED -Xmx1536m -Dfile.encoding=windows-1252 -Duser.country=US -Duser.language=en -Duser.variant org.gradle.launcher.daemon.bootstrap.GradleDaemon 7.0.2

Host: Intel(R) Core(TM) i3-4010U CPU @ 1.70GHz, 4 cores, 3G,  Windows 8.1 , 64 bit Build 9600 (6.3.9600.20172)
Time: Mon Jan 10 17:28:17 2022 Pakistan Standard Time elapsed time: 55.601015 seconds (0d 0h 0m 55s)

---------------  T H R E A D  ---------------

Current thread (0x000000d746d64800):  VMThread "VM Thread" [stack: 0x000000d7475d0000,0x000000d7476d0000] [id=6112]

Stack: [0x000000d7475d0000,0x000000d7476d0000]
[error occurred during error reporting (printing stack bounds), id 0xc0000005, EXCEPTION_ACCESS_VIOLATION (0xc0000005) at pc=0x000000d731a90f2d]

Native frames: (J=compiled Java code, j=interpreted, Vv=VM code, C=native code)
V  [jvm.dll+0x5ecfaa]
V  [jvm.dll+0x722bd5]
V  [jvm.dll+0x72412d]
V  [jvm.dll+0x724745]
V  [jvm.dll+0x7246fb]
V  [jvm.dll+0x5ec348]
V  [jvm.dll+0x5ecad8]
C  [ntdll.dll+0x92f2d]
C  [ntdll.dll+0x54547]
C  [ntdll.dll+0x920ba]
C  0x000000d731a90f2d

VM_Operation (0x000000d751499510): G1CollectForAllocation, mode: safepoint, requested by thread 0x000000d74df9e000


---------------  P R O C E S S  ---------------

Threads class SMR info:
_java_thread_list=0x000000d75083f3b0, length=51, elements={
0x000000d72dfd3800, 0x000000d746d8a000, 0x000000d746d92800, 0x000000d746da2800,
0x000000d746da3800, 0x000000d746da4800, 0x000000d746da5800, 0x000000d746db4000,
0x000000d746dc7000, 0x000000d747a62800, 0x000000d747a62000, 0x000000d747a60800,
0x000000d747a63800, 0x000000d747a61000, 0x000000d747a67000, 0x000000d747a64800,
0x000000d747a65000, 0x000000d747a66000, 0x000000d749bc3800, 0x000000d749bc2000,
0x000000d749bc3000, 0x000000d749bc1000, 0x000000d749bc4800, 0x000000d749bc6000,
0x000000d749bc7000, 0x000000d749bc7800, 0x000000d749bc5000, 0x000000d749bca000,
0x000000d749bc8800, 0x000000d749bc9800, 0x000000d749bcd800, 0x000000d749bcc800,
0x000000d749bcb000, 0x000000d749bce000, 0x000000d749bd0000, 0x000000d74df9c800,
0x000000d74df9a000, 0x000000d74df9d800, 0x000000d74df9b000, 0x000000d74df9e000,
0x000000d74df9b800, 0x000000d74dfa0800, 0x000000d74dfa1800, 0x000000d74df9f000,
0x000000d74dfa2000, 0x000000d74df9f800, 0x000000d74dfa3000, 0x000000d74dfa6000,
0x000000d74dfa5800, 0x000000d74dfa4800, 0x000000d74dfa8800
}

Java Threads: ( => current thread )
  0x000000d72dfd3800 JavaThread "main" [_thread_blocked, id=1880, stack(0x000000d72bee0000,0x000000d72bfe0000)]
  0x000000d746d8a000 JavaThread "Reference Handler" daemon [_thread_blocked, id=3948, stack(0x000000d7476d0000,0x000000d7477d0000)]
  0x000000d746d92800 JavaThread "Finalizer" daemon [_thread_blocked, id=2880, stack(0x000000d7477d0000,0x000000d7478d0000)]
  0x000000d746da2800 JavaThread "Signal Dispatcher" daemon [_thread_blocked, id=4348, stack(0x000000d747cd0000,0x000000d747dd0000)]
  0x000000d746da3800 JavaThread "Attach Listener" daemon [_thread_blocked, id=4232, stack(0x000000d747dd0000,0x000000d747ed0000)]
  0x000000d746da4800 JavaThread "Service Thread" daemon [_thread_blocked, id=2780, stack(0x000000d747ed0000,0x000000d747fd0000)]
  0x000000d746da5800 JavaThread "C2 CompilerThread0" daemon [_thread_blocked, id=2840, stack(0x000000d747fd0000,0x000000d7480d0000)]
  0x000000d746db4000 JavaThread "C1 CompilerThread0" daemon [_thread_blocked, id=5708, stack(0x000000d7480d0000,0x000000d7481d0000)]
  0x000000d746dc7000 JavaThread "Sweeper thread" daemon [_thread_blocked, id=6128, stack(0x000000d7481d0000,0x000000d7482d0000)]
  0x000000d747a62800 JavaThread "Common-Cleaner" daemon [_thread_blocked, id=2884, stack(0x000000d7482d0000,0x000000d7483d0000)]
  0x000000d747a62000 JavaThread "Daemon health stats" [_thread_blocked, id=5532, stack(0x000000d74b170000,0x000000d74b270000)]
  0x000000d747a60800 JavaThread "Incoming local TCP Connector on port 60470" [_thread_in_native, id=2860, stack(0x000000d74b750000,0x000000d74b850000)]
  0x000000d747a63800 JavaThread "Daemon periodic checks" [_thread_blocked, id=3232, stack(0x000000d74b940000,0x000000d74ba40000)]
  0x000000d747a61000 JavaThread "Daemon" [_thread_blocked, id=4480, stack(0x000000d74bc40000,0x000000d74bd40000)]
  0x000000d747a67000 JavaThread "Handler for socket connection from /127.0.0.1:60470 to /127.0.0.1:60471" [_thread_in_native, id=1680, stack(0x000000d74bd40000,0x000000d74be40000)]
  0x000000d747a64800 JavaThread "Cancel handler" [_thread_blocked, id=4312, stack(0x000000d74be40000,0x000000d74bf40000)]
  0x000000d747a65000 JavaThread "Daemon worker" [_thread_blocked, id=2896, stack(0x000000d74bf40000,0x000000d74c040000)]
  0x000000d747a66000 JavaThread "Asynchronous log dispatcher for DefaultDaemonConnection: socket connection from /127.0.0.1:60470 to /127.0.0.1:60471" [_thread_blocked, id=5740, stack(0x000000d74c040000,0x000000d74c140000)]
  0x000000d749bc3800 JavaThread "Stdin handler" [_thread_blocked, id=5240, stack(0x000000d74c140000,0x000000d74c240000)]
  0x000000d749bc2000 JavaThread "Daemon client event forwarder" [_thread_blocked, id=6052, stack(0x000000d74c240000,0x000000d74c340000)]
  0x000000d749bc3000 JavaThread "Cache worker for file hash cache (C:\Users\Design Studio\.gradle\caches\7.0.2\fileHashes)" [_thread_blocked, id=4944, stack(0x000000d74c840000,0x000000d74c940000)]
  0x000000d749bc1000 JavaThread "File lock request listener" [_thread_in_native, id=3264, stack(0x000000d74c940000,0x000000d74ca40000)]
  0x000000d749bc4800 JavaThread "Cache worker for journal cache (C:\Users\Design Studio\.gradle\caches\journal-1)" [_thread_blocked, id=5492, stack(0x000000d74cc40000,0x000000d74cd40000)]
  0x000000d749bc6000 JavaThread "Cache worker for file hash cache (C:\Users\Design Studio\Desktop\PhotosRecoverCodester\.gradle\7.0.2\fileHashes)" [_thread_blocked, id=6004, stack(0x000000d74cf40000,0x000000d74d040000)]
  0x000000d749bc7000 JavaThread "File watcher server" daemon [_thread_blocked, id=5332, stack(0x000000d74d040000,0x000000d74d140000)]
  0x000000d749bc7800 JavaThread "File watcher consumer" daemon [_thread_blocked, id=1736, stack(0x000000d74e1d0000,0x000000d74e2d0000)]
  0x000000d749bc5000 JavaThread "Cache worker for checksums cache (C:\Users\Design Studio\Desktop\PhotosRecoverCodester\.gradle\checksums)" [_thread_blocked, id=5644, stack(0x000000d74e4d0000,0x000000d74e5d0000)]
  0x000000d749bca000 JavaThread "Cache worker for cache directory md-supplier (C:\Users\Design Studio\.gradle\caches\7.0.2\md-supplier)" [_thread_blocked, id=4540, stack(0x000000d74e5d0000,0x000000d74e6d0000)]
  0x000000d749bc8800 JavaThread "Cache worker for cache directory md-rule (C:\Users\Design Studio\.gradle\caches\7.0.2\md-rule)" [_thread_blocked, id=4668, stack(0x000000d74e9d0000,0x000000d74ead0000)]
  0x000000d749bc9800 JavaThread "Cache worker for execution history cache (C:\Users\Design Studio\.gradle\caches\7.0.2\executionHistory)" [_thread_blocked, id=3352, stack(0x000000d74e6d0000,0x000000d74e7d0000)]
  0x000000d749bcd800 JavaThread "jar transforms" [_thread_blocked, id=5144, stack(0x000000d74f0d0000,0x000000d74f1d0000)]
  0x000000d749bcc800 JavaThread "jar transforms Thread 2" [_thread_blocked, id=4152, stack(0x000000d74f1d0000,0x000000d74f2d0000)]
  0x000000d749bcb000 JavaThread "Cache worker for file content cache (C:\Users\Design Studio\.gradle\caches\7.0.2\fileContent)" [_thread_blocked, id=3580, stack(0x000000d74f4d0000,0x000000d74f5d0000)]
  0x000000d749bce000 JavaThread "Cache worker for dependencies-accessors (C:\Users\Design Studio\Desktop\PhotosRecoverCodester\.gradle\7.0.2\dependencies-accessors)" [_thread_blocked, id=1308, stack(0x000000d74f5d0000,0x000000d74f6d0000)]
  0x000000d749bd0000 JavaThread "jar transforms Thread 3" [_thread_blocked, id=2276, stack(0x000000d74f8d0000,0x000000d74f9d0000)]
  0x000000d74df9c800 JavaThread "Cache worker for Build Output Cleanup Cache (C:\Users\Design Studio\Desktop\PhotosRecoverCodester\.gradle\buildOutputCleanup)" [_thread_blocked, id=5016, stack(0x000000d750da0000,0x000000d750ea0000)]
  0x000000d74df9a000 JavaThread "Build operations" [_thread_blocked, id=3292, stack(0x000000d7510a0000,0x000000d7511a0000)]
  0x000000d74df9d800 JavaThread "Build operations Thread 2" [_thread_blocked, id=4128, stack(0x000000d7511a0000,0x000000d7512a0000)]
  0x000000d74df9b000 JavaThread "Build operations Thread 3" [_thread_blocked, id=5748, stack(0x000000d7512a0000,0x000000d7513a0000)]
  0x000000d74df9e000 JavaThread "Build operations Thread 4" [_thread_blocked, id=3920, stack(0x000000d7513a0000,0x000000d7514a0000)]
  0x000000d74df9b800 JavaThread "jar transforms Thread 4" [_thread_blocked, id=5900, stack(0x000000d7514a0000,0x000000d7515a0000)]
  0x000000d74dfa0800 JavaThread "Memory manager" [_thread_blocked, id=1096, stack(0x000000d751e00000,0x000000d751f00000)]
  0x000000d74dfa1800 JavaThread "build event listener" [_thread_blocked, id=5696, stack(0x000000d7540d0000,0x000000d7541d0000)]
  0x000000d74df9f000 JavaThread "Execution worker for ':'" [_thread_blocked, id=5104, stack(0x000000d7541d0000,0x000000d7542d0000)]
  0x000000d74dfa2000 JavaThread "Execution worker for ':' Thread 2" [_thread_blocked, id=596, stack(0x000000d7542d0000,0x000000d7543d0000)]
  0x000000d74df9f800 JavaThread "Execution worker for ':' Thread 3" [_thread_blocked, id=2908, stack(0x000000d7543d0000,0x000000d7544d0000)]
  0x000000d74dfa3000 JavaThread "Cache worker for execution history cache (C:\Users\Design Studio\Desktop\PhotosRecoverCodester\.gradle\7.0.2\executionHistory)" [_thread_blocked, id=4992, stack(0x000000d7544d0000,0x000000d7545d0000)]
  0x000000d74dfa6000 JavaThread "WorkerExecutor Queue" [_thread_blocked, id=5024, stack(0x000000d7547d0000,0x000000d7548d0000)]
  0x000000d74dfa5800 JavaThread "WorkerExecutor Queue Thread 2" [_thread_blocked, id=4256, stack(0x000000d7548d0000,0x000000d7549d0000)]
  0x000000d74dfa4800 JavaThread "WorkerExecutor Queue Thread 3" [_thread_blocked, id=2116, stack(0x000000d754dd0000,0x000000d754ed0000)]
  0x000000d74dfa8800 JavaThread "WorkerExecutor Queue Thread 4" [_thread_blocked, id=2664, stack(0x000000d754ed0000,0x000000d754fd0000)]

Other Threads:
=>0x000000d746d64800 VMThread "VM Thread" [stack: 0x000000d7475d0000,0x000000d7476d0000] [id=6112]
  0x000000d747a87000 WatcherThread [stack: 0x000000d7483d0000,0x000000d7484d0000] [id=4308]
  0x000000d72dfec000 GCTaskThread "GC Thread#0" [stack: 0x000000d72d960000,0x000000d72da60000] [id=4968]
  0x000000d748c55000 GCTaskThread "GC Thread#1" [stack: 0x000000d748cd0000,0x000000d748dd0000] [id=712]
  0x000000d749fcf800 GCTaskThread "GC Thread#2" [stack: 0x000000d74c440000,0x000000d74c540000] [id=544]
  0x000000d74a04a800 GCTaskThread "GC Thread#3" [stack: 0x000000d74c540000,0x000000d74c640000] [id=3544]
  0x000000d72e012800 ConcurrentGCThread "G1 Main Marker" [stack: 0x000000d744390000,0x000000d744490000] [id=5964]
  0x000000d72e015000 ConcurrentGCThread "G1 Conc#0" [stack: 0x000000d744490000,0x000000d744590000] [id=3528]
  0x000000d72e070800 ConcurrentGCThread "G1 Refine#0" [stack: 0x000000d7469d0000,0x000000d746ad0000] [id=5444]
  0x000000d72e071800 ConcurrentGCThread "G1 Young RemSet Sampling" [stack: 0x000000d746ad0000,0x000000d746bd0000] [id=6120]

Threads with active compile tasks:
C2 CompilerThread0  55724 14141   !   4       java.net.URL::<init> (543 bytes)
C1 CompilerThread0  55724 15321 %     3       com.android.tools.r8.ir.regalloc.a::a @ 1405 (3985 bytes)

VM state:at safepoint (normal execution)

VM Mutex/Monitor currently owned by a thread:  ([mutex/lock_event])
[0x000000d72dfd2370] Threads_lock - owner thread: 0x000000d746d64800
[0x000000d72dfd2250] Heap_lock - owner thread: 0x000000d74df9e000

Heap address: 0x00000000a0000000, size: 1536 MB, Compressed Oops mode: 32-bit
Narrow klass base: 0x0000000000000000, Narrow klass shift: 3
Compressed class space size: 1073741824 Address: 0x0000000100000000

Heap:
 garbage-first heap   total 450560K, used 143475K [0x00000000a0000000, 0x0000000100000000)
  region size 1024K, 4 young (4096K), 4 survivors (4096K)
 Metaspace       used 100727K, capacity 103372K, committed 103532K, reserved 1138688K
  class space    used 12765K, capacity 13750K, committed 13772K, reserved 1048576K
Heap Regions: E=young(eden), S=young(survivor), O=old, HS=humongous(starts), HC=humongous(continues), CS=collection set, F=free, A=archive, TAMS=top-at-mark-start (previous, next)
|   0|0x00000000a0000000, 0x00000000a0100000, 0x00000000a0100000|100%|HS|  |TAMS 0x00000000a0100000, 0x00000000a0000000| Complete 
|   1|0x00000000a0100000, 0x00000000a0200000, 0x00000000a0200000|100%|HC|  |TAMS 0x00000000a0200000, 0x00000000a0100000| Complete 
|   2|0x00000000a0200000, 0x00000000a0300000, 0x00000000a0300000|100%|HC|  |TAMS 0x00000000a0300000, 0x00000000a0200000| Complete 
|   3|0x00000000a0300000, 0x00000000a0400000, 0x00000000a0400000|100%| O|  |TAMS 0x00000000a0400000, 0x00000000a0300000| Untracked 
|   4|0x00000000a0400000, 0x00000000a0500000, 0x00000000a0500000|100%| O|  |TAMS 0x00000000a0500000, 0x00000000a0400000| Untracked 
|   5|0x00000000a0500000, 0x00000000a0600000, 0x00000000a0600000|100%| O|  |TAMS 0x00000000a0600000, 0x00000000a0500000| Untracked 
|   6|0x00000000a0600000, 0x00000000a0700000, 0x00000000a0700000|100%| O|  |TAMS 0x00000000a0700000, 0x00000000a0600000| Untracked 
|   7|0x00000000a0700000, 0x00000000a0800000, 0x00000000a0800000|100%| O|  |TAMS 0x00000000a0800000, 0x00000000a0700000| Untracked 
|   8|0x00000000a0800000, 0x00000000a0900000, 0x00000000a0900000|100%| O|  |TAMS 0x00000000a0900000, 0x00000000a0800000| Untracked 
|   9|0x00000000a0900000, 0x00000000a0a00000, 0x00000000a0a00000|100%| O|  |TAMS 0x00000000a0a00000, 0x00000000a0900000| Untracked 
|  10|0x00000000a0a00000, 0x00000000a0b00000, 0x00000000a0b00000|100%| O|  |TAMS 0x00000000a0b00000, 0x00000000a0a00000| Untracked 
|  11|0x00000000a0b00000, 0x00000000a0c00000, 0x00000000a0c00000|100%| O|  |TAMS 0x00000000a0c00000, 0x00000000a0b00000| Untracked 
|  12|0x00000000a0c00000, 0x00000000a0d00000, 0x00000000a0d00000|100%| O|  |TAMS 0x00000000a0d00000, 0x00000000a0c00000| Untracked 
|  13|0x00000000a0d00000, 0x00000000a0e00000, 0x00000000a0e00000|100%| O|  |TAMS 0x00000000a0e00000, 0x00000000a0d00000| Untracked 
|  14|0x00000000a0e00000, 0x00000000a0f00000, 0x00000000a0f00000|100%| O|  |TAMS 0x00000000a0f00000, 0x00000000a0e00000| Untracked 
|  15|0x00000000a0f00000, 0x00000000a1000000, 0x00000000a1000000|100%| O|  |TAMS 0x00000000a1000000, 0x00000000a0f00000| Untracked 
|  16|0x00000000a1000000, 0x00000000a1100000, 0x00000000a1100000|100%| O|  |TAMS 0x00000000a1100000, 0x00000000a1000000| Untracked 
|  17|0x00000000a1100000, 0x00000000a1200000, 0x00000000a1200000|100%| O|  |TAMS 0x00000000a1200000, 0x00000000a1100000| Untracked 
|  18|0x00000000a1200000, 0x00000000a1300000, 0x00000000a1300000|100%| O|  |TAMS 0x00000000a1300000, 0x00000000a1200000| Untracked 
|  19|0x00000000a1300000, 0x00000000a1400000, 0x00000000a1400000|100%| O|  |TAMS 0x00000000a1400000, 0x00000000a1300000| Untracked 
|  20|0x00000000a1400000, 0x00000000a1500000, 0x00000000a1500000|100%| O|  |TAMS 0x00000000a1500000, 0x00000000a1400000| Untracked 
|  21|0x00000000a1500000, 0x00000000a1600000, 0x00000000a1600000|100%| O|  |TAMS 0x00000000a1600000, 0x00000000a1500000| Untracked 
|  22|0x00000000a1600000, 0x00000000a1700000, 0x00000000a1700000|100%| O|  |TAMS 0x00000000a1700000, 0x00000000a1600000| Untracked 
|  23|0x00000000a1700000, 0x00000000a1800000, 0x00000000a1800000|100%| O|  |TAMS 0x00000000a1800000, 0x00000000a1700000| Untracked 
|  24|0x00000000a1800000, 0x00000000a1900000, 0x00000000a1900000|100%| O|  |TAMS 0x00000000a1900000, 0x00000000a1800000| Untracked 
|  25|0x00000000a1900000, 0x00000000a1a00000, 0x00000000a1a00000|100%| O|  |TAMS 0x00000000a1a00000, 0x00000000a1900000| Untracked 
|  26|0x00000000a1a00000, 0x00000000a1b00000, 0x00000000a1b00000|100%|HS|  |TAMS 0x00000000a1b00000, 0x00000000a1a00000| Complete 
|  27|0x00000000a1b00000, 0x00000000a1c00000, 0x00000000a1c00000|100%|HS|  |TAMS 0x00000000a1c00000, 0x00000000a1b00000| Complete 
|  28|0x00000000a1c00000, 0x00000000a1d00000, 0x00000000a1d00000|100%|HS|  |TAMS 0x00000000a1d00000, 0x00000000a1c00000| Complete 
|  29|0x00000000a1d00000, 0x00000000a1e00000, 0x00000000a1e00000|100%|HC|  |TAMS 0x00000000a1e00000, 0x00000000a1d00000| Complete 
|  30|0x00000000a1e00000, 0x00000000a1f00000, 0x00000000a1f00000|100%| O|  |TAMS 0x00000000a1f00000, 0x00000000a1e00000| Untracked 
|  31|0x00000000a1f00000, 0x00000000a2000000, 0x00000000a2000000|100%| O|  |TAMS 0x00000000a2000000, 0x00000000a1f00000| Untracked 
|  32|0x00000000a2000000, 0x00000000a2100000, 0x00000000a2100000|100%| O|  |TAMS 0x00000000a2100000, 0x00000000a2000000| Untracked 
|  33|0x00000000a2100000, 0x00000000a2200000, 0x00000000a2200000|100%| O|  |TAMS 0x00000000a2200000, 0x00000000a2100000| Untracked 
|  34|0x00000000a2200000, 0x00000000a2300000, 0x00000000a2300000|100%| O|  |TAMS 0x00000000a2300000, 0x00000000a2200000| Untracked 
|  35|0x00000000a2300000, 0x00000000a2400000, 0x00000000a2400000|100%| O|  |TAMS 0x00000000a2400000, 0x00000000a2300000| Untracked 
|  36|0x00000000a2400000, 0x00000000a2500000, 0x00000000a2500000|100%| O|  |TAMS 0x00000000a2500000, 0x00000000a2400000| Untracked 
|  37|0x00000000a2500000, 0x00000000a2600000, 0x00000000a2600000|100%| O|  |TAMS 0x00000000a2600000, 0x00000000a2500000| Untracked 
|  38|0x00000000a2600000, 0x00000000a2700000, 0x00000000a2700000|100%| O|  |TAMS 0x00000000a2700000, 0x00000000a2600000| Untracked 
|  39|0x00000000a2700000, 0x00000000a2800000, 0x00000000a2800000|100%| O|  |TAMS 0x00000000a2800000, 0x00000000a2700000| Untracked 
|  40|0x00000000a2800000, 0x00000000a2900000, 0x00000000a2900000|100%| O|  |TAMS 0x00000000a2900000, 0x00000000a2800000| Untracked 
|  41|0x00000000a2900000, 0x00000000a2a00000, 0x00000000a2a00000|100%| O|  |TAMS 0x00000000a2a00000, 0x00000000a2900000| Untracked 
|  42|0x00000000a2a00000, 0x00000000a2b00000, 0x00000000a2b00000|100%| O|  |TAMS 0x00000000a2b00000, 0x00000000a2a00000| Untracked 
|  43|0x00000000a2b00000, 0x00000000a2c00000, 0x00000000a2c00000|100%| O|  |TAMS 0x00000000a2c00000, 0x00000000a2b00000| Untracked 
|  44|0x00000000a2c00000, 0x00000000a2d00000, 0x00000000a2d00000|100%| O|  |TAMS 0x00000000a2d00000, 0x00000000a2c00000| Untracked 
|  45|0x00000000a2d00000, 0x00000000a2e00000, 0x00000000a2e00000|100%| O|  |TAMS 0x00000000a2e00000, 0x00000000a2d00000| Untracked 
|  46|0x00000000a2e00000, 0x00000000a2f00000, 0x00000000a2f00000|100%| O|  |TAMS 0x00000000a2f00000, 0x00000000a2e00000| Untracked 
|  47|0x00000000a2f00000, 0x00000000a3000000, 0x00000000a3000000|100%| O|  |TAMS 0x00000000a3000000, 0x00000000a2f00000| Untracked 
|  48|0x00000000a3000000, 0x00000000a3100000, 0x00000000a3100000|100%| O|  |TAMS 0x00000000a3100000, 0x00000000a3000000| Untracked 
|  49|0x00000000a3100000, 0x00000000a3200000, 0x00000000a3200000|100%| O|  |TAMS 0x00000000a3200000, 0x00000000a3100000| Untracked 
|  50|0x00000000a3200000, 0x00000000a3300000, 0x00000000a3300000|100%| O|  |TAMS 0x00000000a3300000, 0x00000000a3200000| Untracked 
|  51|0x00000000a3300000, 0x00000000a3400000, 0x00000000a3400000|100%| O|  |TAMS 0x00000000a3400000, 0x00000000a3300000| Untracked 
|  52|0x00000000a3400000, 0x00000000a3500000, 0x00000000a3500000|100%| O|  |TAMS 0x00000000a3500000, 0x00000000a3400000| Untracked 
|  53|0x00000000a3500000, 0x00000000a3600000, 0x00000000a3600000|100%| O|  |TAMS 0x00000000a3600000, 0x00000000a3500000| Untracked 
|  54|0x00000000a3600000, 0x00000000a3700000, 0x00000000a3700000|100%| O|  |TAMS 0x00000000a3700000, 0x00000000a3600000| Untracked 
|  55|0x00000000a3700000, 0x00000000a3800000, 0x00000000a3800000|100%| O|  |TAMS 0x00000000a3800000, 0x00000000a3700000| Untracked 
|  56|0x00000000a3800000, 0x00000000a3900000, 0x00000000a3900000|100%| O|  |TAMS 0x00000000a3900000, 0x00000000a3800000| Untracked 
|  57|0x00000000a3900000, 0x00000000a3a00000, 0x00000000a3a00000|100%| O|  |TAMS 0x00000000a3a00000, 0x00000000a3900000| Untracked 
|  58|0x00000000a3a00000, 0x00000000a3b00000, 0x00000000a3b00000|100%| O|  |TAMS 0x00000000a3b00000, 0x00000000a3a00000| Untracked 
|  59|0x00000000a3b00000, 0x00000000a3c00000, 0x00000000a3c00000|100%| O|  |TAMS 0x00000000a3c00000, 0x00000000a3b00000| Untracked 
|  60|0x00000000a3c00000, 0x00000000a3d00000, 0x00000000a3d00000|100%| O|  |TAMS 0x00000000a3d00000, 0x00000000a3c00000| Untracked 
|  61|0x00000000a3d00000, 0x00000000a3e00000, 0x00000000a3e00000|100%| O|  |TAMS 0x00000000a3e00000, 0x00000000a3d00000| Untracked 
|  62|0x00000000a3e00000, 0x00000000a3f00000, 0x00000000a3f00000|100%| O|  |TAMS 0x00000000a3f00000, 0x00000000a3e00000| Untracked 
|  63|0x00000000a3f00000, 0x00000000a4000000, 0x00000000a4000000|100%| O|  |TAMS 0x00000000a4000000, 0x00000000a3f00000| Untracked 
|  64|0x00000000a4000000, 0x00000000a4100000, 0x00000000a4100000|100%| O|  |TAMS 0x00000000a4100000, 0x00000000a4000000| Untracked 
|  65|0x00000000a4100000, 0x00000000a4200000, 0x00000000a4200000|100%| O|  |TAMS 0x00000000a4200000, 0x00000000a4100000| Untracked 
|  66|0x00000000a4200000, 0x00000000a4300000, 0x00000000a4300000|100%| O|  |TAMS 0x00000000a4300000, 0x00000000a4200000| Untracked 
|  67|0x00000000a4300000, 0x00000000a4400000, 0x00000000a4400000|100%| O|  |TAMS 0x00000000a4400000, 0x00000000a4300000| Untracked 
|  68|0x00000000a4400000, 0x00000000a4500000, 0x00000000a4500000|100%| O|  |TAMS 0x00000000a4500000, 0x00000000a4400000| Untracked 
|  69|0x00000000a4500000, 0x00000000a4600000, 0x00000000a4600000|100%| O|  |TAMS 0x00000000a4600000, 0x00000000a4500000| Untracked 
|  70|0x00000000a4600000, 0x00000000a4700000, 0x00000000a4700000|100%| O|  |TAMS 0x00000000a4700000, 0x00000000a4600000| Untracked 
|  71|0x00000000a4700000, 0x00000000a4800000, 0x00000000a4800000|100%| O|  |TAMS 0x00000000a4800000, 0x00000000a4700000| Untracked 
|  72|0x00000000a4800000, 0x00000000a4900000, 0x00000000a4900000|100%| O|  |TAMS 0x00000000a4900000, 0x00000000a4800000| Untracked 
|  73|0x00000000a4900000, 0x00000000a4a00000, 0x00000000a4a00000|100%| O|  |TAMS 0x00000000a4900000, 0x00000000a4900000| Untracked 
|  74|0x00000000a4a00000, 0x00000000a4b00000, 0x00000000a4b00000|100%|HS|  |TAMS 0x00000000a4b00000, 0x00000000a4a00000| Complete 
|  75|0x00000000a4b00000, 0x00000000a4c00000, 0x00000000a4c00000|100%|HC|  |TAMS 0x00000000a4c00000, 0x00000000a4b00000| Complete 
|  76|0x00000000a4c00000, 0x00000000a4d00000, 0x00000000a4d00000|100%| O|  |TAMS 0x00000000a4d00000, 0x00000000a4c00000| Untracked 
|  77|0x00000000a4d00000, 0x00000000a4e00000, 0x00000000a4e00000|100%| O|  |TAMS 0x00000000a4e00000, 0x00000000a4d00000| Untracked 
|  78|0x00000000a4e00000, 0x00000000a4f00000, 0x00000000a4f00000|100%| O|  |TAMS 0x00000000a4f00000, 0x00000000a4e00000| Untracked 
|  79|0x00000000a4f00000, 0x00000000a5000000, 0x00000000a5000000|100%| O|  |TAMS 0x00000000a5000000, 0x00000000a4f00000| Untracked 
|  80|0x00000000a5000000, 0x00000000a5100000, 0x00000000a5100000|100%| O|  |TAMS 0x00000000a5100000, 0x00000000a5000000| Untracked 
|  81|0x00000000a5100000, 0x00000000a5200000, 0x00000000a5200000|100%| O|  |TAMS 0x00000000a5100000, 0x00000000a5100000| Untracked 
|  82|0x00000000a5200000, 0x00000000a5300000, 0x00000000a5300000|100%| O|  |TAMS 0x00000000a5300000, 0x00000000a5200000| Untracked 
|  83|0x00000000a5300000, 0x00000000a5400000, 0x00000000a5400000|100%| O|  |TAMS 0x00000000a5400000, 0x00000000a5300000| Untracked 
|  84|0x00000000a5400000, 0x00000000a5500000, 0x00000000a5500000|100%| O|  |TAMS 0x00000000a5500000, 0x00000000a5400000| Untracked 
|  85|0x00000000a5500000, 0x00000000a5600000, 0x00000000a5600000|100%| O|  |TAMS 0x00000000a5600000, 0x00000000a5500000| Untracked 
|  86|0x00000000a5600000, 0x00000000a5700000, 0x00000000a5700000|100%| O|  |TAMS 0x00000000a5700000, 0x00000000a5600000| Untracked 
|  87|0x00000000a5700000, 0x00000000a5800000, 0x00000000a5800000|100%| O|  |TAMS 0x00000000a5800000, 0x00000000a5700000| Untracked 
|  88|0x00000000a5800000, 0x00000000a5900000, 0x00000000a5900000|100%| O|  |TAMS 0x00000000a5900000, 0x00000000a5800000| Untracked 
|  89|0x00000000a5900000, 0x00000000a5a00000, 0x00000000a5a00000|100%| O|  |TAMS 0x00000000a5a00000, 0x00000000a5900000| Untracked 
|  90|0x00000000a5a00000, 0x00000000a5b00000, 0x00000000a5b00000|100%| O|  |TAMS 0x00000000a5b00000, 0x00000000a5a00000| Untracked 
|  91|0x00000000a5b00000, 0x00000000a5c00000, 0x00000000a5c00000|100%| O|  |TAMS 0x00000000a5c00000, 0x00000000a5b00000| Untracked 
|  92|0x00000000a5c00000, 0x00000000a5d00000, 0x00000000a5d00000|100%| O|  |TAMS 0x00000000a5d00000, 0x00000000a5c00000| Untracked 
|  93|0x00000000a5d00000, 0x00000000a5e00000, 0x00000000a5e00000|100%| O|  |TAMS 0x00000000a5d83e00, 0x00000000a5d00000| Untracked 
|  94|0x00000000a5e00000, 0x00000000a5f00000, 0x00000000a5f00000|100%| O|  |TAMS 0x00000000a5e00000, 0x00000000a5e00000| Untracked 
|  95|0x00000000a5f00000, 0x00000000a6000000, 0x00000000a6000000|100%| O|  |TAMS 0x00000000a5f00000, 0x00000000a5f00000| Untracked 
|  96|0x00000000a6000000, 0x00000000a6100000, 0x00000000a6100000|100%| O|  |TAMS 0x00000000a6000000, 0x00000000a6000000| Untracked 
|  97|0x00000000a6100000, 0x00000000a6200000, 0x00000000a6200000|100%| O|  |TAMS 0x00000000a6100000, 0x00000000a6100000| Untracked 
|  98|0x00000000a6200000, 0x00000000a6300000, 0x00000000a6300000|100%| O|  |TAMS 0x00000000a6200000, 0x00000000a6200000| Untracked 
|  99|0x00000000a6300000, 0x00000000a6400000, 0x00000000a6400000|100%| O|  |TAMS 0x00000000a6300000, 0x00000000a6300000| Untracked 
| 100|0x00000000a6400000, 0x00000000a6500000, 0x00000000a6500000|100%| O|  |TAMS 0x00000000a6400000, 0x00000000a6400000| Untracked 
| 101|0x00000000a6500000, 0x00000000a6600000, 0x00000000a6600000|100%| O|  |TAMS 0x00000000a6500000, 0x00000000a6500000| Untracked 
| 102|0x00000000a6600000, 0x00000000a6700000, 0x00000000a6700000|100%| O|  |TAMS 0x00000000a6600000, 0x00000000a6600000| Untracked 
| 103|0x00000000a6700000, 0x00000000a6800000, 0x00000000a6800000|100%| O|  |TAMS 0x00000000a6700000, 0x00000000a6700000| Untracked 
| 104|0x00000000a6800000, 0x00000000a6900000, 0x00000000a6900000|100%| O|  |TAMS 0x00000000a6800000, 0x00000000a6800000| Untracked 
| 105|0x00000000a6900000, 0x00000000a6a00000, 0x00000000a6a00000|100%| O|  |TAMS 0x00000000a6900000, 0x00000000a6900000| Untracked 
| 106|0x00000000a6a00000, 0x00000000a6b00000, 0x00000000a6b00000|100%| O|  |TAMS 0x00000000a6a00000, 0x00000000a6a00000| Untracked 
| 107|0x00000000a6b00000, 0x00000000a6c00000, 0x00000000a6c00000|100%| O|  |TAMS 0x00000000a6b00000, 0x00000000a6b00000| Untracked 
| 108|0x00000000a6c00000, 0x00000000a6d00000, 0x00000000a6d00000|100%| O|  |TAMS 0x00000000a6c00000, 0x00000000a6c00000| Untracked 
| 109|0x00000000a6d00000, 0x00000000a6e00000, 0x00000000a6e00000|100%| O|  |TAMS 0x00000000a6d00000, 0x00000000a6d00000| Untracked 
| 110|0x00000000a6e00000, 0x00000000a6f00000, 0x00000000a6f00000|100%| O|  |TAMS 0x00000000a6e00000, 0x00000000a6e00000| Untracked 
| 111|0x00000000a6f00000, 0x00000000a7000000, 0x00000000a7000000|100%| O|  |TAMS 0x00000000a6f00000, 0x00000000a6f00000| Untracked 
| 112|0x00000000a7000000, 0x00000000a7100000, 0x00000000a7100000|100%| O|  |TAMS 0x00000000a7000000, 0x00000000a7000000| Untracked 
| 113|0x00000000a7100000, 0x00000000a7200000, 0x00000000a7200000|100%| O|  |TAMS 0x00000000a7100000, 0x00000000a7100000| Untracked 
| 114|0x00000000a7200000, 0x00000000a7300000, 0x00000000a7300000|100%| O|  |TAMS 0x00000000a7200000, 0x00000000a7200000| Untracked 
| 115|0x00000000a7300000, 0x00000000a7400000, 0x00000000a7400000|100%| O|  |TAMS 0x00000000a7300000, 0x00000000a7300000| Untracked 
| 116|0x00000000a7400000, 0x00000000a7500000, 0x00000000a7500000|100%| O|  |TAMS 0x00000000a7400000, 0x00000000a7400000| Untracked 
| 117|0x00000000a7500000, 0x00000000a7600000, 0x00000000a7600000|100%| O|  |TAMS 0x00000000a7500000, 0x00000000a7500000| Untracked 
| 118|0x00000000a7600000, 0x00000000a7700000, 0x00000000a7700000|100%| O|  |TAMS 0x00000000a7600000, 0x00000000a7600000| Untracked 
| 119|0x00000000a7700000, 0x00000000a7800000, 0x00000000a7800000|100%| O|  |TAMS 0x00000000a7700000, 0x00000000a7700000| Untracked 
| 120|0x00000000a7800000, 0x00000000a7900000, 0x00000000a7900000|100%| O|  |TAMS 0x00000000a7800000, 0x00000000a7800000| Untracked 
| 121|0x00000000a7900000, 0x00000000a7a00000, 0x00000000a7a00000|100%| O|  |TAMS 0x00000000a7900000, 0x00000000a7900000| Untracked 
| 122|0x00000000a7a00000, 0x00000000a7b00000, 0x00000000a7b00000|100%| O|  |TAMS 0x00000000a7a00000, 0x00000000a7a00000| Untracked 
| 123|0x00000000a7b00000, 0x00000000a7c00000, 0x00000000a7c00000|100%| O|  |TAMS 0x00000000a7b00000, 0x00000000a7b00000| Untracked 
| 124|0x00000000a7c00000, 0x00000000a7d00000, 0x00000000a7d00000|100%| O|  |TAMS 0x00000000a7c00000, 0x00000000a7c00000| Untracked 
| 125|0x00000000a7d00000, 0x00000000a7e00000, 0x00000000a7e00000|100%| O|  |TAMS 0x00000000a7d00000, 0x00000000a7d00000| Untracked 
| 126|0x00000000a7e00000, 0x00000000a7f00000, 0x00000000a7f00000|100%| O|  |TAMS 0x00000000a7e00000, 0x00000000a7e00000| Untracked 
| 127|0x00000000a7f00000, 0x00000000a8000000, 0x00000000a8000000|100%| O|  |TAMS 0x00000000a7f00000, 0x00000000a7f00000| Untracked 
| 128|0x00000000a8000000, 0x00000000a8100000, 0x00000000a8100000|100%| O|  |TAMS 0x00000000a8000000, 0x00000000a8000000| Untracked 
| 129|0x00000000a8100000, 0x00000000a8200000, 0x00000000a8200000|100%| O|  |TAMS 0x00000000a8100000, 0x00000000a8100000| Untracked 
| 130|0x00000000a8200000, 0x00000000a8300000, 0x00000000a8300000|100%| O|  |TAMS 0x00000000a8200000, 0x00000000a8200000| Untracked 
| 131|0x00000000a8300000, 0x00000000a8400000, 0x00000000a8400000|100%| O|  |TAMS 0x00000000a8300000, 0x00000000a8300000| Untracked 
| 132|0x00000000a8400000, 0x00000000a8500000, 0x00000000a8500000|100%| O|  |TAMS 0x00000000a8400000, 0x00000000a8400000| Untracked 
| 133|0x00000000a8500000, 0x00000000a8600000, 0x00000000a8600000|100%| O|  |TAMS 0x00000000a8500000, 0x00000000a8500000| Untracked 
| 134|0x00000000a8600000, 0x00000000a8700000, 0x00000000a8700000|100%| O|  |TAMS 0x00000000a8600000, 0x00000000a8600000| Untracked 
| 135|0x00000000a8700000, 0x00000000a8800000, 0x00000000a8800000|100%| O|  |TAMS 0x00000000a8700000, 0x00000000a8700000| Untracked 
| 136|0x00000000a8800000, 0x00000000a8899e00, 0x00000000a8900000| 60%| O|  |TAMS 0x00000000a8800000, 0x00000000a8800000| Untracked 
| 137|0x00000000a8900000, 0x00000000a8900000, 0x00000000a8a00000|  0%| F|  |TAMS 0x00000000a8900000, 0x00000000a8900000| Untracked 
| 138|0x00000000a8a00000, 0x00000000a8a00000, 0x00000000a8b00000|  0%| F|  |TAMS 0x00000000a8a00000, 0x00000000a8a00000| Untracked 
| 139|0x00000000a8b00000, 0x00000000a8b00000, 0x00000000a8c00000|  0%| F|  |TAMS 0x00000000a8b00000, 0x00000000a8b00000| Untracked 
| 140|0x00000000a8c00000, 0x00000000a8c00000, 0x00000000a8d00000|  0%| F|  |TAMS 0x00000000a8c00000, 0x00000000a8c00000| Untracked 
| 141|0x00000000a8d00000, 0x00000000a8d00000, 0x00000000a8e00000|  0%| F|  |TAMS 0x00000000a8d00000, 0x00000000a8d00000| Untracked 
| 142|0x00000000a8e00000, 0x00000000a8e00000, 0x00000000a8f00000|  0%| F|  |TAMS 0x00000000a8e00000, 0x00000000a8e00000| Untracked 
| 143|0x00000000a8f00000, 0x00000000a8f00000, 0x00000000a9000000|  0%| F|  |TAMS 0x00000000a8f00000, 0x00000000a8f00000| Untracked 
| 144|0x00000000a9000000, 0x00000000a9000000, 0x00000000a9100000|  0%| F|  |TAMS 0x00000000a9000000, 0x00000000a9000000| Untracked 
| 145|0x00000000a9100000, 0x00000000a9100000, 0x00000000a9200000|  0%| F|  |TAMS 0x00000000a9100000, 0x00000000a9100000| Untracked 
| 146|0x00000000a9200000, 0x00000000a9200000, 0x00000000a9300000|  0%| F|  |TAMS 0x00000000a9200000, 0x00000000a9200000| Untracked 
| 147|0x00000000a9300000, 0x00000000a9300000, 0x00000000a9400000|  0%| F|  |TAMS 0x00000000a9300000, 0x00000000a9300000| Untracked 
| 148|0x00000000a9400000, 0x00000000a9400000, 0x00000000a9500000|  0%| F|  |TAMS 0x00000000a9400000, 0x00000000a9400000| Untracked 
| 149|0x00000000a9500000, 0x00000000a9500000, 0x00000000a9600000|  0%| F|  |TAMS 0x00000000a9500000, 0x00000000a9500000| Untracked 
| 150|0x00000000a9600000, 0x00000000a9600000, 0x00000000a9700000|  0%| F|  |TAMS 0x00000000a9600000, 0x00000000a9600000| Untracked 
| 151|0x00000000a9700000, 0x00000000a9700000, 0x00000000a9800000|  0%| F|  |TAMS 0x00000000a9700000, 0x00000000a9700000| Untracked 
| 152|0x00000000a9800000, 0x00000000a9800000, 0x00000000a9900000|  0%| F|  |TAMS 0x00000000a9800000, 0x00000000a9800000| Untracked 
| 153|0x00000000a9900000, 0x00000000a9900000, 0x00000000a9a00000|  0%| F|  |TAMS 0x00000000a9900000, 0x00000000a9900000| Untracked 
| 154|0x00000000a9a00000, 0x00000000a9a00000, 0x00000000a9b00000|  0%| F|  |TAMS 0x00000000a9a00000, 0x00000000a9a00000| Untracked 
| 155|0x00000000a9b00000, 0x00000000a9b00000, 0x00000000a9c00000|  0%| F|  |TAMS 0x00000000a9b00000, 0x00000000a9b00000| Untracked 
| 156|0x00000000a9c00000, 0x00000000a9c00000, 0x00000000a9d00000|  0%| F|  |TAMS 0x00000000a9c00000, 0x00000000a9c00000| Untracked 
| 157|0x00000000a9d00000, 0x00000000a9d00000, 0x00000000a9e00000|  0%| F|  |TAMS 0x00000000a9d00000, 0x00000000a9d00000| Untracked 
| 158|0x00000000a9e00000, 0x00000000a9e00000, 0x00000000a9f00000|  0%| F|  |TAMS 0x00000000a9e00000, 0x00000000a9e00000| Untracked 
| 159|0x00000000a9f00000, 0x00000000a9f00000, 0x00000000aa000000|  0%| F|  |TAMS 0x00000000a9f00000, 0x00000000a9f00000| Untracked 
| 160|0x00000000aa000000, 0x00000000aa000000, 0x00000000aa100000|  0%| F|  |TAMS 0x00000000aa000000, 0x00000000aa000000| Untracked 
| 161|0x00000000aa100000, 0x00000000aa100000, 0x00000000aa200000|  0%| F|  |TAMS 0x00000000aa100000, 0x00000000aa100000| Untracked 
| 162|0x00000000aa200000, 0x00000000aa200000, 0x00000000aa300000|  0%| F|  |TAMS 0x00000000aa200000, 0x00000000aa200000| Untracked 
| 163|0x00000000aa300000, 0x00000000aa300000, 0x00000000aa400000|  0%| F|  |TAMS 0x00000000aa300000, 0x00000000aa300000| Untracked 
| 164|0x00000000aa400000, 0x00000000aa400000, 0x00000000aa500000|  0%| F|  |TAMS 0x00000000aa400000, 0x00000000aa400000| Untracked 
| 165|0x00000000aa500000, 0x00000000aa500000, 0x00000000aa600000|  0%| F|  |TAMS 0x00000000aa500000, 0x00000000aa500000| Untracked 
| 166|0x00000000aa600000, 0x00000000aa600000, 0x00000000aa700000|  0%| F|  |TAMS 0x00000000aa600000, 0x00000000aa600000| Untracked 
| 167|0x00000000aa700000, 0x00000000aa700000, 0x00000000aa800000|  0%| F|  |TAMS 0x00000000aa700000, 0x00000000aa700000| Untracked 
| 168|0x00000000aa800000, 0x00000000aa800000, 0x00000000aa900000|  0%| F|  |TAMS 0x00000000aa800000, 0x00000000aa800000| Untracked 
| 169|0x00000000aa900000, 0x00000000aa900000, 0x00000000aaa00000|  0%| F|  |TAMS 0x00000000aa900000, 0x00000000aa900000| Untracked 
| 170|0x00000000aaa00000, 0x00000000aaa00000, 0x00000000aab00000|  0%| F|  |TAMS 0x00000000aaa00000, 0x00000000aaa00000| Untracked 
| 171|0x00000000aab00000, 0x00000000aab00000, 0x00000000aac00000|  0%| F|  |TAMS 0x00000000aab00000, 0x00000000aab00000| Untracked 
| 172|0x00000000aac00000, 0x00000000aac82f40, 0x00000000aad00000| 51%| S|CS|TAMS 0x00000000aac00000, 0x00000000aac00000| Complete 
| 173|0x00000000aad00000, 0x00000000aad00000, 0x00000000aae00000|  0%| F|  |TAMS 0x00000000aad00000, 0x00000000aad00000| Untracked 
| 174|0x00000000aae00000, 0x00000000aae00000, 0x00000000aaf00000|  0%| F|  |TAMS 0x00000000aae00000, 0x00000000aae00000| Untracked 
| 175|0x00000000aaf00000, 0x00000000aaf00000, 0x00000000ab000000|  0%| F|  |TAMS 0x00000000aaf00000, 0x00000000aaf00000| Untracked 
| 176|0x00000000ab000000, 0x00000000ab000000, 0x00000000ab100000|  0%| F|  |TAMS 0x00000000ab000000, 0x00000000ab000000| Untracked 
| 177|0x00000000ab100000, 0x00000000ab200000, 0x00000000ab200000|100%| S|CS|TAMS 0x00000000ab100000, 0x00000000ab100000| Complete 
| 178|0x00000000ab200000, 0x00000000ab200000, 0x00000000ab300000|  0%| F|  |TAMS 0x00000000ab200000, 0x00000000ab200000| Untracked 
| 179|0x00000000ab300000, 0x00000000ab300000, 0x00000000ab400000|  0%| F|  |TAMS 0x00000000ab300000, 0x00000000ab300000| Untracked 
| 180|0x00000000ab400000, 0x00000000ab500000, 0x00000000ab500000|100%| S|CS|TAMS 0x00000000ab400000, 0x00000000ab400000| Complete 
| 181|0x00000000ab500000, 0x00000000ab600000, 0x00000000ab600000|100%| S|CS|TAMS 0x00000000ab500000, 0x00000000ab500000| Complete 
| 182|0x00000000ab600000, 0x00000000ab600000, 0x00000000ab700000|  0%| F|  |TAMS 0x00000000ab600000, 0x00000000ab600000| Untracked 
| 183|0x00000000ab700000, 0x00000000ab700000, 0x00000000ab800000|  0%| F|  |TAMS 0x00000000ab700000, 0x00000000ab700000| Untracked 
| 184|0x00000000ab800000, 0x00000000ab800000, 0x00000000ab900000|  0%| F|  |TAMS 0x00000000ab800000, 0x00000000ab800000| Untracked 
| 185|0x00000000ab900000, 0x00000000ab900000, 0x00000000aba00000|  0%| F|  |TAMS 0x00000000ab900000, 0x00000000ab900000| Untracked 
| 186|0x00000000aba00000, 0x00000000aba00000, 0x00000000abb00000|  0%| F|  |TAMS 0x00000000aba00000, 0x00000000aba00000| Untracked 
| 187|0x00000000abb00000, 0x00000000abb00000, 0x00000000abc00000|  0%| F|  |TAMS 0x00000000abb00000, 0x00000000abb00000| Untracked 
| 188|0x00000000abc00000, 0x00000000abc00000, 0x00000000abd00000|  0%| F|  |TAMS 0x00000000abc00000, 0x00000000abc00000| Untracked 
| 189|0x00000000abd00000, 0x00000000abd00000, 0x00000000abe00000|  0%| F|  |TAMS 0x00000000abd00000, 0x00000000abd00000| Untracked 
| 190|0x00000000abe00000, 0x00000000abe00000, 0x00000000abf00000|  0%| F|  |TAMS 0x00000000abe00000, 0x00000000abe00000| Untracked 
| 191|0x00000000abf00000, 0x00000000abf00000, 0x00000000ac000000|  0%| F|  |TAMS 0x00000000abf00000, 0x00000000abf00000| Untracked 
| 192|0x00000000ac000000, 0x00000000ac000000, 0x00000000ac100000|  0%| F|  |TAMS 0x00000000ac000000, 0x00000000ac000000| Untracked 
| 193|0x00000000ac100000, 0x00000000ac100000, 0x00000000ac200000|  0%| F|  |TAMS 0x00000000ac100000, 0x00000000ac100000| Untracked 
| 194|0x00000000ac200000, 0x00000000ac200000, 0x00000000ac300000|  0%| F|  |TAMS 0x00000000ac200000, 0x00000000ac200000| Untracked 
| 195|0x00000000ac300000, 0x00000000ac300000, 0x00000000ac400000|  0%| F|  |TAMS 0x00000000ac300000, 0x00000000ac300000| Untracked 
| 196|0x00000000ac400000, 0x00000000ac400000, 0x00000000ac500000|  0%| F|  |TAMS 0x00000000ac400000, 0x00000000ac400000| Untracked 
| 197|0x00000000ac500000, 0x00000000ac500000, 0x00000000ac600000|  0%| F|  |TAMS 0x00000000ac500000, 0x00000000ac500000| Untracked 
| 198|0x00000000ac600000, 0x00000000ac600000, 0x00000000ac700000|  0%| F|  |TAMS 0x00000000ac600000, 0x00000000ac600000| Untracked 
| 199|0x00000000ac700000, 0x00000000ac700000, 0x00000000ac800000|  0%| F|  |TAMS 0x00000000ac700000, 0x00000000ac700000| Untracked 
| 200|0x00000000ac800000, 0x00000000ac800000, 0x00000000ac900000|  0%| F|  |TAMS 0x00000000ac800000, 0x00000000ac800000| Untracked 
| 201|0x00000000ac900000, 0x00000000ac900000, 0x00000000aca00000|  0%| F|  |TAMS 0x00000000ac900000, 0x00000000ac900000| Untracked 
| 202|0x00000000aca00000, 0x00000000aca00000, 0x00000000acb00000|  0%| F|  |TAMS 0x00000000aca00000, 0x00000000aca00000| Untracked 
| 203|0x00000000acb00000, 0x00000000acb00000, 0x00000000acc00000|  0%| F|  |TAMS 0x00000000acb00000, 0x00000000acb00000| Untracked 
| 204|0x00000000acc00000, 0x00000000acc00000, 0x00000000acd00000|  0%| F|  |TAMS 0x00000000acc00000, 0x00000000acc00000| Untracked 
| 205|0x00000000acd00000, 0x00000000acd00000, 0x00000000ace00000|  0%| F|  |TAMS 0x00000000acd00000, 0x00000000acd00000| Untracked 
| 206|0x00000000ace00000, 0x00000000ace00000, 0x00000000acf00000|  0%| F|  |TAMS 0x00000000ace00000, 0x00000000ace00000| Untracked 
| 207|0x00000000acf00000, 0x00000000acf00000, 0x00000000ad000000|  0%| F|  |TAMS 0x00000000acf00000, 0x00000000acf00000| Untracked 
| 208|0x00000000ad000000, 0x00000000ad000000, 0x00000000ad100000|  0%| F|  |TAMS 0x00000000ad000000, 0x00000000ad000000| Untracked 
| 209|0x00000000ad100000, 0x00000000ad100000, 0x00000000ad200000|  0%| F|  |TAMS 0x00000000ad100000, 0x00000000ad100000| Untracked 
| 210|0x00000000ad200000, 0x00000000ad200000, 0x00000000ad300000|  0%| F|  |TAMS 0x00000000ad200000, 0x00000000ad200000| Untracked 
| 211|0x00000000ad300000, 0x00000000ad300000, 0x00000000ad400000|  0%| F|  |TAMS 0x00000000ad300000, 0x00000000ad300000| Untracked 
| 212|0x00000000ad400000, 0x00000000ad400000, 0x00000000ad500000|  0%| F|  |TAMS 0x00000000ad400000, 0x00000000ad400000| Untracked 
| 213|0x00000000ad500000, 0x00000000ad500000, 0x00000000ad600000|  0%| F|  |TAMS 0x00000000ad500000, 0x00000000ad500000| Untracked 
| 214|0x00000000ad600000, 0x00000000ad600000, 0x00000000ad700000|  0%| F|  |TAMS 0x00000000ad600000, 0x00000000ad600000| Untracked 
| 215|0x00000000ad700000, 0x00000000ad700000, 0x00000000ad800000|  0%| F|  |TAMS 0x00000000ad700000, 0x00000000ad700000| Untracked 
| 216|0x00000000ad800000, 0x00000000ad800000, 0x00000000ad900000|  0%| F|  |TAMS 0x00000000ad800000, 0x00000000ad800000| Untracked 
| 217|0x00000000ad900000, 0x00000000ad900000, 0x00000000ada00000|  0%| F|  |TAMS 0x00000000ad900000, 0x00000000ad900000| Untracked 
| 218|0x00000000ada00000, 0x00000000ada00000, 0x00000000adb00000|  0%| F|  |TAMS 0x00000000ada00000, 0x00000000ada00000| Untracked 
| 219|0x00000000adb00000, 0x00000000adb00000, 0x00000000adc00000|  0%| F|  |TAMS 0x00000000adb00000, 0x00000000adb00000| Untracked 

Card table byte_map: [0x000000d740d90000,0x000000d741090000] _byte_map_base: 0x000000d740890000

Marking Bits (Prev, Next): (CMBitMap*) 0x000000d72e00b958, (CMBitMap*) 0x000000d72e00b990
 Prev Bits: [0x000000d741390000, 0x000000d742b90000)
 Next Bits: [0x000000d742b90000, 0x000000d744390000)

Polling page: 0x000000d72bdb0000

Metaspace:

Usage:
  Non-class:     87.52 MB capacity,    85.90 MB ( 98%) used,     1.32 MB (  2%) free+waste,   307.00 KB ( <1%) overhead. 
      Class:     13.43 MB capacity,    12.47 MB ( 93%) used,   845.37 KB (  6%) free+waste,   139.06 KB (  1%) overhead. 
       Both:    100.95 MB capacity,    98.37 MB ( 97%) used,     2.15 MB (  2%) free+waste,   446.06 KB ( <1%) overhead. 

Virtual space:
  Non-class space:       88.00 MB reserved,      87.66 MB (>99%) committed 
      Class space:        1.00 GB reserved,      13.45 MB (  1%) committed 
             Both:        1.09 GB reserved,     101.11 MB (  9%) committed 

Chunk freelists:
   Non-Class:  10.00 KB
       Class:  10.00 KB
        Both:  20.00 KB

MaxMetaspaceSize: 17179869184.00 GB
CompressedClassSpaceSize: 1.00 GB

CodeHeap 'non-profiled nmethods': size=120064Kb used=6356Kb max_used=6356Kb free=113707Kb
 bounds [0x000000d739550000, 0x000000d739b90000, 0x000000d740a90000]
CodeHeap 'profiled nmethods': size=120000Kb used=30928Kb max_used=30928Kb free=89071Kb
 bounds [0x000000d732020000, 0x000000d733e60000, 0x000000d739550000]
CodeHeap 'non-nmethods': size=5696Kb used=2309Kb max_used=2365Kb free=3386Kb
 bounds [0x000000d731a90000, 0x000000d731d00000, 0x000000d732020000]
 total_blobs=15765 nmethods=14845 adapters=830
 compilation: enabled
              stopped_count=0, restarted_count=0
 full_count=0

Compilation events (20 events):
Event: 55.504 Thread 0x000000d746db4000 nmethod 15318 0x000000d733e52610 code [0x000000d733e52900, 0x000000d733e53398]
Event: 55.504 Thread 0x000000d746db4000 15319       2       com.android.tools.r8.internal.l2::b (77 bytes)
Event: 55.505 Thread 0x000000d746db4000 nmethod 15319 0x000000d733e53990 code [0x000000d733e53b60, 0x000000d733e53db8]
Event: 55.505 Thread 0x000000d746db4000 15310       2       com.android.tools.r8.internal.G3::b (23 bytes)
Event: 55.505 Thread 0x000000d746db4000 nmethod 15310 0x000000d733e53f10 code [0x000000d733e540c0, 0x000000d733e54248]
Event: 55.506 Thread 0x000000d746db4000 15312       1       com.android.tools.r8.internal.Oc::b (2 bytes)
Event: 55.506 Thread 0x000000d746db4000 nmethod 15312 0x000000d739b83c90 code [0x000000d739b83e40, 0x000000d739b83ef8]
Event: 55.506 Thread 0x000000d746db4000 15306       1       com.android.tools.r8.internal.Qs::a2 (3 bytes)
Event: 55.506 Thread 0x000000d746db4000 nmethod 15306 0x000000d739b83f90 code [0x000000d739b84140, 0x000000d739b841f8]
Event: 55.506 Thread 0x000000d746db4000 15320       1       java.util.stream.ReferencePipeline$StatefulOp::opIsStateful (2 bytes)
Event: 55.506 Thread 0x000000d746db4000 nmethod 15320 0x000000d739b84290 code [0x000000d739b84440, 0x000000d739b844f8]
Event: 55.506 Thread 0x000000d746db4000 15299       1       com.android.tools.r8.internal.ea::f (2 bytes)
Event: 55.506 Thread 0x000000d746db4000 nmethod 15299 0x000000d739b84590 code [0x000000d739b84740, 0x000000d739b847f8]
Event: 55.506 Thread 0x000000d746db4000 15300       1       com.android.tools.r8.internal.ea::e (2 bytes)
Event: 55.506 Thread 0x000000d746db4000 nmethod 15300 0x000000d739b84890 code [0x000000d739b84a40, 0x000000d739b84af8]
Event: 55.506 Thread 0x000000d746db4000 15301       1       com.android.tools.r8.internal.l4$g::b (5 bytes)
Event: 55.506 Thread 0x000000d746db4000 nmethod 15301 0x000000d739b84b90 code [0x000000d739b84d40, 0x000000d739b84df8]
Event: 55.506 Thread 0x000000d746db4000 15313       1       com.android.tools.r8.internal.aa::d (2 bytes)
Event: 55.506 Thread 0x000000d746db4000 nmethod 15313 0x000000d739b84e90 code [0x000000d739b85040, 0x000000d739b850f8]
Event: 55.507 Thread 0x000000d746db4000 15321 %     3       com.android.tools.r8.ir.regalloc.a::a @ 1405 (3985 bytes)

GC Heap History (20 events):
Event: 51.619 GC heap after
{Heap after GC invocations=58 (full 0):
 garbage-first heap   total 165888K, used 84683K [0x00000000a0000000, 0x0000000100000000)
  region size 1024K, 7 young (7168K), 7 survivors (7168K)
 Metaspace       used 90545K, capacity 92720K, committed 92908K, reserved 1130496K
  class space    used 11309K, capacity 12077K, committed 12108K, reserved 1048576K
}
Event: 52.025 GC heap before
{Heap before GC invocations=58 (full 0):
 garbage-first heap   total 165888K, used 134859K [0x00000000a0000000, 0x0000000100000000)
  region size 1024K, 57 young (58368K), 7 survivors (7168K)
 Metaspace       used 93044K, capacity 95342K, committed 95596K, reserved 1132544K
  class space    used 11663K, capacity 12472K, committed 12492K, reserved 1048576K
}
Event: 52.042 GC heap after
{Heap after GC invocations=59 (full 0):
 garbage-first heap   total 165888K, used 95291K [0x00000000a0000000, 0x0000000100000000)
  region size 1024K, 8 young (8192K), 8 survivors (8192K)
 Metaspace       used 93044K, capacity 95342K, committed 95596K, reserved 1132544K
  class space    used 11663K, capacity 12472K, committed 12492K, reserved 1048576K
}
Event: 52.492 GC heap before
{Heap before GC invocations=59 (full 0):
 garbage-first heap   total 165888K, used 133179K [0x00000000a0000000, 0x0000000100000000)
  region size 1024K, 46 young (47104K), 8 survivors (8192K)
 Metaspace       used 93942K, capacity 96268K, committed 96364K, reserved 1132544K
  class space    used 11782K, capacity 12652K, committed 12748K, reserved 1048576K
}
Event: 52.538 GC heap after
{Heap after GC invocations=60 (full 0):
 garbage-first heap   total 165888K, used 101903K [0x00000000a0000000, 0x0000000100000000)
  region size 1024K, 6 young (6144K), 6 survivors (6144K)
 Metaspace       used 93942K, capacity 96268K, committed 96364K, reserved 1132544K
  class space    used 11782K, capacity 12652K, committed 12748K, reserved 1048576K
}
Event: 53.142 GC heap before
{Heap before GC invocations=60 (full 0):
 garbage-first heap   total 165888K, used 133647K [0x00000000a0000000, 0x0000000100000000)
  region size 1024K, 37 young (37888K), 6 survivors (6144K)
 Metaspace       used 94849K, capacity 97208K, committed 97516K, reserved 1134592K
  class space    used 11896K, capacity 12770K, committed 12876K, reserved 1048576K
}
Event: 53.188 GC heap after
{Heap after GC invocations=61 (full 0):
 garbage-first heap   total 165888K, used 109561K [0x00000000a0000000, 0x0000000100000000)
  region size 1024K, 5 young (5120K), 5 survivors (5120K)
 Metaspace       used 94849K, capacity 97208K, committed 97516K, reserved 1134592K
  class space    used 11896K, capacity 12770K, committed 12876K, reserved 1048576K
}
Event: 53.460 GC heap before
{Heap before GC invocations=62 (full 0):
 garbage-first heap   total 165888K, used 134137K [0x00000000a0000000, 0x0000000100000000)
  region size 1024K, 30 young (30720K), 5 survivors (5120K)
 Metaspace       used 95807K, capacity 98178K, committed 98412K, reserved 1134592K
  class space    used 12020K, capacity 12901K, committed 13004K, reserved 1048576K
}
Event: 53.495 GC heap after
{Heap after GC invocations=63 (full 0):
 garbage-first heap   total 165888K, used 115072K [0x00000000a0000000, 0x0000000100000000)
  region size 1024K, 4 young (4096K), 4 survivors (4096K)
 Metaspace       used 95807K, capacity 98178K, committed 98412K, reserved 1134592K
  class space    used 12020K, capacity 12901K, committed 13004K, reserved 1048576K
}
Event: 53.513 GC heap before
{Heap before GC invocations=63 (full 0):
 garbage-first heap   total 165888K, used 119168K [0x00000000a0000000, 0x0000000100000000)
  region size 1024K, 8 young (8192K), 4 survivors (4096K)
 Metaspace       used 95817K, capacity 98182K, committed 98412K, reserved 1134592K
  class space    used 12022K, capacity 12903K, committed 13004K, reserved 1048576K
}
Event: 53.536 GC heap after
{Heap after GC invocations=64 (full 0):
 garbage-first heap   total 165888K, used 114688K [0x00000000a0000000, 0x0000000100000000)
  region size 1024K, 1 young (1024K), 1 survivors (1024K)
 Metaspace       used 95817K, capacity 98182K, committed 98412K, reserved 1134592K
  class space    used 12022K, capacity 12903K, committed 13004K, reserved 1048576K
}
Event: 53.663 GC heap before
{Heap before GC invocations=64 (full 0):
 garbage-first heap   total 165888K, used 136192K [0x00000000a0000000, 0x0000000100000000)
  region size 1024K, 22 young (22528K), 1 survivors (1024K)
 Metaspace       used 96143K, capacity 98612K, committed 98668K, reserved 1134592K
  class space    used 12077K, capacity 12987K, committed 13004K, reserved 1048576K
}
Event: 53.684 GC heap after
{Heap after GC invocations=65 (full 0):
 garbage-first heap   total 225280K, used 118725K [0x00000000a0000000, 0x0000000100000000)
  region size 1024K, 3 young (3072K), 3 survivors (3072K)
 Metaspace       used 96143K, capacity 98612K, committed 98668K, reserved 1134592K
  class space    used 12077K, capacity 12987K, committed 13004K, reserved 1048576K
}
Event: 53.968 GC heap before
{Heap before GC invocations=65 (full 0):
 garbage-first heap   total 225280K, used 161733K [0x00000000a0000000, 0x0000000100000000)
  region size 1024K, 46 young (47104K), 3 survivors (3072K)
 Metaspace       used 97297K, capacity 99790K, committed 99948K, reserved 1136640K
  class space    used 12284K, capacity 13227K, committed 13260K, reserved 1048576K
}
Event: 54.006 GC heap after
{Heap after GC invocations=66 (full 0):
 garbage-first heap   total 225280K, used 126193K [0x00000000a0000000, 0x0000000100000000)
  region size 1024K, 6 young (6144K), 6 survivors (6144K)
 Metaspace       used 97297K, capacity 99790K, committed 99948K, reserved 1136640K
  class space    used 12284K, capacity 13227K, committed 13260K, reserved 1048576K
}
Event: 54.201 GC heap before
{Heap before GC invocations=66 (full 0):
 garbage-first heap   total 225280K, used 168177K [0x00000000a0000000, 0x0000000100000000)
  region size 1024K, 48 young (49152K), 6 survivors (6144K)
 Metaspace       used 98046K, capacity 100538K, committed 100588K, reserved 1136640K
  class space    used 12398K, capacity 13349K, committed 13388K, reserved 1048576K
}
Event: 54.246 GC heap after
{Heap after GC invocations=67 (full 0):
 garbage-first heap   total 225280K, used 133869K [0x00000000a0000000, 0x0000000100000000)
  region size 1024K, 6 young (6144K), 6 survivors (6144K)
 Metaspace       used 98046K, capacity 100538K, committed 100588K, reserved 1136640K
  class space    used 12398K, capacity 13349K, committed 13388K, reserved 1048576K
}
Event: 54.886 GC heap before
{Heap before GC invocations=67 (full 0):
 garbage-first heap   total 225280K, used 173805K [0x00000000a0000000, 0x0000000100000000)
  region size 1024K, 46 young (47104K), 6 survivors (6144K)
 Metaspace       used 100015K, capacity 102637K, committed 102764K, reserved 1138688K
  class space    used 12715K, capacity 13700K, committed 13772K, reserved 1048576K
}
Event: 54.933 GC heap after
{Heap after GC invocations=68 (full 0):
 garbage-first heap   total 225280K, used 140169K [0x00000000a0000000, 0x0000000100000000)
  region size 1024K, 6 young (6144K), 6 survivors (6144K)
 Metaspace       used 100015K, capacity 102637K, committed 102764K, reserved 1138688K
  class space    used 12715K, capacity 13700K, committed 13772K, reserved 1048576K
}
Event: 55.507 GC heap before
{Heap before GC invocations=68 (full 0):
 garbage-first heap   total 225280K, used 179081K [0x00000000a0000000, 0x0000000100000000)
  region size 1024K, 44 young (45056K), 6 survivors (6144K)
 Metaspace       used 100727K, capacity 103372K, committed 103532K, reserved 1138688K
  class space    used 12765K, capacity 13750K, committed 13772K, reserved 1048576K
}

Deoptimization events (20 events):
Event: 54.409 Thread 0x000000d74df9d800 Uncommon trap: trap_request=0xffffffc6 fr.pc=0x000000d739b3fdcc relative=0x000000000000148c
Event: 54.409 Thread 0x000000d74df9d800 Uncommon trap: reason=bimorphic_or_optimized_type_check action=maybe_recompile pc=0x000000d739b3fdcc method=com.android.tools.r8.graph.G0.a(II[Ljava/lang/Object;I[Ljava/lang/Object;)V @ 66 c2
Event: 54.409 Thread 0x000000d74df9d800 DEOPT PACKING pc=0x000000d739b3fdcc sp=0x000000d751298d70
Event: 54.409 Thread 0x000000d74df9d800 DEOPT UNPACKING pc=0x000000d731ab78af sp=0x000000d751298d38 mode 2
Event: 54.409 Thread 0x000000d74df9d800 Uncommon trap: trap_request=0xffffffc6 fr.pc=0x000000d739b3fdcc relative=0x000000000000148c
Event: 54.409 Thread 0x000000d74df9d800 Uncommon trap: reason=bimorphic_or_optimized_type_check action=maybe_recompile pc=0x000000d739b3fdcc method=com.android.tools.r8.graph.G0.a(II[Ljava/lang/Object;I[Ljava/lang/Object;)V @ 66 c2
Event: 54.409 Thread 0x000000d74df9d800 DEOPT PACKING pc=0x000000d739b3fdcc sp=0x000000d751298d70
Event: 54.409 Thread 0x000000d74df9d800 DEOPT UNPACKING pc=0x000000d731ab78af sp=0x000000d751298d38 mode 2
Event: 54.440 Thread 0x000000d74df9b000 DEOPT PACKING pc=0x000000d733c541c7 sp=0x000000d7513987a0
Event: 54.440 Thread 0x000000d74df9b000 DEOPT UNPACKING pc=0x000000d731ab76ce sp=0x000000d751397c08 mode 0
Event: 54.982 Thread 0x000000d74df9e000 DEOPT PACKING pc=0x000000d733cc2363 sp=0x000000d751499af0
Event: 54.982 Thread 0x000000d74df9e000 DEOPT UNPACKING pc=0x000000d731ab76ce sp=0x000000d751498f88 mode 0
Event: 55.103 Thread 0x000000d74df9e000 Uncommon trap: trap_request=0xffffff7e fr.pc=0x000000d739b27964 relative=0x0000000000000244
Event: 55.103 Thread 0x000000d74df9e000 Uncommon trap: reason=predicate action=maybe_recompile pc=0x000000d739b27964 method=com.android.tools.r8.graph.c0.a([C)I @ 8 c2
Event: 55.103 Thread 0x000000d74df9e000 DEOPT PACKING pc=0x000000d739b27964 sp=0x000000d751499bd0
Event: 55.103 Thread 0x000000d74df9e000 DEOPT UNPACKING pc=0x000000d731ab78af sp=0x000000d751499b58 mode 2
Event: 55.212 Thread 0x000000d74df9d800 DEOPT PACKING pc=0x000000d733c0f6b8 sp=0x000000d75129a7a0
Event: 55.212 Thread 0x000000d74df9d800 DEOPT UNPACKING pc=0x000000d731ab76ce sp=0x000000d751299c58 mode 0
Event: 55.245 Thread 0x000000d74df9a000 DEOPT PACKING pc=0x000000d733c807e3 sp=0x000000d751199d40
Event: 55.245 Thread 0x000000d74df9a000 DEOPT UNPACKING pc=0x000000d731ab76ce sp=0x000000d751199230 mode 0

Classes redefined (0 events):
No events

Internal exceptions (20 events):
Event: 52.222 Thread 0x000000d74df9b000 Exception <a 'java/lang/NoSuchMethodError'{0x00000000a96e04f0}: 'int java.lang.invoke.DirectMethodHandle$Holder.invokeVirtual(java.lang.Object, java.lang.Object, java.lang.Object, java.lang.Object)'> (0x00000000a96e04f0) thrown at [./src/hotspot/share/interpreter/linkResolver.cpp, line 773]
Event: 52.294 Thread 0x000000d74df9b000 Exception <a 'java/lang/NoSuchMethodError'{0x00000000a909cd60}: 'long java.lang.invoke.DirectMethodHandle$Holder.invokeStatic(java.lang.Object, java.lang.Object)'> (0x00000000a909cd60) thrown at [./src/hotspot/share/interpreter/linkResolver.cpp, line 773]
Event: 52.556 Thread 0x000000d74df9b000 Exception <a 'java/lang/IncompatibleClassChangeError'{0x00000000aa1a2df0}: Found class java.lang.Object, but interface was expected> (0x00000000aa1a2df0) thrown at [./src/hotspot/share/interpreter/linkResolver.cpp, line 839]
Event: 52.567 Thread 0x000000d74df9e000 Exception <a 'java/lang/NoSuchMethodError'{0x00000000aa051618}: 'java.lang.Object java.lang.invoke.DirectMethodHandle$Holder.newInvokeSpecial(java.lang.Object, int)'> (0x00000000aa051618) thrown at [./src/hotspot/share/interpreter/linkResolver.cpp, line 773]
Event: 52.567 Thread 0x000000d74df9b000 Exception <a 'java/lang/NoSuchMethodError'{0x00000000aa1ab028}: 'java.lang.Object java.lang.invoke.DirectMethodHandle$Holder.newInvokeSpecial(java.lang.Object, int)'> (0x00000000aa1ab028) thrown at [./src/hotspot/share/interpreter/linkResolver.cpp, line 773]
Event: 52.571 Thread 0x000000d74df9e000 Exception <a 'java/lang/IncompatibleClassChangeError'{0x00000000aa092588}: Found class java.lang.Object, but interface was expected> (0x00000000aa092588) thrown at [./src/hotspot/share/interpreter/linkResolver.cpp, line 839]
Event: 52.572 Thread 0x000000d74df9e000 Exception <a 'java/lang/IncompatibleClassChangeError'{0x00000000aa09c720}: Found class java.lang.Object, but interface was expected> (0x00000000aa09c720) thrown at [./src/hotspot/share/interpreter/linkResolver.cpp, line 839]
Event: 52.721 Thread 0x000000d74df9b000 Exception <a 'java/lang/NoSuchMethodError'{0x00000000a9826018}: 'void java.lang.invoke.DirectMethodHandle$Holder.invokeStatic(java.lang.Object, java.lang.Object, java.lang.Object, int)'> (0x00000000a9826018) thrown at [./src/hotspot/share/interpreter/linkResolver.cpp, line 773]
Event: 52.722 Thread 0x000000d74df9b000 Exception <a 'java/lang/IncompatibleClassChangeError'{0x00000000a98303d0}: Found class java.lang.Object, but interface was expected> (0x00000000a98303d0) thrown at [./src/hotspot/share/interpreter/linkResolver.cpp, line 839]
Event: 52.756 Thread 0x000000d74df9e000 Exception <a 'java/lang/NoSuchMethodError'{0x00000000a977d508}: 'int java.lang.invoke.DirectMethodHandle$Holder.invokeVirtual(java.lang.Object, java.lang.Object, java.lang.Object)'> (0x00000000a977d508) thrown at [./src/hotspot/share/interpreter/linkResolver.cpp, line 773]
Event: 52.825 Thread 0x000000d74df9b000 Exception <a 'java/lang/NoSuchMethodError'{0x00000000a9859a60}: 'int java.lang.invoke.DirectMethodHandle$Holder.invokeVirtual(java.lang.Object, java.lang.Object, java.lang.Object)'> (0x00000000a9859a60) thrown at [./src/hotspot/share/interpreter/linkResolver.cpp, line 773]
Event: 53.644 Thread 0x000000d74df9b000 Exception <a 'java/lang/NoSuchMethodError'{0x00000000a8f329e8}: 'java.lang.Object java.lang.invoke.DirectMethodHandle$Holder.invokeStatic(java.lang.Object, int, java.lang.Object, java.lang.Object)'> (0x00000000a8f329e8) thrown at [./src/hotspot/share/interpreter/linkResolver.cpp, line 773]
Event: 53.697 Thread 0x000000d74df9b000 Exception <a 'java/lang/NoSuchMethodError'{0x00000000adac9000}: 'int java.lang.invoke.DirectMethodHandle$Holder.invokeSpecial(java.lang.Object, java.lang.Object, java.lang.Object, java.lang.Object, java.lang.Object, java.lang.Object, java.lang.Object, java.lang.Object, java.lang.Object)'> (0x00000000adac9000) thrown at [./src/hotspot/share/interpreter/linkResolver.cpp, line 773]
Event: 53.697 Thread 0x000000d74df9a000 Exception <a 'java/lang/NoSuchMethodError'{0x00000000adb59b80}: 'java.lang.Object java.lang.invoke.Invokers$Holder.linkToTargetMethod(java.lang.Object, java.lang.Object, java.lang.Object, java.lang.Object, java.lang.Object, java.lang.Object, java.lang.Object, java.lang.Object)'> (0x00000000adb59b80) thrown at [./src/hotspot/share/interpreter/linkResolver.cpp, line 773]
Event: 53.698 Thread 0x000000d74df9b000 Exception <a 'java/lang/NoSuchMethodError'{0x00000000adad1170}: 'java.lang.Object java.lang.invoke.Invokers$Holder.linkToTargetMethod(java.lang.Object, java.lang.Object, java.lang.Object, java.lang.Object, java.lang.Object, java.lang.Object, java.lang.Object, java.lang.Object)'> (0x00000000adad1170) thrown at [./src/hotspot/share/interpreter/linkResolver.cpp, line 773]
Event: 53.768 Thread 0x000000d74df9b000 Exception <a 'java/lang/NoSuchMethodError'{0x00000000ad1a8070}: 'java.lang.Object java.lang.invoke.Invokers$Holder.linkToTargetMethod(java.lang.Object, java.lang.Object, java.lang.Object, java.lang.Object, java.lang.Object, java.lang.Object, java.lang.Object)'> (0x00000000ad1a8070) thrown at [./src/hotspot/share/interpreter/linkResolver.cpp, line 773]
Event: 53.786 Thread 0x000000d74df9b000 Exception <a 'java/lang/NoSuchMethodError'{0x00000000acfe1af8}: 'int java.lang.invoke.DirectMethodHandle$Holder.invokeSpecial(java.lang.Object, java.lang.Object, java.lang.Object, java.lang.Object, java.lang.Object)'> (0x00000000acfe1af8) thrown at [./src/hotspot/share/interpreter/linkResolver.cpp, line 773]
Event: 53.927 Thread 0x000000d74df9b000 Exception <a 'java/lang/NoSuchMethodError'{0x00000000ab9e1020}: 'java.lang.Object java.lang.invoke.DirectMethodHandle$Holder.invokeVirtual(java.lang.Object, java.lang.Object, int, java.lang.Object)'> (0x00000000ab9e1020) thrown at [./src/hotspot/share/interpreter/linkResolver.cpp, line 773]
Event: 54.041 Thread 0x000000d74df9b000 Exception <a 'java/lang/NoSuchMethodError'{0x00000000ad3c1218}: 'void java.lang.invoke.DirectMethodHandle$Holder.invokeVirtual(java.lang.Object, java.lang.Object, int, java.lang.Object)'> (0x00000000ad3c1218) thrown at [./src/hotspot/share/interpreter/linkResolver.cpp, line 773]
Event: 54.565 Thread 0x000000d74df9e000 Exception <a 'java/lang/NoSuchMethodError'{0x00000000ac21d3c8}: 'java.lang.Object java.lang.invoke.DirectMethodHandle$Holder.invokeInterface(java.lang.Object, java.lang.Object, int)'> (0x00000000ac21d3c8) thrown at [./src/hotspot/share/interpreter/linkResolver.cpp, line 773]

Events (20 events):
Event: 55.434 loading class com/android/tools/r8/internal/GA done
Event: 55.440 loading class com/android/tools/r8/internal/FA$a
Event: 55.440 loading class com/android/tools/r8/internal/FA$a done
Event: 55.471 loading class com/android/tools/r8/internal/GE
Event: 55.471 loading class com/android/tools/r8/internal/GE done
Event: 55.471 loading class com/android/tools/r8/internal/GE
Event: 55.471 loading class com/android/tools/r8/internal/GE done
Event: 55.471 loading class com/android/tools/r8/internal/FE
Event: 55.471 loading class com/android/tools/r8/internal/FE done
Event: 55.471 loading class com/android/tools/r8/code/W0
Event: 55.471 loading class com/android/tools/r8/code/W0 done
Event: 55.471 loading class com/android/tools/r8/code/W0
Event: 55.471 loading class com/android/tools/r8/code/W0 done
Event: 55.472 loading class com/android/tools/r8/code/W0
Event: 55.472 loading class com/android/tools/r8/code/W0 done
Event: 55.472 loading class com/android/tools/r8/code/W0
Event: 55.472 loading class com/android/tools/r8/code/W0 done
Event: 55.472 loading class com/android/tools/r8/code/W0
Event: 55.472 loading class com/android/tools/r8/code/W0 done
Event: 55.507 Executing VM operation: G1CollectForAllocation


Dynamic libraries:
0x00007ff610450000 - 0x00007ff61045a000 	D:\Android studio installation\jre\bin\java.exe
0x00007ffab52d0000 - 0x00007ffab547d000 	C:\Windows\SYSTEM32\ntdll.dll
0x00007ffab3020000 - 0x00007ffab315f000 	C:\Windows\system32\KERNEL32.DLL
0x00007ffab27d0000 - 0x00007ffab28e5000 	C:\Windows\system32\KERNELBASE.dll
0x00007ffaadae0000 - 0x00007ffaadaf9000 	D:\Android studio installation\jre\bin\jli.dll
0x00007ffaa6d70000 - 0x00007ffaa6d87000 	D:\Android studio installation\jre\bin\VCRUNTIME140.dll
0x00007ffaaefc0000 - 0x00007ffaaefc4000 	C:\Windows\SYSTEM32\api-ms-win-crt-stdio-l1-1-0.dll
0x00007ffaae1e0000 - 0x00007ffaae1e4000 	C:\Windows\SYSTEM32\api-ms-win-crt-runtime-l1-1-0.dll
0x00007ffaad790000 - 0x00007ffaad793000 	C:\Windows\SYSTEM32\api-ms-win-crt-environment-l1-1-0.dll
0x00007ffaad550000 - 0x00007ffaad555000 	C:\Windows\SYSTEM32\api-ms-win-crt-math-l1-1-0.dll
0x00007ffaad330000 - 0x00007ffaad333000 	C:\Windows\SYSTEM32\api-ms-win-crt-locale-l1-1-0.dll
0x00007ffaad520000 - 0x00007ffaad523000 	C:\Windows\SYSTEM32\api-ms-win-crt-heap-l1-1-0.dll
0x00007ffaafd90000 - 0x00007ffab000b000 	C:\Windows\WinSxS\amd64_microsoft.windows.common-controls_6595b64144ccf1df_6.0.9600.19394_none_62486577ecb635cf\COMCTL32.dll
0x00007ffab2a10000 - 0x00007ffab2b87000 	C:\Windows\system32\USER32.dll
0x00007ffaad540000 - 0x00007ffaad543000 	C:\Windows\SYSTEM32\api-ms-win-crt-filesystem-l1-1-0.dll
0x00007ffaae1f0000 - 0x00007ffaae1f4000 	C:\Windows\SYSTEM32\api-ms-win-crt-string-l1-1-0.dll
0x00007ffaae1b0000 - 0x00007ffaae1b4000 	C:\Windows\SYSTEM32\api-ms-win-crt-convert-l1-1-0.dll
0x00007ffab4e80000 - 0x00007ffab4f2a000 	C:\Windows\system32\msvcrt.dll
0x00007ffab3160000 - 0x00007ffab32ae000 	C:\Windows\system32\GDI32.dll
0x00007ffaa3ca0000 - 0x00007ffaa3d94000 	C:\Windows\SYSTEM32\ucrtbase.DLL
0x00007ffab5000000 - 0x00007ffab5036000 	C:\Windows\system32\IMM32.DLL
0x00007ffab4d10000 - 0x00007ffab4e61000 	C:\Windows\system32\MSCTF.dll
0x00007ffaa0b00000 - 0x00007ffaa0b9d000 	D:\Android studio installation\jre\bin\msvcp140.dll
0x00007ffaad2e0000 - 0x00007ffaad2e5000 	C:\Windows\SYSTEM32\api-ms-win-crt-multibyte-l1-1-0.dll
0x00007ffaad530000 - 0x00007ffaad533000 	C:\Windows\SYSTEM32\api-ms-win-crt-time-l1-1-0.dll
0x00007ffaad560000 - 0x00007ffaad563000 	C:\Windows\SYSTEM32\api-ms-win-crt-utility-l1-1-0.dll
0x00007ffa990a0000 - 0x00007ffa99b6f000 	D:\Android studio installation\jre\bin\server\jvm.dll
0x00007ffab4c40000 - 0x00007ffab4cea000 	C:\Windows\system32\ADVAPI32.dll
0x00007ffab01b0000 - 0x00007ffab01b9000 	C:\Windows\SYSTEM32\WSOCK32.dll
0x00007ffaab840000 - 0x00007ffaab862000 	C:\Windows\SYSTEM32\WINMM.dll
0x00007ffaaa930000 - 0x00007ffaaa93a000 	C:\Windows\SYSTEM32\VERSION.dll
0x00007ffab4e70000 - 0x00007ffab4e77000 	C:\Windows\system32\PSAPI.DLL
0x00007ffab4aa0000 - 0x00007ffab4af8000 	C:\Windows\SYSTEM32\sechost.dll
0x00007ffab4b00000 - 0x00007ffab4c3a000 	C:\Windows\system32\RPCRT4.dll
0x00007ffab4f90000 - 0x00007ffab4fea000 	C:\Windows\system32\WS2_32.dll
0x00007ffaab770000 - 0x00007ffaab79a000 	C:\Windows\SYSTEM32\WINMMBASE.dll
0x00007ffab2440000 - 0x00007ffab246e000 	C:\Windows\system32\SspiCli.dll
0x00007ffab2db0000 - 0x00007ffab2db9000 	C:\Windows\system32\NSI.dll
0x00007ffab2470000 - 0x00007ffab24bf000 	C:\Windows\SYSTEM32\cfgmgr32.dll
0x00007ffab1190000 - 0x00007ffab11b8000 	C:\Windows\SYSTEM32\DEVOBJ.dll
0x00007ffaad500000 - 0x00007ffaad511000 	D:\Android studio installation\jre\bin\verify.dll
0x00007ffaa4dd0000 - 0x00007ffaa4f59000 	C:\Windows\SYSTEM32\DBGHELP.DLL
0x00007ffaad4d0000 - 0x00007ffaad4f9000 	D:\Android studio installation\jre\bin\java.dll
0x00007ffaad4c0000 - 0x00007ffaad4cb000 	D:\Android studio installation\jre\bin\jimage.dll
0x00007ffaad4a0000 - 0x00007ffaad4b8000 	D:\Android studio installation\jre\bin\zip.dll
0x00007ffab3560000 - 0x00007ffab4a8e000 	C:\Windows\system32\SHELL32.dll
0x00007ffab2b90000 - 0x00007ffab2da2000 	C:\Windows\SYSTEM32\combase.dll
0x00007ffab50b0000 - 0x00007ffab5104000 	C:\Windows\system32\SHLWAPI.dll
0x00007ffab06f0000 - 0x00007ffab07a2000 	C:\Windows\SYSTEM32\SHCORE.dll
0x00007ffab2370000 - 0x00007ffab2385000 	C:\Windows\SYSTEM32\profapi.dll
0x00007ffaad480000 - 0x00007ffaad49a000 	D:\Android studio installation\jre\bin\net.dll
0x00007ffaaa300000 - 0x00007ffaaa3c9000 	C:\Windows\SYSTEM32\WINHTTP.dll
0x00007ffab1c80000 - 0x00007ffab1cd9000 	C:\Windows\system32\mswsock.dll
0x00007ffaad3f0000 - 0x00007ffaad404000 	D:\Android studio installation\jre\bin\nio.dll
0x00007ffaa6d90000 - 0x00007ffaa6db7000 	C:\Users\Design Studio\.gradle\native\8bec1ad78214c89d9ad589b4d07fe93259594b29d510b10fafb7a158f7737e5d\windows-amd64\native-platform.dll
0x00007ffa9b9a0000 - 0x00007ffa9badd000 	C:\Users\Design Studio\.gradle\native\53dbd7edfb1c66fb8903c78663c9afc45aea4f116125fa6feffd364cf09443e8\windows-amd64\native-platform-file-events.dll
0x00007ffaad470000 - 0x00007ffaad47a000 	D:\Android studio installation\jre\bin\management.dll
0x00007ffaad3e0000 - 0x00007ffaad3ec000 	D:\Android studio installation\jre\bin\management_ext.dll
0x00007ffab1ce0000 - 0x00007ffab1d00000 	C:\Windows\SYSTEM32\CRYPTSP.dll
0x00007ffab18b0000 - 0x00007ffab18e6000 	C:\Windows\system32\rsaenh.dll
0x00007ffab1f20000 - 0x00007ffab1f46000 	C:\Windows\SYSTEM32\bcrypt.dll
0x00007ffab19c0000 - 0x00007ffab19e1000 	C:\Windows\SYSTEM32\USERENV.dll
0x00007ffab2240000 - 0x00007ffab22a3000 	C:\Windows\system32\bcryptprimitives.dll
0x00007ffab22b0000 - 0x00007ffab22bb000 	C:\Windows\SYSTEM32\CRYPTBASE.dll
0x00007ffaad060000 - 0x00007ffaad08a000 	C:\Windows\SYSTEM32\IPHLPAPI.DLL
0x00007ffaad040000 - 0x00007ffaad04a000 	C:\Windows\SYSTEM32\WINNSI.DLL
0x00007ffaacad0000 - 0x00007ffaacae6000 	C:\Windows\SYSTEM32\dhcpcsvc6.DLL
0x00007ffaacd10000 - 0x00007ffaacd2a000 	C:\Windows\SYSTEM32\dhcpcsvc.DLL

dbghelp: loaded successfully - version: 4.0.5 - missing functions: none
symbol engine: initialized successfully - sym options: 0x614 - pdb path: .;D:\Android studio installation\jre\bin;C:\Windows\SYSTEM32;C:\Windows\WinSxS\amd64_microsoft.windows.common-controls_6595b64144ccf1df_6.0.9600.19394_none_62486577ecb635cf;D:\Android studio installation\jre\bin\server;C:\Users\Design Studio\.gradle\native\8bec1ad78214c89d9ad589b4d07fe93259594b29d510b10fafb7a158f7737e5d\windows-amd64;C:\Users\Design Studio\.gradle\native\53dbd7edfb1c66fb8903c78663c9afc45aea4f116125fa6feffd364cf09443e8\windows-amd64

VM Arguments:
jvm_args: --add-opens=java.base/java.util=ALL-UNNAMED --add-opens=java.base/java.lang=ALL-UNNAMED --add-opens=java.base/java.lang.invoke=ALL-UNNAMED --add-opens=java.base/java.util=ALL-UNNAMED --add-opens=java.prefs/java.util.prefs=ALL-UNNAMED --add-opens=java.prefs/java.util.prefs=ALL-UNNAMED --add-opens=java.base/java.nio.charset=ALL-UNNAMED --add-opens=java.base/java.net=ALL-UNNAMED --add-opens=java.base/java.util.concurrent.atomic=ALL-UNNAMED -Xmx1536m -Dfile.encoding=windows-1252 -Duser.country=US -Duser.language=en -Duser.variant 
java_command: org.gradle.launcher.daemon.bootstrap.GradleDaemon 7.0.2
java_class_path (initial): C:\Users\Design Studio\.gradle\wrapper\dists\gradle-7.0.2-all\7era6s5ay7zsbhuvl0oc9g94s\gradle-7.0.2\lib\gradle-launcher-7.0.2.jar
Launcher Type: SUN_STANDARD

[Global flags]
     intx CICompilerCount                          = 3                                         {product} {ergonomic}
     uint ConcGCThreads                            = 1                                         {product} {ergonomic}
     uint G1ConcRefinementThreads                  = 4                                         {product} {ergonomic}
   size_t G1HeapRegionSize                         = 1048576                                   {product} {ergonomic}
    uintx GCDrainStackTargetSize                   = 64                                        {product} {ergonomic}
   size_t InitialHeapSize                          = 67108864                                  {product} {ergonomic}
   size_t MarkStackSize                            = 4194304                                   {product} {ergonomic}
   size_t MaxHeapSize                              = 1610612736                                {product} {command line}
   size_t MaxNewSize                               = 965738496                                 {product} {ergonomic}
   size_t MinHeapDeltaBytes                        = 1048576                                   {product} {ergonomic}
    uintx NonNMethodCodeHeapSize                   = 5830732                                {pd product} {ergonomic}
    uintx NonProfiledCodeHeapSize                  = 122913754                              {pd product} {ergonomic}
    uintx ProfiledCodeHeapSize                     = 122913754                              {pd product} {ergonomic}
    uintx ReservedCodeCacheSize                    = 251658240                              {pd product} {ergonomic}
     bool SegmentedCodeCache                       = true                                      {product} {ergonomic}
     bool UseCompressedClassPointers               = true                                 {lp64_product} {ergonomic}
     bool UseCompressedOops                        = true                                 {lp64_product} {ergonomic}
     bool UseG1GC                                  = true                                      {product} {ergonomic}
     bool UseLargePagesIndividualAllocation        = false                                  {pd product} {ergonomic}

Logging:
Log output configuration:
 #0: stdout all=warning uptime,level,tags
 #1: stderr all=off uptime,level,tags

Environment Variables:
PATH=C:\Windows\system32;C:\Windows;C:\Windows\System32\Wbem;C:\Windows\System32\WindowsPowerShell\v1.0\;C:\Program Files\Git\cmd
USERNAME=Design Studio
OS=Windows_NT
PROCESSOR_IDENTIFIER=Intel64 Family 6 Model 69 Stepping 1, GenuineIntel



---------------  S Y S T E M  ---------------

OS: Windows 8.1 , 64 bit Build 9600 (6.3.9600.20172)
OS uptime: 0 days 15:51 hours

CPU:total 4 (initial active 4) (2 cores per cpu, 2 threads per core) family 6 model 69 stepping 1 microcode 0x18, cmov, cx8, fxsr, mmx, sse, sse2, sse3, ssse3, sse4.1, sse4.2, popcnt, avx, avx2, aes, clmul, erms, lzcnt, ht, tsc, tscinvbit, bmi1, bmi2, fma

Memory: 4k page, system-wide physical 4022M (225M free)
TotalPageFile size 7094M (AvailPageFile size 212M)
current process WorkingSet (physical memory assigned to process): 511M, peak: 514M
current process commit charge ("private bytes"): 564M, peak: 784M

vm_info: OpenJDK 64-Bit Server VM (11.0.10+0-b96-7249189) for windows-amd64 JRE (11.0.10+0-b96-7249189), built on Mar 31 2021 21:44:00 by "builder" with MS VC++ 14.0 (VS2015)

END.
